mode: set
gcli2api-go/internal/credential/env_source.go:20.32,24.2 1 0
gcli2api-go/internal/credential/env_source.go:27.35,29.2 1 0
gcli2api-go/internal/credential/env_source.go:38.70,42.35 3 0
gcli2api-go/internal/credential/env_source.go:42.35,44.22 2 0
gcli2api-go/internal/credential/env_source.go:44.22,45.12 1 0
gcli2api-go/internal/credential/env_source.go:47.3,51.40 3 0
gcli2api-go/internal/credential/env_source.go:51.40,52.12 1 0
gcli2api-go/internal/credential/env_source.go:56.3,57.15 2 0
gcli2api-go/internal/credential/env_source.go:57.15,58.12 1 0
gcli2api-go/internal/credential/env_source.go:62.3,62.36 1 0
gcli2api-go/internal/credential/env_source.go:62.36,64.12 2 0
gcli2api-go/internal/credential/env_source.go:68.3,69.17 2 0
gcli2api-go/internal/credential/env_source.go:69.17,71.12 2 0
gcli2api-go/internal/credential/env_source.go:74.3,74.18 1 0
gcli2api-go/internal/credential/env_source.go:74.18,75.12 1 0
gcli2api-go/internal/credential/env_source.go:78.3,79.24 2 0
gcli2api-go/internal/credential/env_source.go:82.2,82.20 1 0
gcli2api-go/internal/credential/env_source.go:82.20,84.3 1 0
gcli2api-go/internal/credential/env_source.go:86.2,86.19 1 0
gcli2api-go/internal/credential/env_source.go:91.79,92.20 1 0
gcli2api-go/internal/credential/env_source.go:92.20,94.3 1 0
gcli2api-go/internal/credential/env_source.go:96.2,100.16 3 0
gcli2api-go/internal/credential/env_source.go:100.16,103.23 2 0
gcli2api-go/internal/credential/env_source.go:103.23,105.4 1 0
gcli2api-go/internal/credential/env_source.go:106.3,106.60 1 0
gcli2api-go/internal/credential/env_source.go:106.60,108.4 1 0
gcli2api-go/internal/credential/env_source.go:112.2,118.56 2 0
gcli2api-go/internal/credential/env_source.go:118.56,120.3 1 0
gcli2api-go/internal/credential/env_source.go:121.2,121.64 1 0
gcli2api-go/internal/credential/env_source.go:121.64,123.3 1 0
gcli2api-go/internal/credential/env_source.go:124.2,124.64 1 0
gcli2api-go/internal/credential/env_source.go:124.64,126.3 1 0
gcli2api-go/internal/credential/env_source.go:127.2,127.62 1 0
gcli2api-go/internal/credential/env_source.go:127.62,129.3 1 0
gcli2api-go/internal/credential/env_source.go:130.2,130.58 1 0
gcli2api-go/internal/credential/env_source.go:130.58,132.3 1 0
gcli2api-go/internal/credential/env_source.go:133.2,133.49 1 0
gcli2api-go/internal/credential/env_source.go:133.49,135.3 1 0
gcli2api-go/internal/credential/env_source.go:138.2,138.26 1 0
gcli2api-go/internal/credential/env_source.go:138.26,140.3 1 0
gcli2api-go/internal/credential/env_source.go:140.8,142.3 1 0
gcli2api-go/internal/credential/env_source.go:145.2,145.52 1 0
gcli2api-go/internal/credential/env_source.go:145.52,147.3 1 0
gcli2api-go/internal/credential/env_source.go:149.2,149.55 1 0
gcli2api-go/internal/credential/env_source.go:149.55,151.3 1 0
gcli2api-go/internal/credential/env_source.go:153.2,153.18 1 0
gcli2api-go/internal/credential/env_source.go:157.71,159.2 1 0
gcli2api-go/internal/credential/env_source.go:162.70,164.2 1 0
gcli2api-go/internal/credential/env_source.go:168.32,170.35 2 0
gcli2api-go/internal/credential/env_source.go:170.35,171.44 1 0
gcli2api-go/internal/credential/env_source.go:171.44,173.4 1 0
gcli2api-go/internal/credential/env_source.go:175.2,175.18 1 0
gcli2api-go/internal/credential/env_source.go:179.37,182.2 2 0
gcli2api-go/internal/credential/health_checker.go:36.79,37.21 1 0
gcli2api-go/internal/credential/health_checker.go:37.21,39.3 1 0
gcli2api-go/internal/credential/health_checker.go:40.2,40.18 1 0
gcli2api-go/internal/credential/health_checker.go:40.18,42.3 1 0
gcli2api-go/internal/credential/health_checker.go:44.2,50.3 1 0
gcli2api-go/internal/credential/health_checker.go:54.94,55.17 1 0
gcli2api-go/internal/credential/health_checker.go:55.17,62.3 1 0
gcli2api-go/internal/credential/health_checker.go:64.2,70.15 3 0
gcli2api-go/internal/credential/health_checker.go:70.15,76.3 5 0
gcli2api-go/internal/credential/health_checker.go:79.2,83.28 3 0
gcli2api-go/internal/credential/health_checker.go:83.28,84.86 1 0
gcli2api-go/internal/credential/health_checker.go:84.86,86.4 1 0
gcli2api-go/internal/credential/health_checker.go:86.9,88.4 1 0
gcli2api-go/internal/credential/health_checker.go:92.2,92.52 1 0
gcli2api-go/internal/credential/health_checker.go:92.52,93.56 1 0
gcli2api-go/internal/credential/health_checker.go:93.56,96.4 2 0
gcli2api-go/internal/credential/health_checker.go:96.9,98.4 1 0
gcli2api-go/internal/credential/health_checker.go:102.2,104.15 2 0
gcli2api-go/internal/credential/health_checker.go:108.83,126.16 3 0
gcli2api-go/internal/credential/health_checker.go:126.16,128.3 1 0
gcli2api-go/internal/credential/health_checker.go:132.2,132.23 1 0
gcli2api-go/internal/credential/health_checker.go:132.23,134.3 1 0
gcli2api-go/internal/credential/health_checker.go:136.2,136.12 1 0
gcli2api-go/internal/credential/health_checker.go:140.88,141.17 1 0
gcli2api-go/internal/credential/health_checker.go:141.17,143.3 1 0
gcli2api-go/internal/credential/health_checker.go:145.2,148.23 2 0
gcli2api-go/internal/credential/health_checker.go:148.23,150.3 1 0
gcli2api-go/internal/credential/health_checker.go:153.2,153.26 1 0
gcli2api-go/internal/credential/health_checker.go:153.26,155.3 1 0
gcli2api-go/internal/credential/health_checker.go:158.2,167.28 9 0
gcli2api-go/internal/credential/health_checker.go:167.28,169.3 1 0
gcli2api-go/internal/credential/health_checker.go:171.2,171.18 1 0
gcli2api-go/internal/credential/health_checker.go:171.18,174.3 2 0
gcli2api-go/internal/credential/health_checker.go:177.2,177.26 1 0
gcli2api-go/internal/credential/health_checker.go:177.26,180.16 3 0
gcli2api-go/internal/credential/health_checker.go:180.16,182.4 1 0
gcli2api-go/internal/credential/health_checker.go:186.2,186.69 1 0
gcli2api-go/internal/credential/health_checker.go:186.69,188.21 2 0
gcli2api-go/internal/credential/health_checker.go:188.21,190.4 1 0
gcli2api-go/internal/credential/health_checker.go:194.2,194.38 1 0
gcli2api-go/internal/credential/health_checker.go:194.38,196.30 2 0
gcli2api-go/internal/credential/health_checker.go:196.30,198.4 1 0
gcli2api-go/internal/credential/health_checker.go:201.2,201.19 1 0
gcli2api-go/internal/credential/health_checker.go:201.19,203.3 1 0
gcli2api-go/internal/credential/health_checker.go:204.2,204.17 1 0
gcli2api-go/internal/credential/health_checker.go:204.17,206.3 1 0
gcli2api-go/internal/credential/health_checker.go:208.2,208.14 1 0
gcli2api-go/internal/credential/health_checker.go:212.114,220.29 5 0
gcli2api-go/internal/credential/health_checker.go:220.29,221.18 1 0
gcli2api-go/internal/credential/health_checker.go:221.18,222.12 1 0
gcli2api-go/internal/credential/health_checker.go:225.3,226.26 2 0
gcli2api-go/internal/credential/health_checker.go:226.26,229.17 3 0
gcli2api-go/internal/credential/health_checker.go:229.17,229.32 1 0
gcli2api-go/internal/credential/health_checker.go:231.4,234.15 4 0
gcli2api-go/internal/credential/health_checker.go:238.2,239.16 2 0
gcli2api-go/internal/credential/health_checker.go:243.78,249.2 4 0
gcli2api-go/internal/credential/health_checker.go:252.68,257.2 3 0
gcli2api-go/internal/credential/health_checker.go:260.39,266.2 4 0
gcli2api-go/internal/credential/health_checker.go:269.68,277.39 6 0
gcli2api-go/internal/credential/health_checker.go:277.39,278.21 1 0
gcli2api-go/internal/credential/health_checker.go:278.21,280.4 1 0
gcli2api-go/internal/credential/health_checker.go:280.9,282.4 1 0
gcli2api-go/internal/credential/health_checker.go:283.3,283.29 1 0
gcli2api-go/internal/credential/health_checker.go:286.2,288.15 3 0
gcli2api-go/internal/credential/health_checker.go:288.15,290.3 1 0
gcli2api-go/internal/credential/health_checker.go:292.2,298.3 1 0
gcli2api-go/internal/credential/manager.go:100.40,102.19 2 0
gcli2api-go/internal/credential/manager.go:102.19,104.3 1 0
gcli2api-go/internal/credential/manager.go:105.2,106.26 2 0
gcli2api-go/internal/credential/manager.go:106.26,108.3 1 0
gcli2api-go/internal/credential/manager.go:108.8,108.42 1 0
gcli2api-go/internal/credential/manager.go:108.42,110.3 1 0
gcli2api-go/internal/credential/manager.go:111.2,111.35 1 0
gcli2api-go/internal/credential/manager.go:111.35,113.3 1 0
gcli2api-go/internal/credential/manager.go:114.2,114.35 1 0
gcli2api-go/internal/credential/manager.go:114.35,116.3 1 0
gcli2api-go/internal/credential/manager.go:117.2,117.35 1 0
gcli2api-go/internal/credential/manager.go:117.35,119.3 1 0
gcli2api-go/internal/credential/manager.go:120.2,120.35 1 0
gcli2api-go/internal/credential/manager.go:120.35,122.3 1 0
gcli2api-go/internal/credential/manager.go:123.2,123.43 1 0
gcli2api-go/internal/credential/manager.go:123.43,125.3 1 0
gcli2api-go/internal/credential/manager.go:127.2,128.19 2 0
gcli2api-go/internal/credential/manager.go:128.19,130.3 1 0
gcli2api-go/internal/credential/manager.go:132.2,133.16 2 0
gcli2api-go/internal/credential/manager.go:133.16,135.3 1 0
gcli2api-go/internal/credential/manager.go:136.2,155.48 2 0
gcli2api-go/internal/credential/manager.go:155.48,157.3 1 0
gcli2api-go/internal/credential/manager.go:159.2,159.12 1 0
gcli2api-go/internal/credential/manager.go:162.67,163.23 1 0
gcli2api-go/internal/credential/manager.go:163.23,165.3 1 0
gcli2api-go/internal/credential/manager.go:166.2,167.30 2 0
gcli2api-go/internal/credential/manager.go:167.30,168.17 1 0
gcli2api-go/internal/credential/manager.go:168.17,170.4 1 0
gcli2api-go/internal/credential/manager.go:172.2,172.19 1 0
gcli2api-go/internal/credential/manager.go:172.19,174.3 1 0
gcli2api-go/internal/credential/manager.go:175.2,175.12 1 0
gcli2api-go/internal/credential/manager.go:178.67,181.37 3 0
gcli2api-go/internal/credential/manager.go:181.37,183.3 1 0
gcli2api-go/internal/credential/manager.go:184.2,184.12 1 0
gcli2api-go/internal/credential/manager.go:187.53,188.32 1 0
gcli2api-go/internal/credential/manager.go:188.32,189.37 1 0
gcli2api-go/internal/credential/manager.go:189.37,191.4 1 0
gcli2api-go/internal/credential/manager.go:193.2,193.12 1 0
gcli2api-go/internal/credential/manager.go:197.57,201.2 3 0
gcli2api-go/internal/credential/manager.go:204.43,206.25 2 0
gcli2api-go/internal/credential/manager.go:206.25,208.3 1 0
gcli2api-go/internal/credential/manager.go:210.2,214.32 4 0
gcli2api-go/internal/credential/manager.go:214.32,216.17 2 0
gcli2api-go/internal/credential/manager.go:216.17,218.12 2 0
gcli2api-go/internal/credential/manager.go:220.3,220.22 1 0
gcli2api-go/internal/credential/manager.go:220.22,221.12 1 0
gcli2api-go/internal/credential/manager.go:223.3,223.30 1 0
gcli2api-go/internal/credential/manager.go:223.30,224.19 1 0
gcli2api-go/internal/credential/manager.go:224.19,225.13 1 0
gcli2api-go/internal/credential/manager.go:227.4,227.21 1 0
gcli2api-go/internal/credential/manager.go:227.21,229.13 2 0
gcli2api-go/internal/credential/manager.go:231.4,231.42 1 0
gcli2api-go/internal/credential/manager.go:231.42,233.13 2 0
gcli2api-go/internal/credential/manager.go:235.4,235.25 1 0
gcli2api-go/internal/credential/manager.go:235.25,237.5 1 0
gcli2api-go/internal/credential/manager.go:238.4,238.58 1 0
gcli2api-go/internal/credential/manager.go:238.58,239.60 1 0
gcli2api-go/internal/credential/manager.go:239.60,241.6 1 0
gcli2api-go/internal/credential/manager.go:242.10,244.5 1 0
gcli2api-go/internal/credential/manager.go:245.4,247.30 3 0
gcli2api-go/internal/credential/manager.go:251.2,251.45 1 0
gcli2api-go/internal/credential/manager.go:251.45,252.51 1 0
gcli2api-go/internal/credential/manager.go:252.51,254.4 1 0
gcli2api-go/internal/credential/manager.go:255.3,255.45 1 0
gcli2api-go/internal/credential/manager.go:258.2,269.12 10 0
gcli2api-go/internal/credential/manager.go:273.53,278.37 4 0
gcli2api-go/internal/credential/manager.go:278.37,280.3 1 0
gcli2api-go/internal/credential/manager.go:281.2,281.15 1 0
gcli2api-go/internal/credential/manager.go:285.68,286.14 1 0
gcli2api-go/internal/credential/manager.go:286.14,288.3 1 0
gcli2api-go/internal/credential/manager.go:289.2,291.37 3 0
gcli2api-go/internal/credential/manager.go:291.37,292.35 1 0
gcli2api-go/internal/credential/manager.go:292.35,294.4 1 0
gcli2api-go/internal/credential/manager.go:296.2,296.19 1 0
gcli2api-go/internal/credential/manager.go:300.58,301.70 1 1
gcli2api-go/internal/credential/manager.go:301.70,304.3 2 1
gcli2api-go/internal/credential/manager.go:305.2,305.16 1 1
gcli2api-go/internal/credential/manager.go:305.16,307.3 1 0
gcli2api-go/internal/credential/manager.go:309.2,312.12 4 1
gcli2api-go/internal/credential/manager.go:316.57,317.70 1 1
gcli2api-go/internal/credential/manager.go:317.70,321.3 3 1
gcli2api-go/internal/credential/manager.go:322.2,322.16 1 1
gcli2api-go/internal/credential/manager.go:322.16,324.3 1 0
gcli2api-go/internal/credential/manager.go:326.2,329.12 4 1
gcli2api-go/internal/credential/manager.go:333.57,335.16 2 1
gcli2api-go/internal/credential/manager.go:335.16,337.3 1 0
gcli2api-go/internal/credential/manager.go:339.2,340.16 2 1
gcli2api-go/internal/credential/manager.go:340.16,341.57 1 0
gcli2api-go/internal/credential/manager.go:341.57,342.55 1 0
gcli2api-go/internal/credential/manager.go:342.55,344.5 1 0
gcli2api-go/internal/credential/manager.go:345.9,345.65 1 0
gcli2api-go/internal/credential/manager.go:345.65,347.4 1 0
gcli2api-go/internal/credential/manager.go:348.8,348.64 1 1
gcli2api-go/internal/credential/manager.go:348.64,350.3 1 0
gcli2api-go/internal/credential/manager.go:351.2,353.19 3 1
gcli2api-go/internal/credential/manager.go:353.19,355.3 1 1
gcli2api-go/internal/credential/manager.go:356.2,356.12 1 1
gcli2api-go/internal/credential/manager.go:360.36,365.37 4 1
gcli2api-go/internal/credential/manager.go:365.37,366.74 1 1
gcli2api-go/internal/credential/manager.go:366.74,368.12 2 1
gcli2api-go/internal/credential/manager.go:370.3,370.32 1 1
gcli2api-go/internal/credential/manager.go:373.2,373.24 1 1
gcli2api-go/internal/credential/manager.go:377.35,381.37 3 1
gcli2api-go/internal/credential/manager.go:381.37,383.3 1 1
gcli2api-go/internal/credential/manager_batch.go:18.53,19.18 1 0
gcli2api-go/internal/credential/manager_batch.go:19.18,21.3 1 0
gcli2api-go/internal/credential/manager_batch.go:22.2,22.22 1 0
gcli2api-go/internal/credential/manager_batch.go:26.104,31.29 4 0
gcli2api-go/internal/credential/manager_batch.go:31.29,33.18 2 0
gcli2api-go/internal/credential/manager_batch.go:33.18,35.12 2 0
gcli2api-go/internal/credential/manager_batch.go:37.3,40.59 4 0
gcli2api-go/internal/credential/manager_batch.go:42.2,44.31 2 0
gcli2api-go/internal/credential/manager_batch.go:44.31,47.3 2 0
gcli2api-go/internal/credential/manager_batch.go:49.2,50.16 2 0
gcli2api-go/internal/credential/manager_batch.go:54.105,59.29 4 0
gcli2api-go/internal/credential/manager_batch.go:59.29,61.18 2 0
gcli2api-go/internal/credential/manager_batch.go:61.18,63.12 2 0
gcli2api-go/internal/credential/manager_batch.go:65.3,67.59 3 0
gcli2api-go/internal/credential/manager_batch.go:69.2,71.31 2 0
gcli2api-go/internal/credential/manager_batch.go:71.31,74.3 2 0
gcli2api-go/internal/credential/manager_batch.go:76.2,77.16 2 0
gcli2api-go/internal/credential/manager_batch.go:81.104,83.29 2 0
gcli2api-go/internal/credential/manager_batch.go:83.29,90.3 2 0
gcli2api-go/internal/credential/manager_batch.go:91.2,92.16 2 0
gcli2api-go/internal/credential/manager_batch.go:96.105,98.29 2 0
gcli2api-go/internal/credential/manager_batch.go:98.29,99.37 1 0
gcli2api-go/internal/credential/manager_batch.go:99.37,104.12 2 0
gcli2api-go/internal/credential/manager_batch.go:106.3,111.4 2 0
gcli2api-go/internal/credential/manager_batch.go:113.2,114.16 2 0
gcli2api-go/internal/credential/manager_batch.go:117.63,118.37 1 0
gcli2api-go/internal/credential/manager_batch.go:118.37,119.35 1 0
gcli2api-go/internal/credential/manager_batch.go:119.35,121.4 1 0
gcli2api-go/internal/credential/manager_batch.go:123.2,123.12 1 0
gcli2api-go/internal/credential/manager_batch.go:126.60,128.28 2 0
gcli2api-go/internal/credential/manager_batch.go:128.28,129.16 1 0
gcli2api-go/internal/credential/manager_batch.go:129.16,131.4 1 0
gcli2api-go/internal/credential/manager_batch.go:133.2,133.14 1 0
gcli2api-go/internal/credential/manager_batch.go:136.61,138.2 1 0
gcli2api-go/internal/credential/manager_concurrency.go:6.49,7.55 1 1
gcli2api-go/internal/credential/manager_concurrency.go:7.55,8.17 1 0
gcli2api-go/internal/credential/manager_concurrency.go:8.18,8.19 0 0
gcli2api-go/internal/credential/manager_concurrency.go:10.2,12.16 3 1
gcli2api-go/internal/credential/manager_concurrency.go:12.16,12.25 1 1
gcli2api-go/internal/credential/manager_concurrency.go:15.61,18.47 3 1
gcli2api-go/internal/credential/manager_concurrency.go:18.47,20.3 1 1
gcli2api-go/internal/credential/manager_concurrency.go:21.2,22.15 2 1
gcli2api-go/internal/credential/manager_concurrency.go:22.15,24.3 1 0
gcli2api-go/internal/credential/manager_concurrency.go:25.2,27.11 3 1
gcli2api-go/internal/credential/manager_concurrency.go:32.51,33.55 1 1
gcli2api-go/internal/credential/manager_concurrency.go:33.55,35.3 1 0
gcli2api-go/internal/credential/manager_concurrency.go:36.2,37.28 2 1
gcli2api-go/internal/credential/manager_events.go:41.51,45.2 3 1
gcli2api-go/internal/credential/manager_events.go:47.72,49.37 2 1
gcli2api-go/internal/credential/manager_events.go:49.37,51.3 1 1
gcli2api-go/internal/credential/manager_events.go:53.2,63.3 2 0
gcli2api-go/internal/credential/manager_events.go:66.63,68.22 2 0
gcli2api-go/internal/credential/manager_events.go:68.22,70.3 1 0
gcli2api-go/internal/credential/manager_events.go:72.2,73.29 2 0
gcli2api-go/internal/credential/manager_events.go:73.29,74.18 1 0
gcli2api-go/internal/credential/manager_events.go:74.18,75.12 1 0
gcli2api-go/internal/credential/manager_events.go:77.3,77.59 1 0
gcli2api-go/internal/credential/manager_events.go:80.2,88.3 1 0
gcli2api-go/internal/credential/manager_events.go:91.62,92.17 1 0
gcli2api-go/internal/credential/manager_events.go:92.17,94.3 1 0
gcli2api-go/internal/credential/manager_events.go:95.2,113.3 3 0
gcli2api-go/internal/credential/manager_locking.go:7.104,8.18 1 1
gcli2api-go/internal/credential/manager_locking.go:8.18,10.3 1 0
gcli2api-go/internal/credential/manager_locking.go:12.2,14.37 3 1
gcli2api-go/internal/credential/manager_locking.go:14.37,15.39 1 1
gcli2api-go/internal/credential/manager_locking.go:15.39,17.9 2 1
gcli2api-go/internal/credential/manager_locking.go:20.2,22.19 2 1
gcli2api-go/internal/credential/manager_locking.go:22.19,24.3 1 0
gcli2api-go/internal/credential/manager_locking.go:26.2,29.19 3 1
gcli2api-go/internal/credential/manager_locking.go:29.19,30.40 1 1
gcli2api-go/internal/credential/manager_locking.go:30.40,32.4 1 0
gcli2api-go/internal/credential/manager_locking.go:35.2,35.20 1 1
gcli2api-go/internal/credential/manager_locking.go:39.90,40.18 1 1
gcli2api-go/internal/credential/manager_locking.go:40.18,42.3 1 0
gcli2api-go/internal/credential/manager_locking.go:44.2,48.37 4 1
gcli2api-go/internal/credential/manager_locking.go:48.37,49.39 1 1
gcli2api-go/internal/credential/manager_locking.go:49.39,51.9 2 1
gcli2api-go/internal/credential/manager_locking.go:55.2,55.15 1 1
gcli2api-go/internal/credential/manager_locking.go:55.15,57.3 1 0
gcli2api-go/internal/credential/manager_locking.go:59.2,61.46 3 1
gcli2api-go/internal/credential/manager_locking.go:61.46,63.3 1 0
gcli2api-go/internal/credential/manager_locking.go:65.2,67.25 3 1
gcli2api-go/internal/credential/manager_locking.go:71.53,74.37 3 0
gcli2api-go/internal/credential/manager_locking.go:74.37,75.39 1 0
gcli2api-go/internal/credential/manager_locking.go:75.39,77.4 1 0
gcli2api-go/internal/credential/manager_locking.go:79.2,79.14 1 0
gcli2api-go/internal/credential/manager_locking.go:83.49,84.14 1 0
gcli2api-go/internal/credential/manager_locking.go:84.14,86.3 1 0
gcli2api-go/internal/credential/manager_locking.go:87.2,87.18 1 0
gcli2api-go/internal/credential/manager_metrics.go:8.46,11.37 3 1
gcli2api-go/internal/credential/manager_metrics.go:11.37,12.24 1 1
gcli2api-go/internal/credential/manager_metrics.go:12.24,15.9 3 1
gcli2api-go/internal/credential/manager_metrics.go:18.2,20.19 2 1
gcli2api-go/internal/credential/manager_metrics.go:20.19,22.3 1 1
gcli2api-go/internal/credential/manager_metrics.go:26.77,29.37 3 1
gcli2api-go/internal/credential/manager_metrics.go:29.37,30.24 1 1
gcli2api-go/internal/credential/manager_metrics.go:30.24,40.18 9 1
gcli2api-go/internal/credential/manager_metrics.go:40.18,42.5 1 1
gcli2api-go/internal/credential/manager_metrics.go:42.10,44.5 1 1
gcli2api-go/internal/credential/manager_metrics.go:45.4,45.9 1 1
gcli2api-go/internal/credential/manager_metrics.go:48.2,50.19 2 1
gcli2api-go/internal/credential/manager_metrics.go:50.19,52.3 1 1
gcli2api-go/internal/credential/manager_persist.go:14.66,15.17 1 0
gcli2api-go/internal/credential/manager_persist.go:15.17,17.3 1 0
gcli2api-go/internal/credential/manager_persist.go:18.2,19.16 2 0
gcli2api-go/internal/credential/manager_persist.go:19.16,21.3 1 0
gcli2api-go/internal/credential/manager_persist.go:22.2,23.16 2 0
gcli2api-go/internal/credential/manager_persist.go:23.16,25.3 1 0
gcli2api-go/internal/credential/manager_persist.go:26.2,27.53 2 0
gcli2api-go/internal/credential/manager_persist.go:27.53,30.3 2 0
gcli2api-go/internal/credential/manager_persist.go:31.2,31.27 1 0
gcli2api-go/internal/credential/manager_persist.go:35.60,36.25 1 0
gcli2api-go/internal/credential/manager_persist.go:36.25,39.3 2 0
gcli2api-go/internal/credential/manager_persist.go:40.2,41.29 2 0
gcli2api-go/internal/credential/manager_persist.go:41.29,43.3 1 0
gcli2api-go/internal/credential/manager_persist.go:44.2,44.23 1 0
gcli2api-go/internal/credential/manager_persist.go:47.72,48.17 1 1
gcli2api-go/internal/credential/manager_persist.go:48.17,50.3 1 0
gcli2api-go/internal/credential/manager_persist.go:51.2,52.18 2 1
gcli2api-go/internal/credential/manager_persist.go:52.18,54.3 1 0
gcli2api-go/internal/credential/manager_persist.go:55.2,55.43 1 1
gcli2api-go/internal/credential/manager_persist.go:55.43,57.3 1 0
gcli2api-go/internal/credential/manager_persist.go:58.2,58.25 1 1
gcli2api-go/internal/credential/manager_persist.go:58.25,61.3 2 1
gcli2api-go/internal/credential/manager_persist.go:62.2,62.55 1 0
gcli2api-go/internal/credential/manager_persist.go:62.55,63.57 1 0
gcli2api-go/internal/credential/manager_persist.go:63.57,64.83 1 0
gcli2api-go/internal/credential/manager_persist.go:64.83,66.5 1 0
gcli2api-go/internal/credential/manager_persist.go:67.4,67.10 1 0
gcli2api-go/internal/credential/manager_persist.go:70.2,70.45 1 0
gcli2api-go/internal/credential/manager_persist.go:73.66,77.12 4 1
gcli2api-go/internal/credential/manager_persist.go:77.12,78.88 1 1
gcli2api-go/internal/credential/manager_persist.go:78.88,80.4 1 0
gcli2api-go/internal/credential/manager_persist.go:82.2,83.13 2 1
gcli2api-go/internal/credential/manager_persist.go:86.90,87.33 1 0
gcli2api-go/internal/credential/manager_persist.go:87.33,89.3 1 0
gcli2api-go/internal/credential/manager_persist.go:90.2,91.16 2 0
gcli2api-go/internal/credential/manager_persist.go:91.16,93.3 1 0
gcli2api-go/internal/credential/manager_persist.go:94.2,94.63 1 0
gcli2api-go/internal/credential/manager_persist.go:94.63,97.3 2 0
gcli2api-go/internal/credential/manager_persist.go:98.2,99.16 2 0
gcli2api-go/internal/credential/manager_persist.go:99.16,102.3 2 0
gcli2api-go/internal/credential/manager_persist.go:103.2,104.59 2 0
gcli2api-go/internal/credential/manager_persist.go:104.59,107.3 2 0
gcli2api-go/internal/credential/manager_persist.go:108.2,108.49 1 0
gcli2api-go/internal/credential/manager_persist.go:108.49,110.3 1 0
gcli2api-go/internal/credential/manager_persist.go:113.56,114.18 1 1
gcli2api-go/internal/credential/manager_persist.go:114.18,116.3 1 0
gcli2api-go/internal/credential/manager_persist.go:117.2,117.25 1 1
gcli2api-go/internal/credential/manager_persist.go:117.25,119.12 2 1
gcli2api-go/internal/credential/manager_persist.go:121.2,121.54 1 0
gcli2api-go/internal/credential/manager_persist.go:121.54,122.57 1 0
gcli2api-go/internal/credential/manager_persist.go:122.57,123.77 1 0
gcli2api-go/internal/credential/manager_persist.go:123.77,125.5 1 0
gcli2api-go/internal/credential/manager_persist.go:126.9,128.4 1 0
gcli2api-go/internal/credential/manager_persist.go:129.8,131.3 1 0
gcli2api-go/internal/credential/manager_persist.go:133.2,135.22 3 1
gcli2api-go/internal/credential/manager_persist.go:138.62,140.16 2 0
gcli2api-go/internal/credential/manager_persist.go:140.16,142.3 1 0
gcli2api-go/internal/credential/manager_persist.go:143.2,143.21 1 0
gcli2api-go/internal/credential/manager_persist.go:146.63,147.21 1 1
gcli2api-go/internal/credential/manager_persist.go:147.21,149.3 1 1
gcli2api-go/internal/credential/manager_persist.go:150.2,151.63 2 0
gcli2api-go/internal/credential/manager_persist.go:151.63,153.3 1 0
gcli2api-go/internal/credential/manager_persist.go:154.2,154.12 1 0
gcli2api-go/internal/credential/manager_recovery.go:12.58,13.28 1 0
gcli2api-go/internal/credential/manager_recovery.go:13.28,16.3 2 0
gcli2api-go/internal/credential/manager_recovery.go:18.2,19.19 2 0
gcli2api-go/internal/credential/manager_recovery.go:19.19,21.3 1 0
gcli2api-go/internal/credential/manager_recovery.go:23.2,23.27 1 0
gcli2api-go/internal/credential/manager_recovery.go:23.27,25.3 1 0
gcli2api-go/internal/credential/manager_recovery.go:27.2,30.12 3 0
gcli2api-go/internal/credential/manager_recovery.go:30.12,31.7 1 0
gcli2api-go/internal/credential/manager_recovery.go:31.7,32.11 1 0
gcli2api-go/internal/credential/manager_recovery.go:33.30,34.39 1 0
gcli2api-go/internal/credential/manager_recovery.go:35.26,37.11 2 0
gcli2api-go/internal/credential/manager_recovery.go:38.22,40.11 2 0
gcli2api-go/internal/credential/manager_recovery.go:47.38,48.29 1 0
gcli2api-go/internal/credential/manager_recovery.go:48.29,54.3 5 0
gcli2api-go/internal/credential/manager_recovery.go:58.68,65.29 6 0
gcli2api-go/internal/credential/manager_recovery.go:65.29,66.24 1 0
gcli2api-go/internal/credential/manager_recovery.go:66.24,70.4 2 0
gcli2api-go/internal/credential/manager_recovery.go:73.2,73.24 1 0
gcli2api-go/internal/credential/manager_recovery.go:73.24,75.3 1 0
gcli2api-go/internal/credential/manager_recovery.go:79.79,82.37 3 0
gcli2api-go/internal/credential/manager_recovery.go:82.37,83.24 1 0
gcli2api-go/internal/credential/manager_recovery.go:83.24,85.9 2 0
gcli2api-go/internal/credential/manager_recovery.go:88.2,90.19 2 0
gcli2api-go/internal/credential/manager_recovery.go:90.19,92.3 1 0
gcli2api-go/internal/credential/manager_recovery.go:94.2,94.79 1 0
gcli2api-go/internal/credential/manager_recovery.go:94.79,95.58 1 0
gcli2api-go/internal/credential/manager_recovery.go:95.58,98.4 2 0
gcli2api-go/internal/credential/manager_recovery.go:101.2,104.12 4 0
gcli2api-go/internal/credential/manager_recovery.go:108.60,115.29 6 0
gcli2api-go/internal/credential/manager_recovery.go:115.29,120.17 4 0
gcli2api-go/internal/credential/manager_recovery.go:120.17,121.60 1 0
gcli2api-go/internal/credential/manager_recovery.go:121.60,123.5 1 0
gcli2api-go/internal/credential/manager_recovery.go:127.2,128.23 2 0
gcli2api-go/internal/credential/manager_recovery.go:132.77,134.2 1 0
gcli2api-go/internal/credential/manager_recovery.go:137.65,143.37 4 0
gcli2api-go/internal/credential/manager_recovery.go:143.37,169.29 3 0
gcli2api-go/internal/credential/manager_recovery.go:169.29,171.4 1 0
gcli2api-go/internal/credential/manager_recovery.go:172.3,173.30 2 0
gcli2api-go/internal/credential/manager_recovery.go:175.2,175.14 1 0
gcli2api-go/internal/credential/manager_refresh.go:16.79,17.27 1 0
gcli2api-go/internal/credential/manager_refresh.go:17.27,18.73 1 0
gcli2api-go/internal/credential/manager_refresh.go:18.73,18.120 1 0
gcli2api-go/internal/credential/manager_refresh.go:20.2,20.45 1 0
gcli2api-go/internal/credential/manager_refresh.go:23.83,26.37 3 0
gcli2api-go/internal/credential/manager_refresh.go:26.37,27.63 1 0
gcli2api-go/internal/credential/manager_refresh.go:27.63,29.9 2 0
gcli2api-go/internal/credential/manager_refresh.go:32.2,33.19 2 0
gcli2api-go/internal/credential/manager_refresh.go:33.19,35.3 1 0
gcli2api-go/internal/credential/manager_refresh.go:37.2,41.64 5 0
gcli2api-go/internal/credential/manager_refresh.go:41.64,44.3 2 0
gcli2api-go/internal/credential/manager_refresh.go:45.2,49.49 4 0
gcli2api-go/internal/credential/manager_refresh.go:49.49,51.3 1 0
gcli2api-go/internal/credential/manager_refresh.go:53.2,55.27 3 0
gcli2api-go/internal/credential/manager_refresh.go:55.27,57.3 1 0
gcli2api-go/internal/credential/manager_refresh.go:58.2,58.28 1 0
gcli2api-go/internal/credential/manager_refresh.go:58.28,60.3 1 0
gcli2api-go/internal/credential/manager_refresh.go:61.2,63.57 2 0
gcli2api-go/internal/credential/manager_refresh.go:63.57,65.3 1 0
gcli2api-go/internal/credential/manager_refresh.go:66.2,67.12 2 0
gcli2api-go/internal/credential/manager_refresh.go:71.58,72.17 1 0
gcli2api-go/internal/credential/manager_refresh.go:72.17,74.3 1 0
gcli2api-go/internal/credential/manager_refresh.go:75.2,76.55 2 0
gcli2api-go/internal/credential/manager_refresh.go:76.55,77.57 1 0
gcli2api-go/internal/credential/manager_refresh.go:77.57,79.4 1 0
gcli2api-go/internal/credential/manager_refresh.go:81.2,81.32 1 0
gcli2api-go/internal/credential/manager_refresh.go:81.32,83.10 2 0
gcli2api-go/internal/credential/manager_refresh.go:83.10,84.12 1 0
gcli2api-go/internal/credential/manager_refresh.go:86.3,86.50 1 0
gcli2api-go/internal/credential/manager_refresh.go:86.50,88.4 1 0
gcli2api-go/internal/credential/manager_refresh.go:89.3,89.24 1 0
gcli2api-go/internal/credential/manager_refresh.go:89.24,91.4 1 0
gcli2api-go/internal/credential/manager_refresh.go:92.3,93.26 2 0
gcli2api-go/internal/credential/manager_refresh.go:93.26,95.4 1 0
gcli2api-go/internal/credential/manager_refresh.go:96.3,98.13 3 0
gcli2api-go/internal/credential/manager_refresh.go:100.2,100.37 1 0
gcli2api-go/internal/credential/manager_refresh.go:103.64,104.21 1 0
gcli2api-go/internal/credential/manager_refresh.go:104.21,106.3 1 0
gcli2api-go/internal/credential/manager_refresh.go:107.2,108.16 2 0
gcli2api-go/internal/credential/manager_refresh.go:108.16,110.3 1 0
gcli2api-go/internal/credential/manager_refresh.go:111.2,112.30 2 0
gcli2api-go/internal/credential/manager_refresh.go:112.30,114.3 1 0
gcli2api-go/internal/credential/manager_refresh.go:115.2,115.56 1 0
gcli2api-go/internal/credential/manager_refresh.go:115.56,117.3 1 0
gcli2api-go/internal/credential/manager_refresh.go:118.2,120.25 3 0
gcli2api-go/internal/credential/manager_refresh.go:120.25,122.3 1 0
gcli2api-go/internal/credential/manager_refresh.go:123.2,123.51 1 0
gcli2api-go/internal/credential/manager_refresh.go:123.51,125.3 1 0
gcli2api-go/internal/credential/manager_refresh.go:126.2,127.12 2 0
gcli2api-go/internal/credential/manager_refresh.go:131.85,135.6 3 0
gcli2api-go/internal/credential/manager_refresh.go:135.6,136.10 1 0
gcli2api-go/internal/credential/manager_refresh.go:137.19,138.31 1 0
gcli2api-go/internal/credential/manager_refresh.go:139.21,140.10 1 0
gcli2api-go/internal/credential/manager_refresh.go:145.61,148.29 2 0
gcli2api-go/internal/credential/manager_refresh.go:148.29,149.79 1 0
gcli2api-go/internal/credential/manager_refresh.go:149.79,150.60 1 0
gcli2api-go/internal/credential/manager_refresh.go:150.60,152.5 1 0
gcli2api-go/internal/credential/manager_refresh.go:158.56,159.41 1 0
gcli2api-go/internal/credential/manager_refresh.go:159.41,161.3 1 0
gcli2api-go/internal/credential/manager_refresh.go:162.2,162.29 1 0
gcli2api-go/internal/credential/manager_refresh.go:162.29,164.3 1 0
gcli2api-go/internal/credential/manager_refresh.go:165.2,165.28 1 0
gcli2api-go/internal/credential/manager_refresh.go:165.28,167.3 1 0
gcli2api-go/internal/credential/manager_refresh.go:168.2,168.29 1 0
gcli2api-go/internal/credential/manager_refresh.go:168.29,170.3 1 0
gcli2api-go/internal/credential/manager_refresh.go:171.2,173.44 2 0
gcli2api-go/internal/credential/manager_selection.go:11.56,15.29 3 1
gcli2api-go/internal/credential/manager_selection.go:15.29,17.3 1 0
gcli2api-go/internal/credential/manager_selection.go:20.2,23.36 3 1
gcli2api-go/internal/credential/manager_selection.go:23.36,27.45 2 1
gcli2api-go/internal/credential/manager_selection.go:27.45,31.12 4 0
gcli2api-go/internal/credential/manager_selection.go:35.3,35.23 1 1
gcli2api-go/internal/credential/manager_selection.go:35.23,37.4 1 1
gcli2api-go/internal/credential/manager_selection.go:39.3,40.13 2 1
gcli2api-go/internal/credential/manager_selection.go:44.2,46.21 3 0
gcli2api-go/internal/credential/manager_selection.go:46.21,49.3 2 0
gcli2api-go/internal/credential/manager_selection.go:51.2,51.59 1 0
gcli2api-go/internal/credential/manager_selection.go:56.81,60.29 3 1
gcli2api-go/internal/credential/manager_selection.go:60.29,62.3 1 0
gcli2api-go/internal/credential/manager_selection.go:65.2,65.42 1 1
gcli2api-go/internal/credential/manager_selection.go:65.42,68.44 3 1
gcli2api-go/internal/credential/manager_selection.go:68.44,69.12 1 1
gcli2api-go/internal/credential/manager_selection.go:71.3,71.23 1 1
gcli2api-go/internal/credential/manager_selection.go:71.23,74.4 2 1
gcli2api-go/internal/credential/manager_selection.go:78.2,78.42 1 0
gcli2api-go/internal/credential/manager_selection.go:78.42,81.44 3 0
gcli2api-go/internal/credential/manager_selection.go:81.44,82.12 1 0
gcli2api-go/internal/credential/manager_selection.go:84.3,85.27 2 0
gcli2api-go/internal/credential/manager_selection.go:89.2,89.61 1 0
gcli2api-go/internal/credential/manager_selection.go:93.52,94.29 1 1
gcli2api-go/internal/credential/manager_selection.go:94.29,96.3 1 0
gcli2api-go/internal/credential/manager_selection.go:98.2,104.37 3 1
gcli2api-go/internal/credential/manager_selection.go:104.37,105.21 1 1
gcli2api-go/internal/credential/manager_selection.go:105.21,110.4 1 1
gcli2api-go/internal/credential/manager_selection.go:113.2,113.22 1 1
gcli2api-go/internal/credential/manager_selection.go:113.22,115.3 1 0
gcli2api-go/internal/credential/manager_selection.go:117.2,117.41 1 1
gcli2api-go/internal/credential/manager_selection.go:117.41,119.3 1 1
gcli2api-go/internal/credential/manager_selection.go:121.2,121.23 1 1
gcli2api-go/internal/credential/manager_watch.go:14.59,15.21 1 0
gcli2api-go/internal/credential/manager_watch.go:15.21,17.3 1 0
gcli2api-go/internal/credential/manager_watch.go:18.2,18.24 1 0
gcli2api-go/internal/credential/manager_watch.go:18.24,20.17 2 0
gcli2api-go/internal/credential/manager_watch.go:20.17,23.4 2 0
gcli2api-go/internal/credential/manager_watch.go:24.3,24.48 1 0
gcli2api-go/internal/credential/manager_watch.go:24.48,28.4 3 0
gcli2api-go/internal/credential/manager_watch.go:29.3,32.70 4 0
gcli2api-go/internal/credential/manager_watch.go:36.77,38.6 2 0
gcli2api-go/internal/credential/manager_watch.go:38.6,39.10 1 0
gcli2api-go/internal/credential/manager_watch.go:40.36,41.11 1 0
gcli2api-go/internal/credential/manager_watch.go:41.11,43.5 1 0
gcli2api-go/internal/credential/manager_watch.go:44.4,44.40 1 0
gcli2api-go/internal/credential/manager_watch.go:44.40,46.5 1 0
gcli2api-go/internal/credential/manager_watch.go:47.36,48.11 1 0
gcli2api-go/internal/credential/manager_watch.go:48.11,50.5 1 0
gcli2api-go/internal/credential/manager_watch.go:51.4,51.55 1 0
gcli2api-go/internal/credential/manager_watch.go:52.21,53.10 1 0
gcli2api-go/internal/credential/manager_watch.go:58.51,61.6 3 0
gcli2api-go/internal/credential/manager_watch.go:61.6,62.10 1 0
gcli2api-go/internal/credential/manager_watch.go:63.21,64.20 1 0
gcli2api-go/internal/credential/manager_watch.go:64.20,66.5 1 0
gcli2api-go/internal/credential/manager_watch.go:67.4,67.10 1 0
gcli2api-go/internal/credential/manager_watch.go:68.21,69.20 1 0
gcli2api-go/internal/credential/manager_watch.go:69.20,72.5 2 0
gcli2api-go/internal/credential/manager_watch.go:72.10,73.22 1 0
gcli2api-go/internal/credential/manager_watch.go:73.22,74.13 1 0
gcli2api-go/internal/credential/manager_watch.go:75.21,75.21 0 0
gcli2api-go/internal/credential/manager_watch.go:76.14,76.14 0 0
gcli2api-go/internal/credential/manager_watch.go:79.5,79.39 1 0
gcli2api-go/internal/credential/manager_watch.go:81.18,82.46 1 0
gcli2api-go/internal/credential/manager_watch.go:82.46,84.5 1 0
gcli2api-go/internal/credential/manager_watch.go:85.4,87.15 3 0
gcli2api-go/internal/credential/manager_watch.go:92.35,93.9 1 0
gcli2api-go/internal/credential/manager_watch.go:94.32,94.32 0 0
gcli2api-go/internal/credential/manager_watch.go:95.10,95.10 0 0
gcli2api-go/internal/credential/manager_watch.go:99.58,100.16 1 0
gcli2api-go/internal/credential/manager_watch.go:100.16,102.3 1 0
gcli2api-go/internal/credential/manager_watch.go:103.2,104.52 2 0
gcli2api-go/internal/credential/manager_watch.go:104.52,106.3 1 0
gcli2api-go/internal/credential/manager_watch.go:107.2,107.41 1 0
gcli2api-go/internal/credential/manager_watch.go:110.51,111.33 1 0
gcli2api-go/internal/credential/manager_watch.go:111.33,113.3 1 0
gcli2api-go/internal/credential/manager_watch.go:114.2,115.61 2 0
gcli2api-go/internal/credential/refresh_coordinator.go:24.52,26.2 1 0
gcli2api-go/internal/credential/refresh_coordinator.go:28.112,29.18 1 0
gcli2api-go/internal/credential/refresh_coordinator.go:29.18,31.3 1 0
gcli2api-go/internal/credential/refresh_coordinator.go:32.2,33.39 2 0
gcli2api-go/internal/credential/refresh_coordinator.go:33.39,37.13 3 0
gcli2api-go/internal/credential/refresh_coordinator.go:37.13,37.41 2 0
gcli2api-go/internal/credential/refresh_coordinator.go:38.3,38.10 1 0
gcli2api-go/internal/credential/refresh_coordinator.go:39.21,40.20 1 0
gcli2api-go/internal/credential/refresh_coordinator.go:41.15,42.16 1 0
gcli2api-go/internal/credential/refresh_coordinator.go:45.2,58.12 11 0
gcli2api-go/internal/credential/source_file.go:21.44,27.2 2 0
gcli2api-go/internal/credential/source_file.go:30.35,32.2 1 0
gcli2api-go/internal/credential/source_file.go:34.36,36.2 1 0
gcli2api-go/internal/credential/source_file.go:39.69,40.17 1 0
gcli2api-go/internal/credential/source_file.go:40.17,42.3 1 0
gcli2api-go/internal/credential/source_file.go:43.2,44.16 2 0
gcli2api-go/internal/credential/source_file.go:44.16,46.3 1 0
gcli2api-go/internal/credential/source_file.go:47.2,48.29 2 0
gcli2api-go/internal/credential/source_file.go:48.29,49.19 1 0
gcli2api-go/internal/credential/source_file.go:49.19,50.12 1 0
gcli2api-go/internal/credential/source_file.go:52.3,52.43 1 0
gcli2api-go/internal/credential/source_file.go:52.43,53.12 1 0
gcli2api-go/internal/credential/source_file.go:55.3,55.69 1 0
gcli2api-go/internal/credential/source_file.go:55.69,56.12 1 0
gcli2api-go/internal/credential/source_file.go:58.3,60.17 3 0
gcli2api-go/internal/credential/source_file.go:60.17,62.12 2 0
gcli2api-go/internal/credential/source_file.go:64.3,65.53 2 0
gcli2api-go/internal/credential/source_file.go:65.53,67.12 2 0
gcli2api-go/internal/credential/source_file.go:69.3,69.20 1 0
gcli2api-go/internal/credential/source_file.go:69.20,71.4 1 0
gcli2api-go/internal/credential/source_file.go:72.3,72.56 1 0
gcli2api-go/internal/credential/source_file.go:72.56,74.4 1 0
gcli2api-go/internal/credential/source_file.go:74.9,74.31 1 0
gcli2api-go/internal/credential/source_file.go:74.31,76.4 1 0
gcli2api-go/internal/credential/source_file.go:77.3,78.31 2 0
gcli2api-go/internal/credential/source_file.go:80.2,80.19 1 0
gcli2api-go/internal/credential/source_file.go:84.70,85.17 1 0
gcli2api-go/internal/credential/source_file.go:85.17,87.3 1 0
gcli2api-go/internal/credential/source_file.go:88.2,88.17 1 0
gcli2api-go/internal/credential/source_file.go:88.17,90.3 1 0
gcli2api-go/internal/credential/source_file.go:91.2,91.19 1 0
gcli2api-go/internal/credential/source_file.go:91.19,93.3 1 0
gcli2api-go/internal/credential/source_file.go:94.2,94.50 1 0
gcli2api-go/internal/credential/source_file.go:94.50,96.3 1 0
gcli2api-go/internal/credential/source_file.go:97.2,99.16 3 0
gcli2api-go/internal/credential/source_file.go:99.16,101.3 1 0
gcli2api-go/internal/credential/source_file.go:102.2,102.56 1 0
gcli2api-go/internal/credential/source_file.go:102.56,104.3 1 0
gcli2api-go/internal/credential/source_file.go:105.2,105.12 1 0
gcli2api-go/internal/credential/source_file.go:109.65,110.17 1 0
gcli2api-go/internal/credential/source_file.go:110.17,112.3 1 0
gcli2api-go/internal/credential/source_file.go:113.2,113.14 1 0
gcli2api-go/internal/credential/source_file.go:113.14,115.3 1 0
gcli2api-go/internal/credential/source_file.go:116.2,117.63 2 0
gcli2api-go/internal/credential/source_file.go:117.63,119.3 1 0
gcli2api-go/internal/credential/source_file.go:120.2,120.12 1 0
gcli2api-go/internal/credential/source_file.go:124.78,125.17 1 0
gcli2api-go/internal/credential/source_file.go:125.17,127.3 1 0
gcli2api-go/internal/credential/source_file.go:128.2,129.16 2 0
gcli2api-go/internal/credential/source_file.go:129.16,131.3 1 0
gcli2api-go/internal/credential/source_file.go:132.2,133.16 2 0
gcli2api-go/internal/credential/source_file.go:133.16,134.25 1 0
gcli2api-go/internal/credential/source_file.go:134.25,136.4 1 0
gcli2api-go/internal/credential/source_file.go:137.3,137.48 1 0
gcli2api-go/internal/credential/source_file.go:139.2,140.53 2 0
gcli2api-go/internal/credential/source_file.go:140.53,142.3 1 0
gcli2api-go/internal/credential/source_file.go:143.2,144.12 2 0
gcli2api-go/internal/credential/source_file.go:148.102,149.33 1 0
gcli2api-go/internal/credential/source_file.go:149.33,151.3 1 0
gcli2api-go/internal/credential/source_file.go:152.2,152.17 1 0
gcli2api-go/internal/credential/source_file.go:152.17,154.3 1 0
gcli2api-go/internal/credential/source_file.go:155.2,155.19 1 0
gcli2api-go/internal/credential/source_file.go:155.19,157.3 1 0
gcli2api-go/internal/credential/source_file.go:158.2,158.50 1 0
gcli2api-go/internal/credential/source_file.go:158.50,160.3 1 0
gcli2api-go/internal/credential/source_file.go:161.2,162.16 2 0
gcli2api-go/internal/credential/source_file.go:162.16,164.3 1 0
gcli2api-go/internal/credential/source_file.go:165.2,166.16 2 0
gcli2api-go/internal/credential/source_file.go:166.16,168.3 1 0
gcli2api-go/internal/credential/source_file.go:169.2,170.55 2 0
gcli2api-go/internal/credential/source_file.go:170.55,172.3 1 0
gcli2api-go/internal/credential/source_file.go:173.2,173.45 1 0
gcli2api-go/internal/credential/source_file.go:173.45,175.3 1 0
gcli2api-go/internal/credential/source_file.go:176.2,176.12 1 0
gcli2api-go/internal/credential/source_file.go:180.70,181.14 1 0
gcli2api-go/internal/credential/source_file.go:181.14,183.3 1 0
gcli2api-go/internal/credential/source_file.go:184.2,185.16 2 0
gcli2api-go/internal/credential/source_file.go:185.16,187.3 1 0
gcli2api-go/internal/credential/source_file.go:188.2,188.63 1 0
gcli2api-go/internal/credential/source_file.go:188.63,190.3 1 0
gcli2api-go/internal/credential/source_file.go:191.2,191.12 1 0
gcli2api-go/internal/credential/source_file.go:194.50,195.29 1 0
gcli2api-go/internal/credential/source_file.go:195.29,197.3 1 0
gcli2api-go/internal/credential/source_file.go:198.2,199.57 2 0
gcli2api-go/internal/credential/source_file.go:202.44,203.28 1 0
gcli2api-go/internal/credential/source_file.go:203.28,205.3 1 0
gcli2api-go/internal/credential/source_file.go:206.2,206.21 1 0
gcli2api-go/internal/credential/state_store.go:21.49,22.41 1 0
gcli2api-go/internal/credential/state_store.go:22.41,24.3 1 0
gcli2api-go/internal/credential/state_store.go:25.2,26.57 2 0
gcli2api-go/internal/credential/state_store.go:29.101,30.33 1 0
gcli2api-go/internal/credential/state_store.go:30.33,32.3 1 0
gcli2api-go/internal/credential/state_store.go:33.2,34.13 2 0
gcli2api-go/internal/credential/state_store.go:34.13,36.3 1 0
gcli2api-go/internal/credential/state_store.go:37.2,37.60 1 0
gcli2api-go/internal/credential/state_store.go:37.60,39.3 1 0
gcli2api-go/internal/credential/state_store.go:40.2,41.16 2 0
gcli2api-go/internal/credential/state_store.go:41.16,43.3 1 0
gcli2api-go/internal/credential/state_store.go:44.2,45.55 2 0
gcli2api-go/internal/credential/state_store.go:45.55,47.3 1 0
gcli2api-go/internal/credential/state_store.go:48.2,48.26 1 0
gcli2api-go/internal/credential/state_store.go:51.97,52.17 1 0
gcli2api-go/internal/credential/state_store.go:52.17,54.3 1 0
gcli2api-go/internal/credential/state_store.go:55.2,56.13 2 0
gcli2api-go/internal/credential/state_store.go:56.13,58.3 1 0
gcli2api-go/internal/credential/state_store.go:59.2,60.16 2 0
gcli2api-go/internal/credential/state_store.go:60.16,62.3 1 0
gcli2api-go/internal/credential/state_store.go:63.2,64.50 2 0
gcli2api-go/internal/credential/state_store.go:64.50,66.3 1 0
gcli2api-go/internal/credential/state_store.go:67.2,67.17 1 0
gcli2api-go/internal/credential/state_store.go:70.73,72.13 2 0
gcli2api-go/internal/credential/state_store.go:72.13,74.3 1 0
gcli2api-go/internal/credential/state_store.go:75.2,76.12 2 0
gcli2api-go/internal/credential/types.go:97.42,98.52 1 1
gcli2api-go/internal/credential/types.go:98.52,100.3 1 1
gcli2api-go/internal/credential/types.go:101.2,101.31 1 0
gcli2api-go/internal/credential/types.go:101.31,103.3 1 0
gcli2api-go/internal/credential/types.go:104.2,104.31 1 0
gcli2api-go/internal/credential/types.go:104.31,106.3 1 0
gcli2api-go/internal/credential/types.go:107.2,107.12 1 0
gcli2api-go/internal/credential/types.go:110.55,115.26 5 1
gcli2api-go/internal/credential/types.go:115.26,117.3 1 1
gcli2api-go/internal/credential/types.go:118.2,118.32 1 1
gcli2api-go/internal/credential/types.go:121.79,122.26 1 1
gcli2api-go/internal/credential/types.go:122.26,125.3 2 1
gcli2api-go/internal/credential/types.go:126.2,126.39 1 1
gcli2api-go/internal/credential/types.go:126.39,129.3 2 0
gcli2api-go/internal/credential/types.go:130.2,131.18 2 1
gcli2api-go/internal/credential/types.go:131.18,133.3 1 0
gcli2api-go/internal/credential/types.go:134.2,135.16 2 1
gcli2api-go/internal/credential/types.go:135.16,137.3 1 1
gcli2api-go/internal/credential/types.go:138.2,140.28 3 1
gcli2api-go/internal/credential/types.go:140.28,142.3 1 0
gcli2api-go/internal/credential/types.go:143.2,143.32 1 1
gcli2api-go/internal/credential/types.go:147.39,148.23 1 1
gcli2api-go/internal/credential/types.go:148.23,150.3 1 0
gcli2api-go/internal/credential/types.go:151.2,151.38 1 1
gcli2api-go/internal/credential/types.go:155.39,160.32 3 1
gcli2api-go/internal/credential/types.go:160.32,162.75 1 1
gcli2api-go/internal/credential/types.go:162.75,165.4 1 0
gcli2api-go/internal/credential/types.go:166.3,166.15 1 1
gcli2api-go/internal/credential/types.go:170.2,170.28 1 1
gcli2api-go/internal/credential/types.go:170.28,172.3 1 0
gcli2api-go/internal/credential/types.go:174.2,174.25 1 1
gcli2api-go/internal/credential/types.go:174.25,176.3 1 0
gcli2api-go/internal/credential/types.go:179.2,179.54 1 1
gcli2api-go/internal/credential/types.go:179.54,181.3 1 1
gcli2api-go/internal/credential/types.go:184.2,184.68 1 1
gcli2api-go/internal/credential/types.go:184.68,185.48 1 0
gcli2api-go/internal/credential/types.go:185.48,187.4 1 0
gcli2api-go/internal/credential/types.go:191.2,191.58 1 1
gcli2api-go/internal/credential/types.go:191.58,193.3 1 0
gcli2api-go/internal/credential/types.go:195.2,195.13 1 1
gcli2api-go/internal/credential/types.go:199.41,204.73 4 1
gcli2api-go/internal/credential/types.go:204.73,207.3 2 0
gcli2api-go/internal/credential/types.go:209.2,212.14 4 1
gcli2api-go/internal/credential/types.go:216.36,229.27 10 1
gcli2api-go/internal/credential/types.go:229.27,231.3 1 0
gcli2api-go/internal/credential/types.go:233.2,233.38 1 1
gcli2api-go/internal/credential/types.go:233.38,234.34 1 0
gcli2api-go/internal/credential/types.go:234.34,236.4 1 0
gcli2api-go/internal/credential/types.go:239.2,246.40 4 1
gcli2api-go/internal/credential/types.go:246.40,249.3 2 1
gcli2api-go/internal/credential/types.go:253.65,255.2 1 1
gcli2api-go/internal/credential/types.go:258.94,270.20 10 1
gcli2api-go/internal/credential/types.go:270.20,272.29 2 1
gcli2api-go/internal/credential/types.go:272.29,274.4 1 0
gcli2api-go/internal/credential/types.go:275.3,275.31 1 1
gcli2api-go/internal/credential/types.go:275.31,277.4 1 0
gcli2api-go/internal/credential/types.go:278.3,278.34 1 1
gcli2api-go/internal/credential/types.go:281.2,284.23 3 1
gcli2api-go/internal/credential/types.go:284.23,286.3 1 0
gcli2api-go/internal/credential/types.go:287.2,288.23 2 1
gcli2api-go/internal/credential/types.go:288.23,290.3 1 0
gcli2api-go/internal/credential/types.go:291.2,292.23 2 1
gcli2api-go/internal/credential/types.go:292.23,294.3 1 0
gcli2api-go/internal/credential/types.go:295.2,296.23 2 1
gcli2api-go/internal/credential/types.go:296.23,298.3 1 0
gcli2api-go/internal/credential/types.go:299.2,300.27 2 1
gcli2api-go/internal/credential/types.go:300.27,302.3 1 0
gcli2api-go/internal/credential/types.go:304.2,308.17 4 1
gcli2api-go/internal/credential/types.go:308.17,309.21 1 1
gcli2api-go/internal/credential/types.go:310.12,311.46 1 1
gcli2api-go/internal/credential/types.go:311.46,315.5 3 1
gcli2api-go/internal/credential/types.go:316.12,317.46 1 1
gcli2api-go/internal/credential/types.go:317.46,321.5 3 1
gcli2api-go/internal/credential/types.go:322.12,323.46 1 1
gcli2api-go/internal/credential/types.go:323.46,327.5 3 1
gcli2api-go/internal/credential/types.go:328.22,329.92 1 1
gcli2api-go/internal/credential/types.go:329.92,333.5 3 1
gcli2api-go/internal/credential/types.go:336.3,336.45 1 1
gcli2api-go/internal/credential/types.go:336.45,340.4 3 1
gcli2api-go/internal/credential/types.go:343.2,343.15 1 1
gcli2api-go/internal/credential/types.go:343.15,347.22 4 1
gcli2api-go/internal/credential/types.go:347.22,349.4 1 1
gcli2api-go/internal/credential/types.go:352.2,353.30 2 1
gcli2api-go/internal/credential/types.go:357.53,361.56 3 1
gcli2api-go/internal/credential/types.go:361.56,363.3 1 1
gcli2api-go/internal/credential/types.go:365.2,368.29 3 1
gcli2api-go/internal/credential/types.go:368.29,370.31 2 1
gcli2api-go/internal/credential/types.go:370.31,372.4 1 1
gcli2api-go/internal/credential/types.go:375.2,376.29 2 1
gcli2api-go/internal/credential/types.go:376.29,378.30 2 1
gcli2api-go/internal/credential/types.go:378.30,380.4 1 1
gcli2api-go/internal/credential/types.go:383.2,384.28 2 1
gcli2api-go/internal/credential/types.go:384.28,386.3 1 1
gcli2api-go/internal/credential/types.go:388.2,389.64 2 1
gcli2api-go/internal/credential/types.go:389.64,391.3 1 1
gcli2api-go/internal/credential/types.go:392.2,392.64 1 1
gcli2api-go/internal/credential/types.go:392.64,394.3 1 1
gcli2api-go/internal/credential/types.go:395.2,395.64 1 1
gcli2api-go/internal/credential/types.go:395.64,397.3 1 1
gcli2api-go/internal/credential/types.go:399.2,400.22 2 1
gcli2api-go/internal/credential/types.go:400.22,402.23 2 1
gcli2api-go/internal/credential/types.go:402.23,404.4 1 1
gcli2api-go/internal/credential/types.go:404.9,404.31 1 1
gcli2api-go/internal/credential/types.go:404.31,406.4 1 1
gcli2api-go/internal/credential/types.go:406.9,406.30 1 1
gcli2api-go/internal/credential/types.go:406.30,408.4 1 1
gcli2api-go/internal/credential/types.go:411.2,412.25 2 1
gcli2api-go/internal/credential/types.go:412.25,414.3 1 1
gcli2api-go/internal/credential/types.go:416.2,417.17 2 1
gcli2api-go/internal/credential/types.go:417.17,419.3 1 1
gcli2api-go/internal/credential/types.go:419.8,419.22 1 1
gcli2api-go/internal/credential/types.go:419.22,421.3 1 0
gcli2api-go/internal/credential/types.go:423.2,423.14 1 1
gcli2api-go/internal/credential/types.go:427.35,449.27 21 1
gcli2api-go/internal/credential/types.go:449.27,451.3 1 0
gcli2api-go/internal/credential/types.go:452.2,452.39 1 1
gcli2api-go/internal/credential/types.go:456.57,460.2 3 1
gcli2api-go/internal/credential/types.go:463.39,467.2 3 0
gcli2api-go/internal/credential/types.go:470.42,480.38 6 1
gcli2api-go/internal/credential/types.go:480.38,482.3 1 1
gcli2api-go/internal/credential/types.go:484.2,517.3 1 1
gcli2api-go/internal/credential/types.go:521.55,548.32 4 1
gcli2api-go/internal/credential/types.go:548.32,550.39 2 1
gcli2api-go/internal/credential/types.go:550.39,552.4 1 1
gcli2api-go/internal/credential/types.go:554.2,554.14 1 1
gcli2api-go/internal/credential/types.go:558.59,559.18 1 0
gcli2api-go/internal/credential/types.go:559.18,561.3 1 0
gcli2api-go/internal/credential/types.go:562.2,586.36 24 0
gcli2api-go/internal/credential/types.go:586.36,588.43 2 0
gcli2api-go/internal/credential/types.go:588.43,590.4 1 0
gcli2api-go/internal/credential/types.go:591.8,593.3 1 0
gcli2api-go/internal/credential/types.go:597.40,601.19 3 1
gcli2api-go/internal/credential/types.go:601.19,603.3 1 0
gcli2api-go/internal/credential/types.go:606.2,606.58 1 1
gcli2api-go/internal/credential/types.go:606.58,608.3 1 0
gcli2api-go/internal/credential/types.go:611.2,611.42 1 1
gcli2api-go/internal/credential/types.go:611.42,613.3 1 1
gcli2api-go/internal/credential/types.go:615.2,615.14 1 0
gcli2api-go/internal/credential/types.go:619.32,639.2 14 1
