mode: set
gcli2api-go/cmd/server/main.go:27.13,33.16 5 0
gcli2api-go/cmd/server/main.go:33.16,35.3 1 0
gcli2api-go/cmd/server/main.go:36.2,36.12 1 0
gcli2api-go/cmd/server/main.go:36.12,39.3 2 0
gcli2api-go/cmd/server/main.go:41.2,41.53 1 0
gcli2api-go/cmd/server/main.go:41.53,43.3 1 0
gcli2api-go/cmd/server/main.go:44.2,44.43 1 0
gcli2api-go/cmd/server/main.go:44.43,46.3 1 0
gcli2api-go/cmd/server/main.go:48.2,49.16 2 0
gcli2api-go/cmd/server/main.go:49.16,51.3 1 0
gcli2api-go/cmd/server/main.go:52.2,52.26 1 0
gcli2api-go/cmd/server/main.go:52.26,53.16 1 0
gcli2api-go/cmd/server/main.go:53.16,54.62 1 0
gcli2api-go/cmd/server/main.go:54.62,56.5 1 0
gcli2api-go/cmd/server/main.go:61.2,62.55 2 0
gcli2api-go/cmd/server/main.go:62.55,67.3 3 0
gcli2api-go/cmd/server/main.go:68.2,70.100 2 0
gcli2api-go/cmd/server/main.go:70.100,72.3 1 0
gcli2api-go/cmd/server/main.go:73.2,81.32 3 0
gcli2api-go/cmd/server/main.go:81.32,83.3 1 0
gcli2api-go/cmd/server/main.go:86.2,86.36 1 0
gcli2api-go/cmd/server/main.go:86.36,90.3 3 0
gcli2api-go/cmd/server/main.go:92.2,111.48 4 0
gcli2api-go/cmd/server/main.go:111.48,113.3 1 0
gcli2api-go/cmd/server/main.go:114.2,115.24 2 0
gcli2api-go/cmd/server/main.go:115.24,116.91 1 0
gcli2api-go/cmd/server/main.go:116.91,118.4 1 0
gcli2api-go/cmd/server/main.go:119.3,119.95 1 0
gcli2api-go/cmd/server/main.go:119.95,121.4 1 0
gcli2api-go/cmd/server/main.go:124.2,128.16 4 0
gcli2api-go/cmd/server/main.go:128.16,135.17 5 0
gcli2api-go/cmd/server/main.go:135.17,138.4 2 0
gcli2api-go/cmd/server/main.go:140.2,140.15 1 0
gcli2api-go/cmd/server/main.go:140.15,141.28 1 0
gcli2api-go/cmd/server/main.go:141.28,143.4 1 0
gcli2api-go/cmd/server/main.go:146.2,146.99 1 0
gcli2api-go/cmd/server/main.go:146.99,148.3 1 0
gcli2api-go/cmd/server/main.go:150.2,150.50 1 0
gcli2api-go/cmd/server/main.go:150.50,152.3 1 0
gcli2api-go/cmd/server/main.go:154.2,157.27 4 0
gcli2api-go/cmd/server/main.go:157.27,159.3 1 0
gcli2api-go/cmd/server/main.go:161.2,163.27 2 0
gcli2api-go/cmd/server/main.go:163.27,165.3 1 0
gcli2api-go/cmd/server/main.go:167.2,182.78 7 0
gcli2api-go/cmd/server/main.go:182.78,186.3 2 0
gcli2api-go/cmd/server/main.go:188.2,191.103 3 0
gcli2api-go/cmd/server/main.go:191.103,193.3 1 0
gcli2api-go/cmd/server/main.go:196.2,196.12 1 0
gcli2api-go/cmd/server/main.go:196.12,198.83 2 0
gcli2api-go/cmd/server/main.go:198.83,201.4 1 0
gcli2api-go/cmd/server/main.go:205.2,205.22 1 0
gcli2api-go/cmd/server/main.go:205.22,206.13 1 0
gcli2api-go/cmd/server/main.go:206.13,208.84 2 0
gcli2api-go/cmd/server/main.go:208.84,210.5 1 0
gcli2api-go/cmd/server/main.go:212.8,214.3 1 0
gcli2api-go/cmd/server/main.go:216.2,225.12 7 0
gcli2api-go/cmd/server/main.go:225.12,225.51 1 0
gcli2api-go/cmd/server/main.go:226.2,226.22 1 0
gcli2api-go/cmd/server/main.go:226.22,227.13 1 0
gcli2api-go/cmd/server/main.go:227.13,227.52 1 0
gcli2api-go/cmd/server/main.go:231.2,232.29 2 0
gcli2api-go/cmd/server/runtime_helpers.go:20.129,21.56 1 1
gcli2api-go/cmd/server/runtime_helpers.go:21.56,23.3 1 1
gcli2api-go/cmd/server/runtime_helpers.go:24.2,26.6 3 0
gcli2api-go/cmd/server/runtime_helpers.go:26.6,27.10 1 0
gcli2api-go/cmd/server/runtime_helpers.go:28.19,29.47 1 0
gcli2api-go/cmd/server/runtime_helpers.go:30.21,31.10 1 0
gcli2api-go/cmd/server/runtime_helpers.go:36.96,37.39 1 1
gcli2api-go/cmd/server/runtime_helpers.go:37.39,39.3 1 1
gcli2api-go/cmd/server/runtime_helpers.go:40.2,42.54 3 0
gcli2api-go/cmd/server/runtime_helpers.go:45.96,46.39 1 1
gcli2api-go/cmd/server/runtime_helpers.go:46.39,48.3 1 1
gcli2api-go/cmd/server/runtime_helpers.go:49.2,50.31 2 0
gcli2api-go/cmd/server/runtime_helpers.go:50.31,52.3 1 0
gcli2api-go/cmd/server/runtime_helpers.go:53.2,54.9 2 0
gcli2api-go/cmd/server/runtime_helpers.go:54.9,56.3 1 0
gcli2api-go/cmd/server/runtime_helpers.go:57.2,58.19 2 0
gcli2api-go/cmd/server/runtime_helpers.go:58.19,60.3 1 0
gcli2api-go/cmd/server/runtime_helpers.go:61.2,61.25 1 0
gcli2api-go/cmd/server/runtime_helpers.go:61.25,63.15 2 0
gcli2api-go/cmd/server/runtime_helpers.go:63.15,64.12 1 0
gcli2api-go/cmd/server/runtime_helpers.go:66.3,68.30 3 0
gcli2api-go/cmd/server/runtime_helpers.go:68.30,70.4 1 0
gcli2api-go/cmd/server/runtime_helpers.go:74.27,75.23 1 1
gcli2api-go/cmd/server/runtime_helpers.go:76.11,77.18 1 1
gcli2api-go/cmd/server/runtime_helpers.go:78.13,79.18 1 1
gcli2api-go/cmd/server/runtime_helpers.go:80.13,81.11 1 1
gcli2api-go/cmd/server/runtime_helpers.go:82.15,83.18 1 1
gcli2api-go/cmd/server/runtime_helpers.go:84.15,85.18 1 1
gcli2api-go/cmd/server/runtime_helpers.go:86.10,87.11 1 1
gcli2api-go/cmd/server/runtime_helpers.go:91.29,92.14 1 1
gcli2api-go/cmd/server/runtime_helpers.go:92.14,94.3 1 1
gcli2api-go/cmd/server/runtime_helpers.go:95.2,95.29 1 1
gcli2api-go/cmd/server/runtime_helpers.go:95.29,97.3 1 1
gcli2api-go/cmd/server/runtime_helpers.go:98.2,99.18 2 1
gcli2api-go/cmd/server/runtime_helpers.go:102.90,104.17 2 1
gcli2api-go/cmd/server/runtime_helpers.go:105.18,107.20 2 1
gcli2api-go/cmd/server/runtime_helpers.go:107.20,109.4 1 0
gcli2api-go/cmd/server/runtime_helpers.go:110.3,112.44 3 1
gcli2api-go/cmd/server/runtime_helpers.go:112.44,114.4 1 0
gcli2api-go/cmd/server/runtime_helpers.go:115.3,115.17 1 1
gcli2api-go/cmd/server/runtime_helpers.go:116.15,118.17 2 0
gcli2api-go/cmd/server/runtime_helpers.go:118.17,120.4 1 0
gcli2api-go/cmd/server/runtime_helpers.go:121.3,122.17 2 0
gcli2api-go/cmd/server/runtime_helpers.go:122.17,124.4 1 0
gcli2api-go/cmd/server/runtime_helpers.go:125.3,125.44 1 0
gcli2api-go/cmd/server/runtime_helpers.go:125.44,127.4 1 0
gcli2api-go/cmd/server/runtime_helpers.go:128.3,128.17 1 0
gcli2api-go/cmd/server/runtime_helpers.go:129.26,131.17 2 0
gcli2api-go/cmd/server/runtime_helpers.go:131.17,133.4 1 0
gcli2api-go/cmd/server/runtime_helpers.go:134.3,134.44 1 0
gcli2api-go/cmd/server/runtime_helpers.go:134.44,136.4 1 0
gcli2api-go/cmd/server/runtime_helpers.go:137.3,137.17 1 0
gcli2api-go/cmd/server/runtime_helpers.go:138.32,140.17 2 0
gcli2api-go/cmd/server/runtime_helpers.go:140.17,142.4 1 0
gcli2api-go/cmd/server/runtime_helpers.go:143.3,143.44 1 0
gcli2api-go/cmd/server/runtime_helpers.go:143.44,145.4 1 0
gcli2api-go/cmd/server/runtime_helpers.go:146.3,146.17 1 0
gcli2api-go/cmd/server/runtime_helpers.go:147.13,149.44 2 0
gcli2api-go/cmd/server/runtime_helpers.go:149.44,151.4 1 0
gcli2api-go/cmd/server/runtime_helpers.go:152.3,152.17 1 0
gcli2api-go/cmd/server/runtime_helpers.go:153.14,154.26 1 1
gcli2api-go/cmd/server/runtime_helpers.go:154.26,155.116 1 0
gcli2api-go/cmd/server/runtime_helpers.go:155.116,156.46 1 0
gcli2api-go/cmd/server/runtime_helpers.go:156.46,159.6 2 0
gcli2api-go/cmd/server/runtime_helpers.go:161.4,161.79 1 0
gcli2api-go/cmd/server/runtime_helpers.go:163.3,163.28 1 1
gcli2api-go/cmd/server/runtime_helpers.go:163.28,164.72 1 0
gcli2api-go/cmd/server/runtime_helpers.go:164.72,165.46 1 0
gcli2api-go/cmd/server/runtime_helpers.go:165.46,168.6 2 0
gcli2api-go/cmd/server/runtime_helpers.go:170.4,170.82 1 0
gcli2api-go/cmd/server/runtime_helpers.go:172.3,172.25 1 1
gcli2api-go/cmd/server/runtime_helpers.go:172.25,173.87 1 0
gcli2api-go/cmd/server/runtime_helpers.go:173.87,174.46 1 0
gcli2api-go/cmd/server/runtime_helpers.go:174.46,177.6 2 0
gcli2api-go/cmd/server/runtime_helpers.go:179.4,179.81 1 0
gcli2api-go/cmd/server/runtime_helpers.go:181.3,183.44 3 1
gcli2api-go/cmd/server/runtime_helpers.go:183.44,185.4 1 0
gcli2api-go/cmd/server/runtime_helpers.go:186.3,187.17 2 1
gcli2api-go/cmd/server/runtime_helpers.go:188.10,189.69 1 1
gcli2api-go/cmd/server/runtime_helpers.go:193.47,194.19 1 1
gcli2api-go/cmd/server/runtime_helpers.go:194.19,196.3 1 1
gcli2api-go/cmd/server/runtime_helpers.go:197.2,199.37 3 1
gcli2api-go/cmd/server/runtime_helpers.go:199.37,201.3 1 1
gcli2api-go/cmd/server/runtime_helpers.go:202.2,202.46 1 1
gcli2api-go/cmd/server/runtime_helpers.go:205.37,206.16 1 1
gcli2api-go/cmd/server/runtime_helpers.go:206.16,208.3 1 1
gcli2api-go/cmd/server/runtime_helpers.go:209.2,209.34 1 1
gcli2api-go/cmd/server/runtime_helpers.go:209.34,211.17 2 1
gcli2api-go/cmd/server/runtime_helpers.go:211.17,213.4 1 1
gcli2api-go/cmd/server/runtime_helpers.go:215.2,215.13 1 1
gcli2api-go/cmd/server/runtime_helpers.go:218.109,219.20 1 1
gcli2api-go/cmd/server/runtime_helpers.go:219.20,221.3 1 1
gcli2api-go/cmd/server/runtime_helpers.go:222.2,222.47 1 1
gcli2api-go/cmd/server/runtime_helpers.go:222.47,224.3 1 1
gcli2api-go/cmd/server/runtime_helpers.go:225.2,226.15 2 0
gcli2api-go/cmd/server/runtime_helpers.go:226.15,228.3 1 0
gcli2api-go/cmd/server/runtime_helpers.go:229.2,230.53 2 0
gcli2api-go/cmd/server/runtime_helpers.go:230.53,232.3 1 0
gcli2api-go/cmd/server/runtime_helpers.go:233.2,234.16 2 0
gcli2api-go/cmd/server/runtime_helpers.go:234.16,236.3 1 0
gcli2api-go/cmd/server/runtime_helpers.go:237.2,240.25 3 0
gcli2api-go/cmd/server/runtime_helpers.go:240.25,241.34 1 0
gcli2api-go/cmd/server/runtime_helpers.go:241.34,242.12 1 0
gcli2api-go/cmd/server/runtime_helpers.go:244.3,245.17 2 0
gcli2api-go/cmd/server/runtime_helpers.go:245.17,247.4 1 0
gcli2api-go/cmd/server/runtime_helpers.go:248.3,249.17 2 0
gcli2api-go/cmd/server/runtime_helpers.go:249.17,251.4 1 0
gcli2api-go/cmd/server/runtime_helpers.go:252.3,255.53 4 0
gcli2api-go/cmd/server/runtime_helpers.go:255.53,256.72 1 0
gcli2api-go/cmd/server/runtime_helpers.go:256.72,257.13 1 0
gcli2api-go/cmd/server/runtime_helpers.go:259.9,259.33 1 0
gcli2api-go/cmd/server/runtime_helpers.go:259.33,261.4 1 0
gcli2api-go/cmd/server/runtime_helpers.go:262.3,262.60 1 0
gcli2api-go/cmd/server/runtime_helpers.go:262.60,264.4 1 0
gcli2api-go/cmd/server/runtime_helpers.go:265.3,265.17 1 0
gcli2api-go/cmd/server/runtime_helpers.go:267.2,267.54 1 0
gcli2api-go/cmd/server/runtime_helpers.go:267.54,268.33 1 0
gcli2api-go/cmd/server/runtime_helpers.go:268.33,269.21 1 0
gcli2api-go/cmd/server/runtime_helpers.go:269.21,270.13 1 0
gcli2api-go/cmd/server/runtime_helpers.go:272.4,273.38 2 0
gcli2api-go/cmd/server/runtime_helpers.go:273.38,274.13 1 0
gcli2api-go/cmd/server/runtime_helpers.go:276.4,277.81 2 0
gcli2api-go/cmd/server/runtime_helpers.go:277.81,278.13 1 0
gcli2api-go/cmd/server/runtime_helpers.go:280.4,280.90 1 0
gcli2api-go/cmd/server/runtime_helpers.go:280.90,282.5 1 0
gcli2api-go/cmd/server/runtime_helpers.go:283.4,283.18 1 0
gcli2api-go/cmd/server/runtime_helpers.go:285.8,287.3 1 0
gcli2api-go/cmd/server/runtime_helpers.go:288.2,288.21 1 0
gcli2api-go/cmd/server/runtime_helpers.go:291.110,292.34 1 0
gcli2api-go/cmd/server/runtime_helpers.go:292.34,294.3 1 0
gcli2api-go/cmd/server/runtime_helpers.go:295.2,295.47 1 0
gcli2api-go/cmd/server/runtime_helpers.go:295.47,297.3 1 0
gcli2api-go/cmd/server/runtime_helpers.go:298.2,301.6 3 0
gcli2api-go/cmd/server/runtime_helpers.go:301.6,302.10 1 0
gcli2api-go/cmd/server/runtime_helpers.go:303.21,304.10 1 0
gcli2api-go/cmd/server/runtime_helpers.go:305.19,307.18 2 0
gcli2api-go/cmd/server/runtime_helpers.go:307.18,309.13 2 0
gcli2api-go/cmd/server/runtime_helpers.go:311.4,311.15 1 0
gcli2api-go/cmd/server/runtime_helpers.go:311.15,312.49 1 0
gcli2api-go/cmd/server/runtime_helpers.go:312.49,314.6 1 0
gcli2api-go/cmd/server/runtime_helpers.go:314.11,316.6 1 0
gcli2api-go/cmd/server/runtime_helpers.go:322.49,324.17 2 1
gcli2api-go/cmd/server/runtime_helpers.go:324.17,326.3 1 1
gcli2api-go/cmd/server/runtime_helpers.go:327.2,329.40 3 1
gcli2api-go/cmd/server/runtime_helpers.go:329.40,331.3 1 1
gcli2api-go/cmd/server/runtime_helpers.go:332.2,332.14 1 1
gcli2api-go/internal/credential/env_source.go:20.32,24.2 1 0
gcli2api-go/internal/credential/env_source.go:27.35,29.2 1 0
gcli2api-go/internal/credential/env_source.go:38.70,42.35 3 0
gcli2api-go/internal/credential/env_source.go:42.35,44.22 2 0
gcli2api-go/internal/credential/env_source.go:44.22,45.12 1 0
gcli2api-go/internal/credential/env_source.go:47.3,51.40 3 0
gcli2api-go/internal/credential/env_source.go:51.40,52.12 1 0
gcli2api-go/internal/credential/env_source.go:56.3,57.15 2 0
gcli2api-go/internal/credential/env_source.go:57.15,58.12 1 0
gcli2api-go/internal/credential/env_source.go:62.3,62.36 1 0
gcli2api-go/internal/credential/env_source.go:62.36,64.12 2 0
gcli2api-go/internal/credential/env_source.go:68.3,69.17 2 0
gcli2api-go/internal/credential/env_source.go:69.17,71.12 2 0
gcli2api-go/internal/credential/env_source.go:74.3,74.18 1 0
gcli2api-go/internal/credential/env_source.go:74.18,75.12 1 0
gcli2api-go/internal/credential/env_source.go:78.3,79.24 2 0
gcli2api-go/internal/credential/env_source.go:82.2,82.20 1 0
gcli2api-go/internal/credential/env_source.go:82.20,84.3 1 0
gcli2api-go/internal/credential/env_source.go:86.2,86.19 1 0
gcli2api-go/internal/credential/env_source.go:91.79,92.20 1 0
gcli2api-go/internal/credential/env_source.go:92.20,94.3 1 0
gcli2api-go/internal/credential/env_source.go:96.2,100.16 3 0
gcli2api-go/internal/credential/env_source.go:100.16,103.23 2 0
gcli2api-go/internal/credential/env_source.go:103.23,105.4 1 0
gcli2api-go/internal/credential/env_source.go:106.3,106.60 1 0
gcli2api-go/internal/credential/env_source.go:106.60,108.4 1 0
gcli2api-go/internal/credential/env_source.go:112.2,118.56 2 0
gcli2api-go/internal/credential/env_source.go:118.56,120.3 1 0
gcli2api-go/internal/credential/env_source.go:121.2,121.64 1 0
gcli2api-go/internal/credential/env_source.go:121.64,123.3 1 0
gcli2api-go/internal/credential/env_source.go:124.2,124.64 1 0
gcli2api-go/internal/credential/env_source.go:124.64,126.3 1 0
gcli2api-go/internal/credential/env_source.go:127.2,127.62 1 0
gcli2api-go/internal/credential/env_source.go:127.62,129.3 1 0
gcli2api-go/internal/credential/env_source.go:130.2,130.58 1 0
gcli2api-go/internal/credential/env_source.go:130.58,132.3 1 0
gcli2api-go/internal/credential/env_source.go:133.2,133.49 1 0
gcli2api-go/internal/credential/env_source.go:133.49,135.3 1 0
gcli2api-go/internal/credential/env_source.go:138.2,138.26 1 0
gcli2api-go/internal/credential/env_source.go:138.26,140.3 1 0
gcli2api-go/internal/credential/env_source.go:140.8,142.3 1 0
gcli2api-go/internal/credential/env_source.go:145.2,145.52 1 0
gcli2api-go/internal/credential/env_source.go:145.52,147.3 1 0
gcli2api-go/internal/credential/env_source.go:149.2,149.55 1 0
gcli2api-go/internal/credential/env_source.go:149.55,151.3 1 0
gcli2api-go/internal/credential/env_source.go:153.2,153.18 1 0
gcli2api-go/internal/credential/env_source.go:157.71,159.2 1 0
gcli2api-go/internal/credential/env_source.go:162.70,164.2 1 0
gcli2api-go/internal/credential/env_source.go:168.32,170.35 2 0
gcli2api-go/internal/credential/env_source.go:170.35,171.44 1 0
gcli2api-go/internal/credential/env_source.go:171.44,173.4 1 0
gcli2api-go/internal/credential/env_source.go:175.2,175.18 1 0
gcli2api-go/internal/credential/env_source.go:179.37,182.2 2 0
gcli2api-go/internal/credential/health_checker.go:36.79,37.21 1 0
gcli2api-go/internal/credential/health_checker.go:37.21,39.3 1 0
gcli2api-go/internal/credential/health_checker.go:40.2,40.18 1 0
gcli2api-go/internal/credential/health_checker.go:40.18,42.3 1 0
gcli2api-go/internal/credential/health_checker.go:44.2,50.3 1 0
gcli2api-go/internal/credential/health_checker.go:54.94,55.17 1 0
gcli2api-go/internal/credential/health_checker.go:55.17,62.3 1 0
gcli2api-go/internal/credential/health_checker.go:64.2,70.15 3 0
gcli2api-go/internal/credential/health_checker.go:70.15,76.3 5 0
gcli2api-go/internal/credential/health_checker.go:79.2,83.28 3 0
gcli2api-go/internal/credential/health_checker.go:83.28,84.86 1 0
gcli2api-go/internal/credential/health_checker.go:84.86,86.4 1 0
gcli2api-go/internal/credential/health_checker.go:86.9,88.4 1 0
gcli2api-go/internal/credential/health_checker.go:92.2,92.52 1 0
gcli2api-go/internal/credential/health_checker.go:92.52,93.56 1 0
gcli2api-go/internal/credential/health_checker.go:93.56,96.4 2 0
gcli2api-go/internal/credential/health_checker.go:96.9,98.4 1 0
gcli2api-go/internal/credential/health_checker.go:102.2,104.15 2 0
gcli2api-go/internal/credential/health_checker.go:108.83,126.16 3 0
gcli2api-go/internal/credential/health_checker.go:126.16,128.3 1 0
gcli2api-go/internal/credential/health_checker.go:132.2,132.23 1 0
gcli2api-go/internal/credential/health_checker.go:132.23,134.3 1 0
gcli2api-go/internal/credential/health_checker.go:136.2,136.12 1 0
gcli2api-go/internal/credential/health_checker.go:140.88,141.17 1 0
gcli2api-go/internal/credential/health_checker.go:141.17,143.3 1 0
gcli2api-go/internal/credential/health_checker.go:145.2,148.23 2 0
gcli2api-go/internal/credential/health_checker.go:148.23,150.3 1 0
gcli2api-go/internal/credential/health_checker.go:153.2,153.26 1 0
gcli2api-go/internal/credential/health_checker.go:153.26,155.3 1 0
gcli2api-go/internal/credential/health_checker.go:158.2,167.28 9 0
gcli2api-go/internal/credential/health_checker.go:167.28,169.3 1 0
gcli2api-go/internal/credential/health_checker.go:171.2,171.18 1 0
gcli2api-go/internal/credential/health_checker.go:171.18,174.3 2 0
gcli2api-go/internal/credential/health_checker.go:177.2,177.26 1 0
gcli2api-go/internal/credential/health_checker.go:177.26,180.16 3 0
gcli2api-go/internal/credential/health_checker.go:180.16,182.4 1 0
gcli2api-go/internal/credential/health_checker.go:186.2,186.69 1 0
gcli2api-go/internal/credential/health_checker.go:186.69,188.21 2 0
gcli2api-go/internal/credential/health_checker.go:188.21,190.4 1 0
gcli2api-go/internal/credential/health_checker.go:194.2,194.38 1 0
gcli2api-go/internal/credential/health_checker.go:194.38,196.30 2 0
gcli2api-go/internal/credential/health_checker.go:196.30,198.4 1 0
gcli2api-go/internal/credential/health_checker.go:201.2,201.19 1 0
gcli2api-go/internal/credential/health_checker.go:201.19,203.3 1 0
gcli2api-go/internal/credential/health_checker.go:204.2,204.17 1 0
gcli2api-go/internal/credential/health_checker.go:204.17,206.3 1 0
gcli2api-go/internal/credential/health_checker.go:208.2,208.14 1 0
gcli2api-go/internal/credential/health_checker.go:212.114,220.29 5 0
gcli2api-go/internal/credential/health_checker.go:220.29,221.18 1 0
gcli2api-go/internal/credential/health_checker.go:221.18,222.12 1 0
gcli2api-go/internal/credential/health_checker.go:225.3,226.26 2 0
gcli2api-go/internal/credential/health_checker.go:226.26,229.17 3 0
gcli2api-go/internal/credential/health_checker.go:229.17,229.32 1 0
gcli2api-go/internal/credential/health_checker.go:231.4,234.15 4 0
gcli2api-go/internal/credential/health_checker.go:238.2,239.16 2 0
gcli2api-go/internal/credential/health_checker.go:243.78,249.2 4 0
gcli2api-go/internal/credential/health_checker.go:252.68,257.2 3 0
gcli2api-go/internal/credential/health_checker.go:260.39,266.2 4 0
gcli2api-go/internal/credential/health_checker.go:269.68,277.39 6 0
gcli2api-go/internal/credential/health_checker.go:277.39,278.21 1 0
gcli2api-go/internal/credential/health_checker.go:278.21,280.4 1 0
gcli2api-go/internal/credential/health_checker.go:280.9,282.4 1 0
gcli2api-go/internal/credential/health_checker.go:283.3,283.29 1 0
gcli2api-go/internal/credential/health_checker.go:286.2,288.15 3 0
gcli2api-go/internal/credential/health_checker.go:288.15,290.3 1 0
gcli2api-go/internal/credential/health_checker.go:292.2,298.3 1 0
gcli2api-go/internal/credential/manager.go:100.40,102.19 2 0
gcli2api-go/internal/credential/manager.go:102.19,104.3 1 0
gcli2api-go/internal/credential/manager.go:105.2,106.26 2 0
gcli2api-go/internal/credential/manager.go:106.26,108.3 1 0
gcli2api-go/internal/credential/manager.go:108.8,108.42 1 0
gcli2api-go/internal/credential/manager.go:108.42,110.3 1 0
gcli2api-go/internal/credential/manager.go:111.2,111.35 1 0
gcli2api-go/internal/credential/manager.go:111.35,113.3 1 0
gcli2api-go/internal/credential/manager.go:114.2,114.35 1 0
gcli2api-go/internal/credential/manager.go:114.35,116.3 1 0
gcli2api-go/internal/credential/manager.go:117.2,117.35 1 0
gcli2api-go/internal/credential/manager.go:117.35,119.3 1 0
gcli2api-go/internal/credential/manager.go:120.2,120.35 1 0
gcli2api-go/internal/credential/manager.go:120.35,122.3 1 0
gcli2api-go/internal/credential/manager.go:123.2,123.43 1 0
gcli2api-go/internal/credential/manager.go:123.43,125.3 1 0
gcli2api-go/internal/credential/manager.go:127.2,128.19 2 0
gcli2api-go/internal/credential/manager.go:128.19,130.3 1 0
gcli2api-go/internal/credential/manager.go:132.2,133.16 2 0
gcli2api-go/internal/credential/manager.go:133.16,135.3 1 0
gcli2api-go/internal/credential/manager.go:136.2,155.48 2 0
gcli2api-go/internal/credential/manager.go:155.48,157.3 1 0
gcli2api-go/internal/credential/manager.go:159.2,159.12 1 0
gcli2api-go/internal/credential/manager.go:162.67,163.23 1 0
gcli2api-go/internal/credential/manager.go:163.23,165.3 1 0
gcli2api-go/internal/credential/manager.go:166.2,167.30 2 0
gcli2api-go/internal/credential/manager.go:167.30,168.17 1 0
gcli2api-go/internal/credential/manager.go:168.17,170.4 1 0
gcli2api-go/internal/credential/manager.go:172.2,172.19 1 0
gcli2api-go/internal/credential/manager.go:172.19,174.3 1 0
gcli2api-go/internal/credential/manager.go:175.2,175.12 1 0
gcli2api-go/internal/credential/manager.go:178.67,181.37 3 0
gcli2api-go/internal/credential/manager.go:181.37,183.3 1 0
gcli2api-go/internal/credential/manager.go:184.2,184.12 1 0
gcli2api-go/internal/credential/manager.go:187.53,188.32 1 0
gcli2api-go/internal/credential/manager.go:188.32,189.37 1 0
gcli2api-go/internal/credential/manager.go:189.37,191.4 1 0
gcli2api-go/internal/credential/manager.go:193.2,193.12 1 0
gcli2api-go/internal/credential/manager.go:197.57,201.2 3 0
gcli2api-go/internal/credential/manager.go:204.43,206.25 2 0
gcli2api-go/internal/credential/manager.go:206.25,208.3 1 0
gcli2api-go/internal/credential/manager.go:210.2,214.32 4 0
gcli2api-go/internal/credential/manager.go:214.32,216.17 2 0
gcli2api-go/internal/credential/manager.go:216.17,218.12 2 0
gcli2api-go/internal/credential/manager.go:220.3,220.22 1 0
gcli2api-go/internal/credential/manager.go:220.22,221.12 1 0
gcli2api-go/internal/credential/manager.go:223.3,223.30 1 0
gcli2api-go/internal/credential/manager.go:223.30,224.19 1 0
gcli2api-go/internal/credential/manager.go:224.19,225.13 1 0
gcli2api-go/internal/credential/manager.go:227.4,227.21 1 0
gcli2api-go/internal/credential/manager.go:227.21,229.13 2 0
gcli2api-go/internal/credential/manager.go:231.4,231.42 1 0
gcli2api-go/internal/credential/manager.go:231.42,233.13 2 0
gcli2api-go/internal/credential/manager.go:235.4,235.25 1 0
gcli2api-go/internal/credential/manager.go:235.25,237.5 1 0
gcli2api-go/internal/credential/manager.go:238.4,238.58 1 0
gcli2api-go/internal/credential/manager.go:238.58,239.60 1 0
gcli2api-go/internal/credential/manager.go:239.60,241.6 1 0
gcli2api-go/internal/credential/manager.go:242.10,244.5 1 0
gcli2api-go/internal/credential/manager.go:245.4,247.30 3 0
gcli2api-go/internal/credential/manager.go:251.2,251.45 1 0
gcli2api-go/internal/credential/manager.go:251.45,252.51 1 0
gcli2api-go/internal/credential/manager.go:252.51,254.4 1 0
gcli2api-go/internal/credential/manager.go:255.3,255.45 1 0
gcli2api-go/internal/credential/manager.go:258.2,269.12 10 0
gcli2api-go/internal/credential/manager.go:273.53,278.37 4 0
gcli2api-go/internal/credential/manager.go:278.37,280.3 1 0
gcli2api-go/internal/credential/manager.go:281.2,281.15 1 0
gcli2api-go/internal/credential/manager.go:285.68,286.14 1 0
gcli2api-go/internal/credential/manager.go:286.14,288.3 1 0
gcli2api-go/internal/credential/manager.go:289.2,291.37 3 0
gcli2api-go/internal/credential/manager.go:291.37,292.35 1 0
gcli2api-go/internal/credential/manager.go:292.35,294.4 1 0
gcli2api-go/internal/credential/manager.go:296.2,296.19 1 0
gcli2api-go/internal/credential/manager.go:300.58,301.70 1 1
gcli2api-go/internal/credential/manager.go:301.70,304.3 2 1
gcli2api-go/internal/credential/manager.go:305.2,305.16 1 1
gcli2api-go/internal/credential/manager.go:305.16,307.3 1 0
gcli2api-go/internal/credential/manager.go:309.2,312.12 4 1
gcli2api-go/internal/credential/manager.go:316.57,317.70 1 1
gcli2api-go/internal/credential/manager.go:317.70,321.3 3 1
gcli2api-go/internal/credential/manager.go:322.2,322.16 1 1
gcli2api-go/internal/credential/manager.go:322.16,324.3 1 0
gcli2api-go/internal/credential/manager.go:326.2,329.12 4 1
gcli2api-go/internal/credential/manager.go:333.57,335.16 2 1
gcli2api-go/internal/credential/manager.go:335.16,337.3 1 0
gcli2api-go/internal/credential/manager.go:339.2,340.16 2 1
gcli2api-go/internal/credential/manager.go:340.16,341.57 1 0
gcli2api-go/internal/credential/manager.go:341.57,342.55 1 0
gcli2api-go/internal/credential/manager.go:342.55,344.5 1 0
gcli2api-go/internal/credential/manager.go:345.9,345.65 1 0
gcli2api-go/internal/credential/manager.go:345.65,347.4 1 0
gcli2api-go/internal/credential/manager.go:348.8,348.64 1 1
gcli2api-go/internal/credential/manager.go:348.64,350.3 1 0
gcli2api-go/internal/credential/manager.go:351.2,353.19 3 1
gcli2api-go/internal/credential/manager.go:353.19,355.3 1 1
gcli2api-go/internal/credential/manager.go:356.2,356.12 1 1
gcli2api-go/internal/credential/manager.go:360.36,365.37 4 1
gcli2api-go/internal/credential/manager.go:365.37,366.74 1 1
gcli2api-go/internal/credential/manager.go:366.74,368.12 2 1
gcli2api-go/internal/credential/manager.go:370.3,370.32 1 1
gcli2api-go/internal/credential/manager.go:373.2,373.24 1 1
gcli2api-go/internal/credential/manager.go:377.35,381.37 3 1
gcli2api-go/internal/credential/manager.go:381.37,383.3 1 1
gcli2api-go/internal/credential/manager_concurrency.go:6.49,7.55 1 1
gcli2api-go/internal/credential/manager_concurrency.go:7.55,8.17 1 0
gcli2api-go/internal/credential/manager_concurrency.go:8.18,8.19 0 0
gcli2api-go/internal/credential/manager_concurrency.go:10.2,12.16 3 1
gcli2api-go/internal/credential/manager_concurrency.go:12.16,12.25 1 1
gcli2api-go/internal/credential/manager_concurrency.go:15.61,18.47 3 1
gcli2api-go/internal/credential/manager_concurrency.go:18.47,20.3 1 1
gcli2api-go/internal/credential/manager_concurrency.go:21.2,22.15 2 1
gcli2api-go/internal/credential/manager_concurrency.go:22.15,24.3 1 0
gcli2api-go/internal/credential/manager_concurrency.go:25.2,27.11 3 1
gcli2api-go/internal/credential/manager_concurrency.go:32.51,33.55 1 1
gcli2api-go/internal/credential/manager_concurrency.go:33.55,35.3 1 0
gcli2api-go/internal/credential/manager_concurrency.go:36.2,37.28 2 1
gcli2api-go/internal/credential/manager_events.go:41.51,45.2 3 1
gcli2api-go/internal/credential/manager_events.go:47.72,49.37 2 1
gcli2api-go/internal/credential/manager_events.go:49.37,51.3 1 1
gcli2api-go/internal/credential/manager_events.go:53.2,63.3 2 0
gcli2api-go/internal/credential/manager_events.go:66.63,68.22 2 0
gcli2api-go/internal/credential/manager_events.go:68.22,70.3 1 0
gcli2api-go/internal/credential/manager_events.go:72.2,73.29 2 0
gcli2api-go/internal/credential/manager_events.go:73.29,74.18 1 0
gcli2api-go/internal/credential/manager_events.go:74.18,75.12 1 0
gcli2api-go/internal/credential/manager_events.go:77.3,77.59 1 0
gcli2api-go/internal/credential/manager_events.go:80.2,88.3 1 0
gcli2api-go/internal/credential/manager_events.go:91.62,92.17 1 0
gcli2api-go/internal/credential/manager_events.go:92.17,94.3 1 0
gcli2api-go/internal/credential/manager_events.go:95.2,113.3 3 0
gcli2api-go/internal/credential/manager_locking.go:7.104,8.18 1 1
gcli2api-go/internal/credential/manager_locking.go:8.18,10.3 1 0
gcli2api-go/internal/credential/manager_locking.go:12.2,14.37 3 1
gcli2api-go/internal/credential/manager_locking.go:14.37,15.39 1 1
gcli2api-go/internal/credential/manager_locking.go:15.39,17.9 2 1
gcli2api-go/internal/credential/manager_locking.go:20.2,22.19 2 1
gcli2api-go/internal/credential/manager_locking.go:22.19,24.3 1 0
gcli2api-go/internal/credential/manager_locking.go:26.2,29.19 3 1
gcli2api-go/internal/credential/manager_locking.go:29.19,30.40 1 1
gcli2api-go/internal/credential/manager_locking.go:30.40,32.4 1 0
gcli2api-go/internal/credential/manager_locking.go:35.2,35.20 1 1
gcli2api-go/internal/credential/manager_locking.go:39.90,40.18 1 1
gcli2api-go/internal/credential/manager_locking.go:40.18,42.3 1 0
gcli2api-go/internal/credential/manager_locking.go:44.2,48.37 4 1
gcli2api-go/internal/credential/manager_locking.go:48.37,49.39 1 1
gcli2api-go/internal/credential/manager_locking.go:49.39,51.9 2 1
gcli2api-go/internal/credential/manager_locking.go:55.2,55.15 1 1
gcli2api-go/internal/credential/manager_locking.go:55.15,57.3 1 0
gcli2api-go/internal/credential/manager_locking.go:59.2,61.46 3 1
gcli2api-go/internal/credential/manager_locking.go:61.46,63.3 1 0
gcli2api-go/internal/credential/manager_locking.go:65.2,67.25 3 1
gcli2api-go/internal/credential/manager_locking.go:71.53,74.37 3 0
gcli2api-go/internal/credential/manager_locking.go:74.37,75.39 1 0
gcli2api-go/internal/credential/manager_locking.go:75.39,77.4 1 0
gcli2api-go/internal/credential/manager_locking.go:79.2,79.14 1 0
gcli2api-go/internal/credential/manager_locking.go:83.49,84.14 1 0
gcli2api-go/internal/credential/manager_locking.go:84.14,86.3 1 0
gcli2api-go/internal/credential/manager_locking.go:87.2,87.18 1 0
gcli2api-go/internal/credential/manager_metrics.go:8.46,11.37 3 1
gcli2api-go/internal/credential/manager_metrics.go:11.37,12.24 1 1
gcli2api-go/internal/credential/manager_metrics.go:12.24,15.9 3 1
gcli2api-go/internal/credential/manager_metrics.go:18.2,20.19 2 1
gcli2api-go/internal/credential/manager_metrics.go:20.19,22.3 1 1
gcli2api-go/internal/credential/manager_metrics.go:26.77,29.37 3 1
gcli2api-go/internal/credential/manager_metrics.go:29.37,30.24 1 1
gcli2api-go/internal/credential/manager_metrics.go:30.24,40.18 9 1
gcli2api-go/internal/credential/manager_metrics.go:40.18,42.5 1 1
gcli2api-go/internal/credential/manager_metrics.go:42.10,44.5 1 1
gcli2api-go/internal/credential/manager_metrics.go:45.4,45.9 1 1
gcli2api-go/internal/credential/manager_metrics.go:48.2,50.19 2 1
gcli2api-go/internal/credential/manager_metrics.go:50.19,52.3 1 1
gcli2api-go/internal/credential/manager_persist.go:14.66,15.17 1 0
gcli2api-go/internal/credential/manager_persist.go:15.17,17.3 1 0
gcli2api-go/internal/credential/manager_persist.go:18.2,19.16 2 0
gcli2api-go/internal/credential/manager_persist.go:19.16,21.3 1 0
gcli2api-go/internal/credential/manager_persist.go:22.2,23.16 2 0
gcli2api-go/internal/credential/manager_persist.go:23.16,25.3 1 0
gcli2api-go/internal/credential/manager_persist.go:26.2,27.53 2 0
gcli2api-go/internal/credential/manager_persist.go:27.53,30.3 2 0
gcli2api-go/internal/credential/manager_persist.go:31.2,31.27 1 0
gcli2api-go/internal/credential/manager_persist.go:35.60,36.25 1 0
gcli2api-go/internal/credential/manager_persist.go:36.25,39.3 2 0
gcli2api-go/internal/credential/manager_persist.go:40.2,41.29 2 0
gcli2api-go/internal/credential/manager_persist.go:41.29,43.3 1 0
gcli2api-go/internal/credential/manager_persist.go:44.2,44.23 1 0
gcli2api-go/internal/credential/manager_persist.go:47.72,48.17 1 1
gcli2api-go/internal/credential/manager_persist.go:48.17,50.3 1 0
gcli2api-go/internal/credential/manager_persist.go:51.2,52.18 2 1
gcli2api-go/internal/credential/manager_persist.go:52.18,54.3 1 0
gcli2api-go/internal/credential/manager_persist.go:55.2,55.43 1 1
gcli2api-go/internal/credential/manager_persist.go:55.43,57.3 1 0
gcli2api-go/internal/credential/manager_persist.go:58.2,58.25 1 1
gcli2api-go/internal/credential/manager_persist.go:58.25,61.3 2 1
gcli2api-go/internal/credential/manager_persist.go:62.2,62.55 1 0
gcli2api-go/internal/credential/manager_persist.go:62.55,63.57 1 0
gcli2api-go/internal/credential/manager_persist.go:63.57,64.83 1 0
gcli2api-go/internal/credential/manager_persist.go:64.83,66.5 1 0
gcli2api-go/internal/credential/manager_persist.go:67.4,67.10 1 0
gcli2api-go/internal/credential/manager_persist.go:70.2,70.45 1 0
gcli2api-go/internal/credential/manager_persist.go:73.66,77.12 4 1
gcli2api-go/internal/credential/manager_persist.go:77.12,78.88 1 1
gcli2api-go/internal/credential/manager_persist.go:78.88,80.4 1 0
gcli2api-go/internal/credential/manager_persist.go:82.2,83.13 2 1
gcli2api-go/internal/credential/manager_persist.go:86.90,87.33 1 0
gcli2api-go/internal/credential/manager_persist.go:87.33,89.3 1 0
gcli2api-go/internal/credential/manager_persist.go:90.2,91.16 2 0
gcli2api-go/internal/credential/manager_persist.go:91.16,93.3 1 0
gcli2api-go/internal/credential/manager_persist.go:94.2,94.63 1 0
gcli2api-go/internal/credential/manager_persist.go:94.63,97.3 2 0
gcli2api-go/internal/credential/manager_persist.go:98.2,99.16 2 0
gcli2api-go/internal/credential/manager_persist.go:99.16,102.3 2 0
gcli2api-go/internal/credential/manager_persist.go:103.2,104.59 2 0
gcli2api-go/internal/credential/manager_persist.go:104.59,107.3 2 0
gcli2api-go/internal/credential/manager_persist.go:108.2,108.49 1 0
gcli2api-go/internal/credential/manager_persist.go:108.49,110.3 1 0
gcli2api-go/internal/credential/manager_persist.go:113.56,114.18 1 1
gcli2api-go/internal/credential/manager_persist.go:114.18,116.3 1 0
gcli2api-go/internal/credential/manager_persist.go:117.2,117.25 1 1
gcli2api-go/internal/credential/manager_persist.go:117.25,119.12 2 1
gcli2api-go/internal/credential/manager_persist.go:121.2,121.54 1 0
gcli2api-go/internal/credential/manager_persist.go:121.54,122.57 1 0
gcli2api-go/internal/credential/manager_persist.go:122.57,123.77 1 0
gcli2api-go/internal/credential/manager_persist.go:123.77,125.5 1 0
gcli2api-go/internal/credential/manager_persist.go:126.9,128.4 1 0
gcli2api-go/internal/credential/manager_persist.go:129.8,131.3 1 0
gcli2api-go/internal/credential/manager_persist.go:133.2,135.22 3 1
gcli2api-go/internal/credential/manager_persist.go:138.62,140.16 2 0
gcli2api-go/internal/credential/manager_persist.go:140.16,142.3 1 0
gcli2api-go/internal/credential/manager_persist.go:143.2,143.21 1 0
gcli2api-go/internal/credential/manager_persist.go:146.63,147.21 1 1
gcli2api-go/internal/credential/manager_persist.go:147.21,149.3 1 1
gcli2api-go/internal/credential/manager_persist.go:150.2,151.63 2 0
gcli2api-go/internal/credential/manager_persist.go:151.63,153.3 1 0
gcli2api-go/internal/credential/manager_persist.go:154.2,154.12 1 0
gcli2api-go/internal/credential/manager_recovery.go:12.58,13.28 1 0
gcli2api-go/internal/credential/manager_recovery.go:13.28,16.3 2 0
gcli2api-go/internal/credential/manager_recovery.go:18.2,19.19 2 0
gcli2api-go/internal/credential/manager_recovery.go:19.19,21.3 1 0
gcli2api-go/internal/credential/manager_recovery.go:23.2,23.27 1 0
gcli2api-go/internal/credential/manager_recovery.go:23.27,25.3 1 0
gcli2api-go/internal/credential/manager_recovery.go:27.2,30.12 3 0
gcli2api-go/internal/credential/manager_recovery.go:30.12,31.7 1 0
gcli2api-go/internal/credential/manager_recovery.go:31.7,32.11 1 0
gcli2api-go/internal/credential/manager_recovery.go:33.30,34.39 1 0
gcli2api-go/internal/credential/manager_recovery.go:35.26,37.11 2 0
gcli2api-go/internal/credential/manager_recovery.go:38.22,40.11 2 0
gcli2api-go/internal/credential/manager_recovery.go:47.38,48.29 1 0
gcli2api-go/internal/credential/manager_recovery.go:48.29,54.3 5 0
gcli2api-go/internal/credential/manager_recovery.go:58.68,65.29 6 0
gcli2api-go/internal/credential/manager_recovery.go:65.29,66.24 1 0
gcli2api-go/internal/credential/manager_recovery.go:66.24,70.4 2 0
gcli2api-go/internal/credential/manager_recovery.go:73.2,73.24 1 0
gcli2api-go/internal/credential/manager_recovery.go:73.24,75.3 1 0
gcli2api-go/internal/credential/manager_recovery.go:79.79,82.37 3 0
gcli2api-go/internal/credential/manager_recovery.go:82.37,83.24 1 0
gcli2api-go/internal/credential/manager_recovery.go:83.24,85.9 2 0
gcli2api-go/internal/credential/manager_recovery.go:88.2,90.19 2 0
gcli2api-go/internal/credential/manager_recovery.go:90.19,92.3 1 0
gcli2api-go/internal/credential/manager_recovery.go:94.2,94.79 1 0
gcli2api-go/internal/credential/manager_recovery.go:94.79,95.58 1 0
gcli2api-go/internal/credential/manager_recovery.go:95.58,98.4 2 0
gcli2api-go/internal/credential/manager_recovery.go:101.2,104.12 4 0
gcli2api-go/internal/credential/manager_recovery.go:108.60,115.29 6 0
gcli2api-go/internal/credential/manager_recovery.go:115.29,120.17 4 0
gcli2api-go/internal/credential/manager_recovery.go:120.17,121.60 1 0
gcli2api-go/internal/credential/manager_recovery.go:121.60,123.5 1 0
gcli2api-go/internal/credential/manager_recovery.go:127.2,128.23 2 0
gcli2api-go/internal/credential/manager_recovery.go:132.77,134.2 1 0
gcli2api-go/internal/credential/manager_recovery.go:137.65,143.37 4 0
gcli2api-go/internal/credential/manager_recovery.go:143.37,169.29 3 0
gcli2api-go/internal/credential/manager_recovery.go:169.29,171.4 1 0
gcli2api-go/internal/credential/manager_recovery.go:172.3,173.30 2 0
gcli2api-go/internal/credential/manager_recovery.go:175.2,175.14 1 0
gcli2api-go/internal/credential/manager_refresh.go:16.79,17.27 1 0
gcli2api-go/internal/credential/manager_refresh.go:17.27,18.73 1 0
gcli2api-go/internal/credential/manager_refresh.go:18.73,18.120 1 0
gcli2api-go/internal/credential/manager_refresh.go:20.2,20.45 1 0
gcli2api-go/internal/credential/manager_refresh.go:23.83,26.37 3 0
gcli2api-go/internal/credential/manager_refresh.go:26.37,27.63 1 0
gcli2api-go/internal/credential/manager_refresh.go:27.63,29.9 2 0
gcli2api-go/internal/credential/manager_refresh.go:32.2,33.19 2 0
gcli2api-go/internal/credential/manager_refresh.go:33.19,35.3 1 0
gcli2api-go/internal/credential/manager_refresh.go:37.2,41.64 5 0
gcli2api-go/internal/credential/manager_refresh.go:41.64,44.3 2 0
gcli2api-go/internal/credential/manager_refresh.go:45.2,49.49 4 0
gcli2api-go/internal/credential/manager_refresh.go:49.49,51.3 1 0
gcli2api-go/internal/credential/manager_refresh.go:53.2,55.27 3 0
gcli2api-go/internal/credential/manager_refresh.go:55.27,57.3 1 0
gcli2api-go/internal/credential/manager_refresh.go:58.2,58.28 1 0
gcli2api-go/internal/credential/manager_refresh.go:58.28,60.3 1 0
gcli2api-go/internal/credential/manager_refresh.go:61.2,63.57 2 0
gcli2api-go/internal/credential/manager_refresh.go:63.57,65.3 1 0
gcli2api-go/internal/credential/manager_refresh.go:66.2,67.12 2 0
gcli2api-go/internal/credential/manager_refresh.go:71.58,72.17 1 0
gcli2api-go/internal/credential/manager_refresh.go:72.17,74.3 1 0
gcli2api-go/internal/credential/manager_refresh.go:75.2,76.55 2 0
gcli2api-go/internal/credential/manager_refresh.go:76.55,77.57 1 0
gcli2api-go/internal/credential/manager_refresh.go:77.57,79.4 1 0
gcli2api-go/internal/credential/manager_refresh.go:81.2,81.32 1 0
gcli2api-go/internal/credential/manager_refresh.go:81.32,83.10 2 0
gcli2api-go/internal/credential/manager_refresh.go:83.10,84.12 1 0
gcli2api-go/internal/credential/manager_refresh.go:86.3,86.50 1 0
gcli2api-go/internal/credential/manager_refresh.go:86.50,88.4 1 0
gcli2api-go/internal/credential/manager_refresh.go:89.3,89.24 1 0
gcli2api-go/internal/credential/manager_refresh.go:89.24,91.4 1 0
gcli2api-go/internal/credential/manager_refresh.go:92.3,93.26 2 0
gcli2api-go/internal/credential/manager_refresh.go:93.26,95.4 1 0
gcli2api-go/internal/credential/manager_refresh.go:96.3,98.13 3 0
gcli2api-go/internal/credential/manager_refresh.go:100.2,100.37 1 0
gcli2api-go/internal/credential/manager_refresh.go:103.64,104.21 1 0
gcli2api-go/internal/credential/manager_refresh.go:104.21,106.3 1 0
gcli2api-go/internal/credential/manager_refresh.go:107.2,108.16 2 0
gcli2api-go/internal/credential/manager_refresh.go:108.16,110.3 1 0
gcli2api-go/internal/credential/manager_refresh.go:111.2,112.30 2 0
gcli2api-go/internal/credential/manager_refresh.go:112.30,114.3 1 0
gcli2api-go/internal/credential/manager_refresh.go:115.2,115.56 1 0
gcli2api-go/internal/credential/manager_refresh.go:115.56,117.3 1 0
gcli2api-go/internal/credential/manager_refresh.go:118.2,120.25 3 0
gcli2api-go/internal/credential/manager_refresh.go:120.25,122.3 1 0
gcli2api-go/internal/credential/manager_refresh.go:123.2,123.51 1 0
gcli2api-go/internal/credential/manager_refresh.go:123.51,125.3 1 0
gcli2api-go/internal/credential/manager_refresh.go:126.2,127.12 2 0
gcli2api-go/internal/credential/manager_refresh.go:131.85,135.6 3 0
gcli2api-go/internal/credential/manager_refresh.go:135.6,136.10 1 0
gcli2api-go/internal/credential/manager_refresh.go:137.19,138.31 1 0
gcli2api-go/internal/credential/manager_refresh.go:139.21,140.10 1 0
gcli2api-go/internal/credential/manager_refresh.go:145.61,148.29 2 0
gcli2api-go/internal/credential/manager_refresh.go:148.29,149.79 1 0
gcli2api-go/internal/credential/manager_refresh.go:149.79,150.60 1 0
gcli2api-go/internal/credential/manager_refresh.go:150.60,152.5 1 0
gcli2api-go/internal/credential/manager_refresh.go:158.56,159.41 1 0
gcli2api-go/internal/credential/manager_refresh.go:159.41,161.3 1 0
gcli2api-go/internal/credential/manager_refresh.go:162.2,162.29 1 0
gcli2api-go/internal/credential/manager_refresh.go:162.29,164.3 1 0
gcli2api-go/internal/credential/manager_refresh.go:165.2,165.28 1 0
gcli2api-go/internal/credential/manager_refresh.go:165.28,167.3 1 0
gcli2api-go/internal/credential/manager_refresh.go:168.2,168.29 1 0
gcli2api-go/internal/credential/manager_refresh.go:168.29,170.3 1 0
gcli2api-go/internal/credential/manager_refresh.go:171.2,173.44 2 0
gcli2api-go/internal/credential/manager_selection.go:11.56,15.29 3 1
gcli2api-go/internal/credential/manager_selection.go:15.29,17.3 1 0
gcli2api-go/internal/credential/manager_selection.go:20.2,23.36 3 1
gcli2api-go/internal/credential/manager_selection.go:23.36,27.45 2 1
gcli2api-go/internal/credential/manager_selection.go:27.45,31.12 4 0
gcli2api-go/internal/credential/manager_selection.go:35.3,35.23 1 1
gcli2api-go/internal/credential/manager_selection.go:35.23,37.4 1 1
gcli2api-go/internal/credential/manager_selection.go:39.3,40.13 2 1
gcli2api-go/internal/credential/manager_selection.go:44.2,46.21 3 0
gcli2api-go/internal/credential/manager_selection.go:46.21,49.3 2 0
gcli2api-go/internal/credential/manager_selection.go:51.2,51.59 1 0
gcli2api-go/internal/credential/manager_selection.go:56.81,60.29 3 1
gcli2api-go/internal/credential/manager_selection.go:60.29,62.3 1 0
gcli2api-go/internal/credential/manager_selection.go:65.2,65.42 1 1
gcli2api-go/internal/credential/manager_selection.go:65.42,68.44 3 1
gcli2api-go/internal/credential/manager_selection.go:68.44,69.12 1 1
gcli2api-go/internal/credential/manager_selection.go:71.3,71.23 1 1
gcli2api-go/internal/credential/manager_selection.go:71.23,74.4 2 1
gcli2api-go/internal/credential/manager_selection.go:78.2,78.42 1 0
gcli2api-go/internal/credential/manager_selection.go:78.42,81.44 3 0
gcli2api-go/internal/credential/manager_selection.go:81.44,82.12 1 0
gcli2api-go/internal/credential/manager_selection.go:84.3,85.27 2 0
gcli2api-go/internal/credential/manager_selection.go:89.2,89.61 1 0
gcli2api-go/internal/credential/manager_selection.go:93.52,94.29 1 1
gcli2api-go/internal/credential/manager_selection.go:94.29,96.3 1 0
gcli2api-go/internal/credential/manager_selection.go:98.2,104.37 3 1
gcli2api-go/internal/credential/manager_selection.go:104.37,105.21 1 1
gcli2api-go/internal/credential/manager_selection.go:105.21,110.4 1 1
gcli2api-go/internal/credential/manager_selection.go:113.2,113.22 1 1
gcli2api-go/internal/credential/manager_selection.go:113.22,115.3 1 0
gcli2api-go/internal/credential/manager_selection.go:117.2,117.41 1 1
gcli2api-go/internal/credential/manager_selection.go:117.41,119.3 1 1
gcli2api-go/internal/credential/manager_selection.go:121.2,121.23 1 1
gcli2api-go/internal/credential/manager_watch.go:14.59,15.21 1 0
gcli2api-go/internal/credential/manager_watch.go:15.21,17.3 1 0
gcli2api-go/internal/credential/manager_watch.go:18.2,18.24 1 0
gcli2api-go/internal/credential/manager_watch.go:18.24,20.17 2 0
gcli2api-go/internal/credential/manager_watch.go:20.17,23.4 2 0
gcli2api-go/internal/credential/manager_watch.go:24.3,24.48 1 0
gcli2api-go/internal/credential/manager_watch.go:24.48,28.4 3 0
gcli2api-go/internal/credential/manager_watch.go:29.3,32.70 4 0
gcli2api-go/internal/credential/manager_watch.go:36.77,38.6 2 0
gcli2api-go/internal/credential/manager_watch.go:38.6,39.10 1 0
gcli2api-go/internal/credential/manager_watch.go:40.36,41.11 1 0
gcli2api-go/internal/credential/manager_watch.go:41.11,43.5 1 0
gcli2api-go/internal/credential/manager_watch.go:44.4,44.40 1 0
gcli2api-go/internal/credential/manager_watch.go:44.40,46.5 1 0
gcli2api-go/internal/credential/manager_watch.go:47.36,48.11 1 0
gcli2api-go/internal/credential/manager_watch.go:48.11,50.5 1 0
gcli2api-go/internal/credential/manager_watch.go:51.4,51.55 1 0
gcli2api-go/internal/credential/manager_watch.go:52.21,53.10 1 0
gcli2api-go/internal/credential/manager_watch.go:58.51,61.6 3 0
gcli2api-go/internal/credential/manager_watch.go:61.6,62.10 1 0
gcli2api-go/internal/credential/manager_watch.go:63.21,64.20 1 0
gcli2api-go/internal/credential/manager_watch.go:64.20,66.5 1 0
gcli2api-go/internal/credential/manager_watch.go:67.4,67.10 1 0
gcli2api-go/internal/credential/manager_watch.go:68.21,69.20 1 0
gcli2api-go/internal/credential/manager_watch.go:69.20,72.5 2 0
gcli2api-go/internal/credential/manager_watch.go:72.10,73.22 1 0
gcli2api-go/internal/credential/manager_watch.go:73.22,74.13 1 0
gcli2api-go/internal/credential/manager_watch.go:75.21,75.21 0 0
gcli2api-go/internal/credential/manager_watch.go:76.14,76.14 0 0
gcli2api-go/internal/credential/manager_watch.go:79.5,79.39 1 0
gcli2api-go/internal/credential/manager_watch.go:81.18,82.46 1 0
gcli2api-go/internal/credential/manager_watch.go:82.46,84.5 1 0
gcli2api-go/internal/credential/manager_watch.go:85.4,87.15 3 0
gcli2api-go/internal/credential/manager_watch.go:92.35,93.9 1 0
gcli2api-go/internal/credential/manager_watch.go:94.32,94.32 0 0
gcli2api-go/internal/credential/manager_watch.go:95.10,95.10 0 0
gcli2api-go/internal/credential/manager_watch.go:99.58,100.16 1 0
gcli2api-go/internal/credential/manager_watch.go:100.16,102.3 1 0
gcli2api-go/internal/credential/manager_watch.go:103.2,104.52 2 0
gcli2api-go/internal/credential/manager_watch.go:104.52,106.3 1 0
gcli2api-go/internal/credential/manager_watch.go:107.2,107.41 1 0
gcli2api-go/internal/credential/manager_watch.go:110.51,111.33 1 0
gcli2api-go/internal/credential/manager_watch.go:111.33,113.3 1 0
gcli2api-go/internal/credential/manager_watch.go:114.2,115.61 2 0
gcli2api-go/internal/credential/refresh_coordinator.go:24.52,26.2 1 0
gcli2api-go/internal/credential/refresh_coordinator.go:28.112,29.18 1 0
gcli2api-go/internal/credential/refresh_coordinator.go:29.18,31.3 1 0
gcli2api-go/internal/credential/refresh_coordinator.go:32.2,33.39 2 0
gcli2api-go/internal/credential/refresh_coordinator.go:33.39,37.13 3 0
gcli2api-go/internal/credential/refresh_coordinator.go:37.13,37.41 2 0
gcli2api-go/internal/credential/refresh_coordinator.go:38.3,38.10 1 0
gcli2api-go/internal/credential/refresh_coordinator.go:39.21,40.20 1 0
gcli2api-go/internal/credential/refresh_coordinator.go:41.15,42.16 1 0
gcli2api-go/internal/credential/refresh_coordinator.go:45.2,58.12 11 0
gcli2api-go/internal/credential/source_file.go:21.44,27.2 2 0
gcli2api-go/internal/credential/source_file.go:30.35,32.2 1 0
gcli2api-go/internal/credential/source_file.go:34.36,36.2 1 0
gcli2api-go/internal/credential/source_file.go:39.69,40.17 1 0
gcli2api-go/internal/credential/source_file.go:40.17,42.3 1 0
gcli2api-go/internal/credential/source_file.go:43.2,44.16 2 0
gcli2api-go/internal/credential/source_file.go:44.16,46.3 1 0
gcli2api-go/internal/credential/source_file.go:47.2,48.29 2 0
gcli2api-go/internal/credential/source_file.go:48.29,49.19 1 0
gcli2api-go/internal/credential/source_file.go:49.19,50.12 1 0
gcli2api-go/internal/credential/source_file.go:52.3,52.43 1 0
gcli2api-go/internal/credential/source_file.go:52.43,53.12 1 0
gcli2api-go/internal/credential/source_file.go:55.3,55.69 1 0
gcli2api-go/internal/credential/source_file.go:55.69,56.12 1 0
gcli2api-go/internal/credential/source_file.go:58.3,60.17 3 0
gcli2api-go/internal/credential/source_file.go:60.17,62.12 2 0
gcli2api-go/internal/credential/source_file.go:64.3,65.53 2 0
gcli2api-go/internal/credential/source_file.go:65.53,67.12 2 0
gcli2api-go/internal/credential/source_file.go:69.3,69.20 1 0
gcli2api-go/internal/credential/source_file.go:69.20,71.4 1 0
gcli2api-go/internal/credential/source_file.go:72.3,72.56 1 0
gcli2api-go/internal/credential/source_file.go:72.56,74.4 1 0
gcli2api-go/internal/credential/source_file.go:74.9,74.31 1 0
gcli2api-go/internal/credential/source_file.go:74.31,76.4 1 0
gcli2api-go/internal/credential/source_file.go:77.3,78.31 2 0
gcli2api-go/internal/credential/source_file.go:80.2,80.19 1 0
gcli2api-go/internal/credential/source_file.go:84.70,85.17 1 0
gcli2api-go/internal/credential/source_file.go:85.17,87.3 1 0
gcli2api-go/internal/credential/source_file.go:88.2,88.17 1 0
gcli2api-go/internal/credential/source_file.go:88.17,90.3 1 0
gcli2api-go/internal/credential/source_file.go:91.2,91.19 1 0
gcli2api-go/internal/credential/source_file.go:91.19,93.3 1 0
gcli2api-go/internal/credential/source_file.go:94.2,94.50 1 0
gcli2api-go/internal/credential/source_file.go:94.50,96.3 1 0
gcli2api-go/internal/credential/source_file.go:97.2,99.16 3 0
gcli2api-go/internal/credential/source_file.go:99.16,101.3 1 0
gcli2api-go/internal/credential/source_file.go:102.2,102.56 1 0
gcli2api-go/internal/credential/source_file.go:102.56,104.3 1 0
gcli2api-go/internal/credential/source_file.go:105.2,105.12 1 0
gcli2api-go/internal/credential/source_file.go:109.65,110.17 1 0
gcli2api-go/internal/credential/source_file.go:110.17,112.3 1 0
gcli2api-go/internal/credential/source_file.go:113.2,113.14 1 0
gcli2api-go/internal/credential/source_file.go:113.14,115.3 1 0
gcli2api-go/internal/credential/source_file.go:116.2,117.63 2 0
gcli2api-go/internal/credential/source_file.go:117.63,119.3 1 0
gcli2api-go/internal/credential/source_file.go:120.2,120.12 1 0
gcli2api-go/internal/credential/source_file.go:124.78,125.17 1 0
gcli2api-go/internal/credential/source_file.go:125.17,127.3 1 0
gcli2api-go/internal/credential/source_file.go:128.2,129.16 2 0
gcli2api-go/internal/credential/source_file.go:129.16,131.3 1 0
gcli2api-go/internal/credential/source_file.go:132.2,133.16 2 0
gcli2api-go/internal/credential/source_file.go:133.16,134.25 1 0
gcli2api-go/internal/credential/source_file.go:134.25,136.4 1 0
gcli2api-go/internal/credential/source_file.go:137.3,137.48 1 0
gcli2api-go/internal/credential/source_file.go:139.2,140.53 2 0
gcli2api-go/internal/credential/source_file.go:140.53,142.3 1 0
gcli2api-go/internal/credential/source_file.go:143.2,144.12 2 0
gcli2api-go/internal/credential/source_file.go:148.102,149.33 1 0
gcli2api-go/internal/credential/source_file.go:149.33,151.3 1 0
gcli2api-go/internal/credential/source_file.go:152.2,152.17 1 0
gcli2api-go/internal/credential/source_file.go:152.17,154.3 1 0
gcli2api-go/internal/credential/source_file.go:155.2,155.19 1 0
gcli2api-go/internal/credential/source_file.go:155.19,157.3 1 0
gcli2api-go/internal/credential/source_file.go:158.2,158.50 1 0
gcli2api-go/internal/credential/source_file.go:158.50,160.3 1 0
gcli2api-go/internal/credential/source_file.go:161.2,162.16 2 0
gcli2api-go/internal/credential/source_file.go:162.16,164.3 1 0
gcli2api-go/internal/credential/source_file.go:165.2,166.16 2 0
gcli2api-go/internal/credential/source_file.go:166.16,168.3 1 0
gcli2api-go/internal/credential/source_file.go:169.2,170.55 2 0
gcli2api-go/internal/credential/source_file.go:170.55,172.3 1 0
gcli2api-go/internal/credential/source_file.go:173.2,173.45 1 0
gcli2api-go/internal/credential/source_file.go:173.45,175.3 1 0
gcli2api-go/internal/credential/source_file.go:176.2,176.12 1 0
gcli2api-go/internal/credential/source_file.go:180.70,181.14 1 0
gcli2api-go/internal/credential/source_file.go:181.14,183.3 1 0
gcli2api-go/internal/credential/source_file.go:184.2,185.16 2 0
gcli2api-go/internal/credential/source_file.go:185.16,187.3 1 0
gcli2api-go/internal/credential/source_file.go:188.2,188.63 1 0
gcli2api-go/internal/credential/source_file.go:188.63,190.3 1 0
gcli2api-go/internal/credential/source_file.go:191.2,191.12 1 0
gcli2api-go/internal/credential/source_file.go:194.50,195.29 1 0
gcli2api-go/internal/credential/source_file.go:195.29,197.3 1 0
gcli2api-go/internal/credential/source_file.go:198.2,199.57 2 0
gcli2api-go/internal/credential/source_file.go:202.44,203.28 1 0
gcli2api-go/internal/credential/source_file.go:203.28,205.3 1 0
gcli2api-go/internal/credential/source_file.go:206.2,206.21 1 0
gcli2api-go/internal/credential/state_store.go:21.49,22.41 1 0
gcli2api-go/internal/credential/state_store.go:22.41,24.3 1 0
gcli2api-go/internal/credential/state_store.go:25.2,26.57 2 0
gcli2api-go/internal/credential/state_store.go:29.101,30.33 1 0
gcli2api-go/internal/credential/state_store.go:30.33,32.3 1 0
gcli2api-go/internal/credential/state_store.go:33.2,34.13 2 0
gcli2api-go/internal/credential/state_store.go:34.13,36.3 1 0
gcli2api-go/internal/credential/state_store.go:37.2,37.60 1 0
gcli2api-go/internal/credential/state_store.go:37.60,39.3 1 0
gcli2api-go/internal/credential/state_store.go:40.2,41.16 2 0
gcli2api-go/internal/credential/state_store.go:41.16,43.3 1 0
gcli2api-go/internal/credential/state_store.go:44.2,45.55 2 0
gcli2api-go/internal/credential/state_store.go:45.55,47.3 1 0
gcli2api-go/internal/credential/state_store.go:48.2,48.26 1 0
gcli2api-go/internal/credential/state_store.go:51.97,52.17 1 0
gcli2api-go/internal/credential/state_store.go:52.17,54.3 1 0
gcli2api-go/internal/credential/state_store.go:55.2,56.13 2 0
gcli2api-go/internal/credential/state_store.go:56.13,58.3 1 0
gcli2api-go/internal/credential/state_store.go:59.2,60.16 2 0
gcli2api-go/internal/credential/state_store.go:60.16,62.3 1 0
gcli2api-go/internal/credential/state_store.go:63.2,64.50 2 0
gcli2api-go/internal/credential/state_store.go:64.50,66.3 1 0
gcli2api-go/internal/credential/state_store.go:67.2,67.17 1 0
gcli2api-go/internal/credential/state_store.go:70.73,72.13 2 0
gcli2api-go/internal/credential/state_store.go:72.13,74.3 1 0
gcli2api-go/internal/credential/state_store.go:75.2,76.12 2 0
gcli2api-go/internal/credential/types.go:97.42,98.52 1 1
gcli2api-go/internal/credential/types.go:98.52,100.3 1 1
gcli2api-go/internal/credential/types.go:101.2,101.31 1 0
gcli2api-go/internal/credential/types.go:101.31,103.3 1 0
gcli2api-go/internal/credential/types.go:104.2,104.31 1 0
gcli2api-go/internal/credential/types.go:104.31,106.3 1 0
gcli2api-go/internal/credential/types.go:107.2,107.12 1 0
gcli2api-go/internal/credential/types.go:110.55,115.26 5 1
gcli2api-go/internal/credential/types.go:115.26,117.3 1 1
gcli2api-go/internal/credential/types.go:118.2,118.32 1 1
gcli2api-go/internal/credential/types.go:121.79,122.26 1 1
gcli2api-go/internal/credential/types.go:122.26,125.3 2 1
gcli2api-go/internal/credential/types.go:126.2,126.39 1 1
gcli2api-go/internal/credential/types.go:126.39,129.3 2 0
gcli2api-go/internal/credential/types.go:130.2,131.18 2 1
gcli2api-go/internal/credential/types.go:131.18,133.3 1 0
gcli2api-go/internal/credential/types.go:134.2,135.16 2 1
gcli2api-go/internal/credential/types.go:135.16,137.3 1 1
gcli2api-go/internal/credential/types.go:138.2,140.28 3 1
gcli2api-go/internal/credential/types.go:140.28,142.3 1 0
gcli2api-go/internal/credential/types.go:143.2,143.32 1 1
gcli2api-go/internal/credential/types.go:147.39,148.23 1 1
gcli2api-go/internal/credential/types.go:148.23,150.3 1 0
gcli2api-go/internal/credential/types.go:151.2,151.38 1 1
gcli2api-go/internal/credential/types.go:155.39,160.32 3 1
gcli2api-go/internal/credential/types.go:160.32,162.75 1 1
gcli2api-go/internal/credential/types.go:162.75,165.4 1 0
gcli2api-go/internal/credential/types.go:166.3,166.15 1 1
gcli2api-go/internal/credential/types.go:170.2,170.28 1 1
gcli2api-go/internal/credential/types.go:170.28,172.3 1 0
gcli2api-go/internal/credential/types.go:174.2,174.25 1 1
gcli2api-go/internal/credential/types.go:174.25,176.3 1 0
gcli2api-go/internal/credential/types.go:179.2,179.54 1 1
gcli2api-go/internal/credential/types.go:179.54,181.3 1 1
gcli2api-go/internal/credential/types.go:184.2,184.68 1 1
gcli2api-go/internal/credential/types.go:184.68,185.48 1 0
gcli2api-go/internal/credential/types.go:185.48,187.4 1 0
gcli2api-go/internal/credential/types.go:191.2,191.58 1 1
gcli2api-go/internal/credential/types.go:191.58,193.3 1 0
gcli2api-go/internal/credential/types.go:195.2,195.13 1 1
gcli2api-go/internal/credential/types.go:199.41,204.73 4 1
gcli2api-go/internal/credential/types.go:204.73,207.3 2 0
gcli2api-go/internal/credential/types.go:209.2,212.14 4 1
gcli2api-go/internal/credential/types.go:216.36,229.27 10 1
gcli2api-go/internal/credential/types.go:229.27,231.3 1 0
gcli2api-go/internal/credential/types.go:233.2,233.38 1 1
gcli2api-go/internal/credential/types.go:233.38,234.34 1 0
gcli2api-go/internal/credential/types.go:234.34,236.4 1 0
gcli2api-go/internal/credential/types.go:239.2,246.40 4 1
gcli2api-go/internal/credential/types.go:246.40,249.3 2 1
gcli2api-go/internal/credential/types.go:253.65,255.2 1 1
gcli2api-go/internal/credential/types.go:258.94,270.20 10 1
gcli2api-go/internal/credential/types.go:270.20,272.29 2 1
gcli2api-go/internal/credential/types.go:272.29,274.4 1 0
gcli2api-go/internal/credential/types.go:275.3,275.31 1 1
gcli2api-go/internal/credential/types.go:275.31,277.4 1 0
gcli2api-go/internal/credential/types.go:278.3,278.34 1 1
gcli2api-go/internal/credential/types.go:281.2,284.23 3 1
gcli2api-go/internal/credential/types.go:284.23,286.3 1 0
gcli2api-go/internal/credential/types.go:287.2,288.23 2 1
gcli2api-go/internal/credential/types.go:288.23,290.3 1 0
gcli2api-go/internal/credential/types.go:291.2,292.23 2 1
gcli2api-go/internal/credential/types.go:292.23,294.3 1 0
gcli2api-go/internal/credential/types.go:295.2,296.23 2 1
gcli2api-go/internal/credential/types.go:296.23,298.3 1 0
gcli2api-go/internal/credential/types.go:299.2,300.27 2 1
gcli2api-go/internal/credential/types.go:300.27,302.3 1 0
gcli2api-go/internal/credential/types.go:304.2,308.17 4 1
gcli2api-go/internal/credential/types.go:308.17,309.21 1 1
gcli2api-go/internal/credential/types.go:310.12,311.46 1 1
gcli2api-go/internal/credential/types.go:311.46,315.5 3 1
gcli2api-go/internal/credential/types.go:316.12,317.46 1 1
gcli2api-go/internal/credential/types.go:317.46,321.5 3 1
gcli2api-go/internal/credential/types.go:322.12,323.46 1 1
gcli2api-go/internal/credential/types.go:323.46,327.5 3 1
gcli2api-go/internal/credential/types.go:328.22,329.92 1 1
gcli2api-go/internal/credential/types.go:329.92,333.5 3 1
gcli2api-go/internal/credential/types.go:336.3,336.45 1 1
gcli2api-go/internal/credential/types.go:336.45,340.4 3 1
gcli2api-go/internal/credential/types.go:343.2,343.15 1 1
gcli2api-go/internal/credential/types.go:343.15,347.22 4 1
gcli2api-go/internal/credential/types.go:347.22,349.4 1 1
gcli2api-go/internal/credential/types.go:352.2,353.30 2 1
gcli2api-go/internal/credential/types.go:357.53,361.56 3 1
gcli2api-go/internal/credential/types.go:361.56,363.3 1 1
gcli2api-go/internal/credential/types.go:365.2,368.29 3 1
gcli2api-go/internal/credential/types.go:368.29,370.31 2 1
gcli2api-go/internal/credential/types.go:370.31,372.4 1 1
gcli2api-go/internal/credential/types.go:375.2,376.29 2 1
gcli2api-go/internal/credential/types.go:376.29,378.30 2 1
gcli2api-go/internal/credential/types.go:378.30,380.4 1 1
gcli2api-go/internal/credential/types.go:383.2,384.28 2 1
gcli2api-go/internal/credential/types.go:384.28,386.3 1 1
gcli2api-go/internal/credential/types.go:388.2,389.64 2 1
gcli2api-go/internal/credential/types.go:389.64,391.3 1 1
gcli2api-go/internal/credential/types.go:392.2,392.64 1 1
gcli2api-go/internal/credential/types.go:392.64,394.3 1 1
gcli2api-go/internal/credential/types.go:395.2,395.64 1 1
gcli2api-go/internal/credential/types.go:395.64,397.3 1 1
gcli2api-go/internal/credential/types.go:399.2,400.22 2 1
gcli2api-go/internal/credential/types.go:400.22,402.23 2 1
gcli2api-go/internal/credential/types.go:402.23,404.4 1 1
gcli2api-go/internal/credential/types.go:404.9,404.31 1 1
gcli2api-go/internal/credential/types.go:404.31,406.4 1 1
gcli2api-go/internal/credential/types.go:406.9,406.30 1 1
gcli2api-go/internal/credential/types.go:406.30,408.4 1 1
gcli2api-go/internal/credential/types.go:411.2,412.25 2 1
gcli2api-go/internal/credential/types.go:412.25,414.3 1 1
gcli2api-go/internal/credential/types.go:416.2,417.17 2 1
gcli2api-go/internal/credential/types.go:417.17,419.3 1 1
gcli2api-go/internal/credential/types.go:419.8,419.22 1 1
gcli2api-go/internal/credential/types.go:419.22,421.3 1 0
gcli2api-go/internal/credential/types.go:423.2,423.14 1 1
gcli2api-go/internal/credential/types.go:427.35,449.27 21 1
gcli2api-go/internal/credential/types.go:449.27,451.3 1 0
gcli2api-go/internal/credential/types.go:452.2,452.39 1 1
gcli2api-go/internal/credential/types.go:456.57,460.2 3 1
gcli2api-go/internal/credential/types.go:463.39,467.2 3 0
gcli2api-go/internal/credential/types.go:470.42,480.38 6 1
gcli2api-go/internal/credential/types.go:480.38,482.3 1 1
gcli2api-go/internal/credential/types.go:484.2,517.3 1 1
gcli2api-go/internal/credential/types.go:521.55,548.32 4 1
gcli2api-go/internal/credential/types.go:548.32,550.39 2 1
gcli2api-go/internal/credential/types.go:550.39,552.4 1 1
gcli2api-go/internal/credential/types.go:554.2,554.14 1 1
gcli2api-go/internal/credential/types.go:558.59,559.18 1 0
gcli2api-go/internal/credential/types.go:559.18,561.3 1 0
gcli2api-go/internal/credential/types.go:562.2,586.36 24 0
gcli2api-go/internal/credential/types.go:586.36,588.43 2 0
gcli2api-go/internal/credential/types.go:588.43,590.4 1 0
gcli2api-go/internal/credential/types.go:591.8,593.3 1 0
gcli2api-go/internal/credential/types.go:597.40,601.19 3 1
gcli2api-go/internal/credential/types.go:601.19,603.3 1 0
gcli2api-go/internal/credential/types.go:606.2,606.58 1 1
gcli2api-go/internal/credential/types.go:606.58,608.3 1 0
gcli2api-go/internal/credential/types.go:611.2,611.42 1 1
gcli2api-go/internal/credential/types.go:611.42,613.3 1 1
gcli2api-go/internal/credential/types.go:615.2,615.14 1 0
gcli2api-go/internal/credential/types.go:619.32,639.2 14 1
gcli2api-go/internal/config/config.go:143.36,264.2 95 1
gcli2api-go/internal/config/config.go:267.34,390.2 96 1
gcli2api-go/internal/config/config.go:393.21,395.2 1 0
gcli2api-go/internal/config/config.go:398.46,400.23 1 0
gcli2api-go/internal/config/config.go:400.23,403.17 3 0
gcli2api-go/internal/config/config.go:403.17,406.4 1 0
gcli2api-go/internal/config/config.go:410.2,410.32 1 0
gcli2api-go/internal/config/config.go:410.32,413.3 2 0
gcli2api-go/internal/config/config.go:416.2,416.22 1 0
gcli2api-go/internal/config/config.go:420.40,422.2 1 0
gcli2api-go/internal/config/config.go:425.57,426.32 1 0
gcli2api-go/internal/config/config.go:426.32,428.3 1 0
gcli2api-go/internal/config/config.go:429.2,429.50 1 0
gcli2api-go/internal/config/config_defaults.go:4.54,100.2 2 0
gcli2api-go/internal/config/config_env.go:8.41,9.22 1 0
gcli2api-go/internal/config/config_env.go:9.22,11.3 1 0
gcli2api-go/internal/config/config_env.go:13.2,13.44 1 0
gcli2api-go/internal/config/config_env.go:13.44,14.44 1 0
gcli2api-go/internal/config/config_env.go:14.44,16.4 1 0
gcli2api-go/internal/config/config_env.go:18.2,18.44 1 0
gcli2api-go/internal/config/config_env.go:18.44,19.44 1 0
gcli2api-go/internal/config/config_env.go:19.44,21.4 1 0
gcli2api-go/internal/config/config_env.go:23.2,23.47 1 0
gcli2api-go/internal/config/config_env.go:23.47,25.3 1 0
gcli2api-go/internal/config/config_env.go:26.2,26.47 1 0
gcli2api-go/internal/config/config_env.go:26.47,28.3 1 0
gcli2api-go/internal/config/config_env.go:29.2,29.47 1 0
gcli2api-go/internal/config/config_env.go:29.47,31.3 1 0
gcli2api-go/internal/config/config_env.go:32.2,32.52 1 0
gcli2api-go/internal/config/config_env.go:32.52,34.3 1 0
gcli2api-go/internal/config/config_env.go:35.2,35.56 1 0
gcli2api-go/internal/config/config_env.go:35.56,37.3 1 0
gcli2api-go/internal/config/config_env.go:38.2,38.60 1 0
gcli2api-go/internal/config/config_env.go:38.60,39.40 1 0
gcli2api-go/internal/config/config_env.go:39.40,41.4 1 0
gcli2api-go/internal/config/config_env.go:43.2,43.60 1 0
gcli2api-go/internal/config/config_env.go:43.60,46.27 3 0
gcli2api-go/internal/config/config_env.go:46.27,48.15 2 0
gcli2api-go/internal/config/config_env.go:48.15,50.5 1 0
gcli2api-go/internal/config/config_env.go:52.3,52.43 1 0
gcli2api-go/internal/config/config_env.go:54.2,54.42 1 0
gcli2api-go/internal/config/config_env.go:54.42,56.3 1 0
gcli2api-go/internal/config/config_env.go:57.2,57.53 1 0
gcli2api-go/internal/config/config_env.go:57.53,59.3 1 0
gcli2api-go/internal/config/config_env.go:60.2,60.52 1 0
gcli2api-go/internal/config/config_env.go:60.52,62.3 1 0
gcli2api-go/internal/config/config_env.go:63.2,63.50 1 0
gcli2api-go/internal/config/config_env.go:63.50,65.3 1 0
gcli2api-go/internal/config/config_env.go:66.2,66.48 1 0
gcli2api-go/internal/config/config_env.go:66.48,68.3 1 0
gcli2api-go/internal/config/config_env.go:69.2,69.49 1 0
gcli2api-go/internal/config/config_env.go:69.49,71.3 1 0
gcli2api-go/internal/config/config_env.go:72.2,72.43 1 0
gcli2api-go/internal/config/config_env.go:72.43,74.3 1 0
gcli2api-go/internal/config/config_env.go:75.2,75.47 1 0
gcli2api-go/internal/config/config_env.go:75.47,77.3 1 0
gcli2api-go/internal/config/config_env.go:78.2,78.41 1 0
gcli2api-go/internal/config/config_env.go:78.41,79.40 1 0
gcli2api-go/internal/config/config_env.go:79.40,81.4 1 0
gcli2api-go/internal/config/config_env.go:83.2,83.45 1 0
gcli2api-go/internal/config/config_env.go:83.45,85.3 1 0
gcli2api-go/internal/config/config_env.go:86.2,86.44 1 0
gcli2api-go/internal/config/config_env.go:86.44,88.3 1 0
gcli2api-go/internal/config/config_env.go:89.2,89.49 1 0
gcli2api-go/internal/config/config_env.go:89.49,91.3 1 0
gcli2api-go/internal/config/config_env.go:92.2,92.45 1 0
gcli2api-go/internal/config/config_env.go:92.45,94.3 1 0
gcli2api-go/internal/config/config_env.go:95.2,95.41 1 0
gcli2api-go/internal/config/config_env.go:95.41,97.3 1 0
gcli2api-go/internal/config/config_env.go:98.2,98.42 1 0
gcli2api-go/internal/config/config_env.go:98.42,100.3 1 0
gcli2api-go/internal/config/config_env.go:101.2,101.48 1 0
gcli2api-go/internal/config/config_env.go:101.48,103.3 1 0
gcli2api-go/internal/config/config_env.go:104.2,104.52 1 0
gcli2api-go/internal/config/config_env.go:104.52,106.3 1 0
gcli2api-go/internal/config/config_env.go:107.2,107.51 1 0
gcli2api-go/internal/config/config_env.go:107.51,109.3 1 0
gcli2api-go/internal/config/config_env.go:110.2,110.54 1 0
gcli2api-go/internal/config/config_env.go:110.54,112.3 1 0
gcli2api-go/internal/config/config_env.go:113.2,113.41 1 0
gcli2api-go/internal/config/config_env.go:113.41,115.3 1 0
gcli2api-go/internal/config/config_env.go:116.2,116.60 1 0
gcli2api-go/internal/config/config_env.go:116.60,118.3 1 0
gcli2api-go/internal/config/config_env.go:119.2,119.48 1 0
gcli2api-go/internal/config/config_env.go:119.48,121.3 1 0
gcli2api-go/internal/config/config_env.go:122.2,122.61 1 0
gcli2api-go/internal/config/config_env.go:122.61,123.40 1 0
gcli2api-go/internal/config/config_env.go:123.40,125.4 1 0
gcli2api-go/internal/config/config_env.go:127.2,127.72 1 0
gcli2api-go/internal/config/config_env.go:127.72,129.3 1 0
gcli2api-go/internal/config/config_env.go:130.2,130.51 1 0
gcli2api-go/internal/config/config_env.go:130.51,131.40 1 0
gcli2api-go/internal/config/config_env.go:131.40,133.4 1 0
gcli2api-go/internal/config/config_env.go:135.2,135.75 1 0
gcli2api-go/internal/config/config_env.go:135.75,137.3 1 0
gcli2api-go/internal/config/config_env.go:138.2,138.54 1 0
gcli2api-go/internal/config/config_env.go:138.54,139.40 1 0
gcli2api-go/internal/config/config_env.go:139.40,141.4 1 0
gcli2api-go/internal/config/config_env.go:143.2,143.71 1 0
gcli2api-go/internal/config/config_env.go:143.71,145.3 1 0
gcli2api-go/internal/config/config_env.go:146.2,146.58 1 0
gcli2api-go/internal/config/config_env.go:146.58,147.40 1 0
gcli2api-go/internal/config/config_env.go:147.40,149.4 1 0
gcli2api-go/internal/config/config_env.go:151.2,151.56 1 0
gcli2api-go/internal/config/config_env.go:151.56,152.40 1 0
gcli2api-go/internal/config/config_env.go:152.40,154.4 1 0
gcli2api-go/internal/config/config_env.go:156.2,156.72 1 0
gcli2api-go/internal/config/config_env.go:156.72,158.3 1 0
gcli2api-go/internal/config/config_env.go:159.2,159.50 1 0
gcli2api-go/internal/config/config_env.go:159.50,162.3 2 0
gcli2api-go/internal/config/config_env.go:163.2,163.51 1 0
gcli2api-go/internal/config/config_env.go:163.51,166.27 3 0
gcli2api-go/internal/config/config_env.go:166.27,168.15 2 0
gcli2api-go/internal/config/config_env.go:168.15,170.5 1 0
gcli2api-go/internal/config/config_env.go:172.3,172.36 1 0
gcli2api-go/internal/config/config_env.go:174.2,174.67 1 0
gcli2api-go/internal/config/config_env.go:174.67,176.3 1 0
gcli2api-go/internal/config/config_env.go:177.2,177.47 1 0
gcli2api-go/internal/config/config_env.go:177.47,178.40 1 0
gcli2api-go/internal/config/config_env.go:178.40,180.4 1 0
gcli2api-go/internal/config/config_env.go:182.2,182.49 1 0
gcli2api-go/internal/config/config_env.go:182.49,183.40 1 0
gcli2api-go/internal/config/config_env.go:183.40,185.4 1 0
gcli2api-go/internal/config/config_env.go:187.2,187.59 1 0
gcli2api-go/internal/config/config_env.go:187.59,188.40 1 0
gcli2api-go/internal/config/config_env.go:188.40,190.4 1 0
gcli2api-go/internal/config/config_env.go:192.2,192.72 1 0
gcli2api-go/internal/config/config_env.go:192.72,194.3 1 0
gcli2api-go/internal/config/config_env.go:195.2,195.55 1 0
gcli2api-go/internal/config/config_env.go:195.55,196.40 1 0
gcli2api-go/internal/config/config_env.go:196.40,198.4 1 0
gcli2api-go/internal/config/config_env.go:200.2,200.49 1 0
gcli2api-go/internal/config/config_env.go:200.49,202.3 1 0
gcli2api-go/internal/config/config_env.go:203.2,203.55 1 0
gcli2api-go/internal/config/config_env.go:203.55,204.40 1 0
gcli2api-go/internal/config/config_env.go:204.40,206.4 1 0
gcli2api-go/internal/config/config_env.go:208.2,208.55 1 0
gcli2api-go/internal/config/config_env.go:208.55,209.40 1 0
gcli2api-go/internal/config/config_env.go:209.40,211.4 1 0
gcli2api-go/internal/config/config_env.go:213.2,213.55 1 0
gcli2api-go/internal/config/config_env.go:213.55,214.40 1 0
gcli2api-go/internal/config/config_env.go:214.40,216.4 1 0
gcli2api-go/internal/config/config_env.go:218.2,218.55 1 0
gcli2api-go/internal/config/config_env.go:218.55,219.40 1 0
gcli2api-go/internal/config/config_env.go:219.40,221.4 1 0
gcli2api-go/internal/config/config_env.go:223.2,223.59 1 0
gcli2api-go/internal/config/config_env.go:223.59,224.40 1 0
gcli2api-go/internal/config/config_env.go:224.40,226.4 1 0
gcli2api-go/internal/config/config_env.go:228.2,228.54 1 0
gcli2api-go/internal/config/config_env.go:228.54,230.3 1 0
gcli2api-go/internal/config/config_env.go:231.2,231.59 1 0
gcli2api-go/internal/config/config_env.go:231.59,232.40 1 0
gcli2api-go/internal/config/config_env.go:232.40,234.4 1 0
gcli2api-go/internal/config/config_env.go:236.2,236.67 1 0
gcli2api-go/internal/config/config_env.go:236.67,238.3 1 0
gcli2api-go/internal/config/config_env.go:239.2,239.50 1 0
gcli2api-go/internal/config/config_env.go:239.50,241.3 1 0
gcli2api-go/internal/config/config_env.go:242.2,242.52 1 0
gcli2api-go/internal/config/config_env.go:242.52,244.3 1 0
gcli2api-go/internal/config/config_env.go:245.2,245.64 1 0
gcli2api-go/internal/config/config_env.go:245.64,246.40 1 0
gcli2api-go/internal/config/config_env.go:246.40,248.4 1 0
gcli2api-go/internal/config/config_export.go:13.73,17.22 3 0
gcli2api-go/internal/config/config_export.go:17.22,19.3 1 0
gcli2api-go/internal/config/config_export.go:21.2,26.33 2 0
gcli2api-go/internal/config/config_export.go:27.21,28.38 1 0
gcli2api-go/internal/config/config_export.go:29.14,30.54 1 0
gcli2api-go/internal/config/config_export.go:31.10,32.54 1 0
gcli2api-go/internal/config/config_export.go:35.2,35.16 1 0
gcli2api-go/internal/config/config_export.go:35.16,37.3 1 0
gcli2api-go/internal/config/config_export.go:39.2,40.12 2 0
gcli2api-go/internal/config/config_loader.go:14.39,15.25 1 0
gcli2api-go/internal/config/config_loader.go:15.25,17.3 1 0
gcli2api-go/internal/config/config_loader.go:19.2,20.16 2 0
gcli2api-go/internal/config/config_loader.go:20.16,22.3 1 0
gcli2api-go/internal/config/config_loader.go:24.2,26.13 3 0
gcli2api-go/internal/config/config_loader.go:27.23,28.55 1 0
gcli2api-go/internal/config/config_loader.go:28.55,30.4 1 0
gcli2api-go/internal/config/config_loader.go:31.15,32.55 1 0
gcli2api-go/internal/config/config_loader.go:32.55,34.4 1 0
gcli2api-go/internal/config/config_loader.go:35.10,36.55 1 0
gcli2api-go/internal/config/config_loader.go:36.55,37.56 1 0
gcli2api-go/internal/config/config_loader.go:37.56,39.5 1 0
gcli2api-go/internal/config/config_loader.go:43.2,43.53 1 0
gcli2api-go/internal/config/config_loader.go:43.53,45.3 1 0
gcli2api-go/internal/config/config_loader.go:47.2,50.12 3 0
gcli2api-go/internal/config/config_loader.go:53.39,54.25 1 0
gcli2api-go/internal/config/config_loader.go:54.25,56.3 1 0
gcli2api-go/internal/config/config_loader.go:58.2,59.48 2 0
gcli2api-go/internal/config/config_loader.go:59.48,61.3 1 0
gcli2api-go/internal/config/config_loader.go:63.2,69.13 3 0
gcli2api-go/internal/config/config_loader.go:70.23,71.38 1 0
gcli2api-go/internal/config/config_loader.go:72.15,73.54 1 0
gcli2api-go/internal/config/config_loader.go:74.10,75.38 1 0
gcli2api-go/internal/config/config_loader.go:78.2,78.16 1 0
gcli2api-go/internal/config/config_loader.go:78.16,80.3 1 0
gcli2api-go/internal/config/config_loader.go:82.2,82.65 1 0
gcli2api-go/internal/config/config_loader.go:82.65,84.3 1 0
gcli2api-go/internal/config/config_loader.go:86.2,86.53 1 0
gcli2api-go/internal/config/config_loader.go:86.53,88.3 1 0
gcli2api-go/internal/config/config_loader.go:90.2,92.12 2 0
gcli2api-go/internal/config/config_manager.go:30.66,31.22 1 0
gcli2api-go/internal/config/config_manager.go:31.22,41.33 2 0
gcli2api-go/internal/config/config_manager.go:41.33,42.42 1 0
gcli2api-go/internal/config/config_manager.go:42.42,44.10 2 0
gcli2api-go/internal/config/config_manager.go:49.2,49.40 1 0
gcli2api-go/internal/config/config_manager.go:49.40,51.17 2 0
gcli2api-go/internal/config/config_manager.go:51.17,53.4 1 0
gcli2api-go/internal/config/config_manager.go:54.3,54.54 1 0
gcli2api-go/internal/config/config_manager.go:57.2,63.34 2 0
gcli2api-go/internal/config/config_manager.go:63.34,64.45 1 0
gcli2api-go/internal/config/config_manager.go:64.45,67.4 2 0
gcli2api-go/internal/config/config_manager.go:67.9,69.4 1 0
gcli2api-go/internal/config/config_manager.go:72.2,74.25 2 0
gcli2api-go/internal/config/config_manager.go:74.25,75.51 1 0
gcli2api-go/internal/config/config_manager.go:75.51,77.4 1 0
gcli2api-go/internal/config/config_manager.go:80.2,80.16 1 0
gcli2api-go/internal/config/config_manager.go:84.57,88.2 3 0
gcli2api-go/internal/config/config_manager.go:91.64,95.2 3 0
gcli2api-go/internal/config/config_manager.go:98.50,102.22 3 0
gcli2api-go/internal/config/config_manager.go:102.22,104.3 1 0
gcli2api-go/internal/config/config_manager.go:106.2,107.16 2 0
gcli2api-go/internal/config/config_manager.go:111.77,114.22 3 0
gcli2api-go/internal/config/config_manager.go:114.22,117.3 2 0
gcli2api-go/internal/config/config_manager.go:117.8,119.3 1 0
gcli2api-go/internal/config/config_manager.go:121.2,121.34 1 0
gcli2api-go/internal/config/config_manager.go:121.34,123.3 1 0
gcli2api-go/internal/config/config_manager.go:125.2,127.25 3 0
gcli2api-go/internal/config/config_manager.go:127.25,129.3 1 0
gcli2api-go/internal/config/config_manager.go:130.2,131.16 2 0
gcli2api-go/internal/config/config_manager.go:131.16,133.3 1 0
gcli2api-go/internal/config/config_manager.go:135.2,136.12 2 0
gcli2api-go/internal/config/config_manager.go:140.34,142.23 2 0
gcli2api-go/internal/config/config_manager.go:142.23,144.3 1 0
gcli2api-go/internal/config/config_manager.go:147.94,153.2 5 0
gcli2api-go/internal/config/config_manager.go:155.65,158.31 2 0
gcli2api-go/internal/config/config_manager.go:158.31,160.3 1 0
gcli2api-go/internal/config/config_manager.go:162.2,162.39 1 0
gcli2api-go/internal/config/config_manager.go:162.39,168.20 2 0
gcli2api-go/internal/config/config_manager.go:168.20,171.4 2 0
gcli2api-go/internal/config/config_manager.go:172.3,172.81 1 0
gcli2api-go/internal/config/config_watcher.go:10.41,12.12 2 0
gcli2api-go/internal/config/config_watcher.go:12.12,13.7 1 0
gcli2api-go/internal/config/config_watcher.go:13.7,14.11 1 0
gcli2api-go/internal/config/config_watcher.go:15.24,16.24 1 0
gcli2api-go/internal/config/config_watcher.go:17.21,18.11 1 0
gcli2api-go/internal/config/config_watcher.go:24.43,25.25 1 0
gcli2api-go/internal/config/config_watcher.go:25.25,27.3 1 0
gcli2api-go/internal/config/config_watcher.go:29.2,30.16 2 0
gcli2api-go/internal/config/config_watcher.go:30.16,32.3 1 0
gcli2api-go/internal/config/config_watcher.go:34.2,34.38 1 0
gcli2api-go/internal/config/config_watcher.go:34.38,37.35 2 0
gcli2api-go/internal/config/config_watcher.go:37.35,40.4 2 0
gcli2api-go/internal/config/config_watcher.go:42.3,46.44 4 0
gcli2api-go/internal/config/config_watcher.go:50.65,51.38 1 0
gcli2api-go/internal/config/config_watcher.go:51.38,53.3 1 0
gcli2api-go/internal/config/config_watcher.go:54.2,54.28 1 0
gcli2api-go/internal/config/config_watcher.go:54.28,56.3 1 0
gcli2api-go/internal/config/config_watcher.go:57.2,57.38 1 0
gcli2api-go/internal/config/config_watcher.go:57.38,59.3 1 0
gcli2api-go/internal/config/config_watcher.go:60.2,60.50 1 0
gcli2api-go/internal/config/config_watcher.go:60.50,62.3 1 0
gcli2api-go/internal/config/config_watcher.go:63.2,63.32 1 0
gcli2api-go/internal/config/config_watcher.go:63.32,65.3 1 0
gcli2api-go/internal/config/defaults.go:109.34,211.2 1 1
gcli2api-go/internal/config/defaults.go:214.34,217.24 2 0
gcli2api-go/internal/config/defaults.go:217.24,219.3 1 0
gcli2api-go/internal/config/defaults.go:220.2,220.24 1 0
gcli2api-go/internal/config/defaults.go:220.24,222.3 1 0
gcli2api-go/internal/config/defaults.go:223.2,223.21 1 0
gcli2api-go/internal/config/defaults.go:223.21,225.3 1 0
gcli2api-go/internal/config/defaults.go:226.2,226.28 1 0
gcli2api-go/internal/config/defaults.go:226.28,228.3 1 0
gcli2api-go/internal/config/defaults.go:229.2,229.28 1 0
gcli2api-go/internal/config/defaults.go:229.28,231.3 1 0
gcli2api-go/internal/config/defaults.go:232.2,232.24 1 0
gcli2api-go/internal/config/defaults.go:232.24,234.3 1 0
gcli2api-go/internal/config/defaults.go:235.2,235.29 1 0
gcli2api-go/internal/config/defaults.go:235.29,237.3 1 0
gcli2api-go/internal/config/defaults.go:238.2,238.21 1 0
gcli2api-go/internal/config/defaults.go:238.21,240.3 1 0
gcli2api-go/internal/config/defaults.go:241.2,241.29 1 0
gcli2api-go/internal/config/defaults.go:241.29,243.3 1 0
gcli2api-go/internal/config/defaults.go:244.2,244.32 1 0
gcli2api-go/internal/config/defaults.go:244.32,246.3 1 0
gcli2api-go/internal/config/defaults.go:247.2,247.30 1 0
gcli2api-go/internal/config/defaults.go:247.30,249.3 1 0
gcli2api-go/internal/config/defaults.go:250.2,250.35 1 0
gcli2api-go/internal/config/defaults.go:250.35,252.3 1 0
gcli2api-go/internal/config/defaults.go:253.2,253.33 1 0
gcli2api-go/internal/config/defaults.go:253.33,255.3 1 0
gcli2api-go/internal/config/defaults.go:256.2,256.25 1 0
gcli2api-go/internal/config/defaults.go:256.25,258.3 1 0
gcli2api-go/internal/config/defaults.go:259.2,259.27 1 0
gcli2api-go/internal/config/defaults.go:259.27,261.3 1 0
gcli2api-go/internal/config/defaults.go:262.2,262.27 1 0
gcli2api-go/internal/config/defaults.go:262.27,264.3 1 0
gcli2api-go/internal/config/defaults.go:265.2,265.35 1 0
[...]
gcli2api-go/internal/upstream/gemini/client_models.go:155.28,156.55 1 1
gcli2api-go/internal/upstream/gemini/client_models.go:156.55,157.35 1 1
gcli2api-go/internal/upstream/gemini/client_models.go:157.35,159.6 1 1
gcli2api-go/internal/upstream/gemini/client_models.go:161.4,161.31 1 1
gcli2api-go/internal/upstream/gemini/client_models.go:163.13,164.26 1 1
gcli2api-go/internal/upstream/gemini/client_models.go:164.26,166.4 1 1
gcli2api-go/internal/upstream/gemini/client_models.go:167.14,168.27 1 1
gcli2api-go/internal/upstream/gemini/client_models.go:172.62,173.17 1 1
gcli2api-go/internal/upstream/gemini/client_models.go:173.17,175.3 1 0
gcli2api-go/internal/upstream/gemini/client_models.go:176.2,177.23 2 1
gcli2api-go/internal/upstream/gemini/client_models.go:177.23,179.3 1 0
gcli2api-go/internal/upstream/gemini/client_models.go:180.2,180.32 1 1
gcli2api-go/internal/upstream/gemini/client_models.go:180.32,182.20 2 1
gcli2api-go/internal/upstream/gemini/client_models.go:182.20,183.12 1 0
gcli2api-go/internal/upstream/gemini/client_models.go:185.3,185.29 1 1
gcli2api-go/internal/upstream/gemini/client_payload.go:12.62,14.44 2 1
gcli2api-go/internal/upstream/gemini/client_payload.go:14.44,15.108 1 1
gcli2api-go/internal/upstream/gemini/client_payload.go:15.108,17.4 1 1
gcli2api-go/internal/upstream/gemini/client_payload.go:19.2,19.12 1 1
gcli2api-go/internal/upstream/gemini/client_payload.go:23.55,24.35 1 1
gcli2api-go/internal/upstream/gemini/client_payload.go:24.35,26.3 1 0
gcli2api-go/internal/upstream/gemini/client_payload.go:27.2,28.16 2 1
gcli2api-go/internal/upstream/gemini/client_payload.go:28.16,30.3 1 0
gcli2api-go/internal/upstream/gemini/client_payload.go:31.2,31.12 1 1
gcli2api-go/internal/upstream/gemini/client_payload.go:35.54,36.17 1 1
gcli2api-go/internal/upstream/gemini/client_payload.go:36.17,38.3 1 0
gcli2api-go/internal/upstream/gemini/client_payload.go:39.2,40.116 2 1
gcli2api-go/internal/upstream/gemini/client_payload.go:40.116,42.3 1 1
gcli2api-go/internal/upstream/gemini/client_payload.go:43.2,43.14 1 1
gcli2api-go/internal/upstream/gemini/client_retry.go:12.57,15.15 3 0
gcli2api-go/internal/upstream/gemini/client_retry.go:15.15,17.3 1 0
gcli2api-go/internal/upstream/gemini/client_retry.go:18.2,18.14 1 0
gcli2api-go/internal/upstream/gemini/client_retry.go:18.14,20.3 1 0
gcli2api-go/internal/upstream/gemini/client_retry.go:21.2,22.15 2 0
gcli2api-go/internal/upstream/gemini/client_retry.go:22.15,24.3 1 0
gcli2api-go/internal/upstream/gemini/client_retry.go:25.2,26.36 2 0
gcli2api-go/internal/upstream/gemini/client_retry.go:29.54,31.13 2 1
gcli2api-go/internal/upstream/gemini/client_retry.go:31.13,33.3 1 1
gcli2api-go/internal/upstream/gemini/client_retry.go:34.2,34.46 1 1
gcli2api-go/internal/upstream/gemini/client_retry.go:34.46,35.15 1 1
gcli2api-go/internal/upstream/gemini/client_retry.go:35.15,37.4 1 0
gcli2api-go/internal/upstream/gemini/client_retry.go:38.3,38.49 1 1
gcli2api-go/internal/upstream/gemini/client_retry.go:40.2,41.33 2 1
gcli2api-go/internal/upstream/gemini/client_retry.go:41.33,42.50 1 1
gcli2api-go/internal/upstream/gemini/client_retry.go:42.50,44.13 2 1
gcli2api-go/internal/upstream/gemini/client_retry.go:44.13,46.5 1 0
gcli2api-go/internal/upstream/gemini/client_retry.go:47.4,47.18 1 1
gcli2api-go/internal/upstream/gemini/client_retry.go:50.2,50.17 1 0
gcli2api-go/internal/upstream/gemini/client_retry.go:53.36,54.16 1 1
gcli2api-go/internal/upstream/gemini/client_retry.go:54.16,56.3 1 1
gcli2api-go/internal/upstream/gemini/client_retry.go:57.2,57.36 1 1
gcli2api-go/internal/upstream/gemini/client_retry.go:57.36,58.19 1 1
gcli2api-go/internal/upstream/gemini/client_retry.go:58.19,60.4 1 1
gcli2api-go/internal/upstream/gemini/client_retry.go:61.3,61.20 1 1
gcli2api-go/internal/upstream/gemini/client_retry.go:61.20,63.43 2 1
gcli2api-go/internal/upstream/gemini/client_retry.go:63.43,65.5 1 1
gcli2api-go/internal/upstream/gemini/client_retry.go:66.4,66.47 1 1
gcli2api-go/internal/upstream/gemini/client_retry.go:66.47,68.5 1 0
gcli2api-go/internal/upstream/gemini/client_retry.go:69.4,69.42 1 1
gcli2api-go/internal/upstream/gemini/client_retry.go:69.42,71.5 1 0
gcli2api-go/internal/upstream/gemini/client_retry.go:72.4,72.42 1 1
gcli2api-go/internal/upstream/gemini/client_retry.go:72.42,74.5 1 0
gcli2api-go/internal/upstream/gemini/client_retry.go:77.2,78.46 2 1
gcli2api-go/internal/upstream/gemini/client_retry.go:78.46,80.3 1 1
gcli2api-go/internal/upstream/gemini/client_retry.go:81.2,81.45 1 1
gcli2api-go/internal/upstream/gemini/client_retry.go:81.45,83.3 1 0
gcli2api-go/internal/upstream/gemini/client_retry.go:84.2,84.41 1 1
gcli2api-go/internal/upstream/gemini/client_retry.go:84.41,86.3 1 0
gcli2api-go/internal/upstream/gemini/client_retry.go:87.2,87.45 1 1
gcli2api-go/internal/upstream/gemini/client_retry.go:87.45,89.3 1 1
gcli2api-go/internal/upstream/gemini/client_retry.go:90.2,90.40 1 1
gcli2api-go/internal/upstream/gemini/client_retry.go:90.40,92.3 1 0
gcli2api-go/internal/upstream/gemini/client_retry.go:93.2,93.36 1 1
gcli2api-go/internal/upstream/gemini/client_retry.go:93.36,95.3 1 0
gcli2api-go/internal/upstream/gemini/client_retry.go:96.2,96.16 1 1
gcli2api-go/internal/upstream/gemini/executor.go:18.48,20.2 1 1
gcli2api-go/internal/upstream/gemini/executor.go:22.63,23.17 1 0
gcli2api-go/internal/upstream/gemini/executor.go:23.17,25.3 1 0
gcli2api-go/internal/upstream/gemini/executor.go:26.2,26.39 1 0
gcli2api-go/internal/upstream/gemini/executor.go:30.68,34.41 2 1
gcli2api-go/internal/upstream/gemini/executor.go:34.41,36.37 2 1
gcli2api-go/internal/upstream/gemini/executor.go:36.37,37.60 1 1
gcli2api-go/internal/upstream/gemini/executor.go:37.60,40.46 3 1
gcli2api-go/internal/upstream/gemini/executor.go:40.46,42.6 1 1
gcli2api-go/internal/upstream/gemini/executor.go:46.2,46.12 1 1
gcli2api-go/internal/upstream/gemini/executor.go:49.123,54.2 4 0
gcli2api-go/internal/upstream/gemini/executor.go:56.129,61.2 4 0
gcli2api-go/internal/upstream/gemini/executor.go:63.127,68.2 4 0
gcli2api-go/internal/upstream/gemini/provider.go:23.48,29.2 1 0
gcli2api-go/internal/upstream/gemini/provider.go:32.41,34.2 1 0
gcli2api-go/internal/upstream/gemini/provider.go:36.34,36.58 1 0
gcli2api-go/internal/upstream/gemini/provider.go:38.57,39.21 1 0
gcli2api-go/internal/upstream/gemini/provider.go:39.21,41.3 1 0
gcli2api-go/internal/upstream/gemini/provider.go:42.2,42.65 1 0
gcli2api-go/internal/upstream/gemini/provider.go:45.82,47.20 2 0
gcli2api-go/internal/upstream/gemini/provider.go:47.20,49.3 1 0
gcli2api-go/internal/upstream/gemini/provider.go:50.2,52.110 3 0
gcli2api-go/internal/upstream/gemini/provider.go:55.84,57.20 2 0
gcli2api-go/internal/upstream/gemini/provider.go:57.20,59.3 1 0
gcli2api-go/internal/upstream/gemini/provider.go:60.2,62.110 3 0
gcli2api-go/internal/upstream/gemini/provider.go:65.90,68.97 3 0
gcli2api-go/internal/upstream/gemini/provider.go:68.97,70.3 1 0
gcli2api-go/internal/upstream/gemini/provider.go:71.2,71.19 1 0
gcli2api-go/internal/upstream/gemini/provider.go:71.19,73.3 1 0
gcli2api-go/internal/upstream/gemini/provider.go:74.2,74.20 1 0
gcli2api-go/internal/upstream/gemini/provider.go:74.20,76.3 1 0
gcli2api-go/internal/upstream/gemini/provider.go:77.2,78.92 2 0
gcli2api-go/internal/upstream/gemini/provider.go:81.67,82.34 1 0
gcli2api-go/internal/upstream/gemini/provider.go:82.34,84.3 1 0
gcli2api-go/internal/upstream/gemini/provider.go:85.2,86.35 2 0
gcli2api-go/internal/upstream/gemini/provider.go:86.35,89.3 2 0
gcli2api-go/internal/upstream/gemini/provider.go:90.2,100.10 7 0
gcli2api-go/internal/upstream/gemini/provider.go:104.46,105.18 1 0
gcli2api-go/internal/upstream/gemini/provider.go:105.18,107.3 1 0
gcli2api-go/internal/upstream/gemini/provider.go:108.2,110.20 3 0
gcli2api-go/internal/upstream/strategy/global.go:11.30,12.14 1 0
gcli2api-go/internal/upstream/strategy/global.go:12.14,14.3 1 0
gcli2api-go/internal/upstream/strategy/global.go:15.2,15.24 1 0
gcli2api-go/internal/upstream/strategy/global.go:15.24,15.44 1 0
gcli2api-go/internal/upstream/strategy/global.go:19.29,19.52 1 0
gcli2api-go/internal/upstream/strategy/helpers.go:10.51,11.16 1 1
gcli2api-go/internal/upstream/strategy/helpers.go:11.16,13.3 1 0
gcli2api-go/internal/upstream/strategy/helpers.go:14.2,14.62 1 1
gcli2api-go/internal/upstream/strategy/helpers.go:14.62,17.3 2 1
gcli2api-go/internal/upstream/strategy/helpers.go:18.2,19.57 2 0
gcli2api-go/internal/upstream/strategy/helpers.go:19.57,21.18 2 0
gcli2api-go/internal/upstream/strategy/helpers.go:21.18,24.4 2 0
gcli2api-go/internal/upstream/strategy/helpers.go:26.2,26.11 1 0
gcli2api-go/internal/upstream/strategy/helpers.go:29.70,30.16 1 1
gcli2api-go/internal/upstream/strategy/helpers.go:30.16,32.3 1 0
gcli2api-go/internal/upstream/strategy/helpers.go:33.2,33.62 1 1
gcli2api-go/internal/upstream/strategy/helpers.go:33.62,36.3 2 1
gcli2api-go/internal/upstream/strategy/helpers.go:37.2,38.57 2 1
gcli2api-go/internal/upstream/strategy/helpers.go:38.57,40.18 2 1
gcli2api-go/internal/upstream/strategy/helpers.go:40.18,43.4 2 1
gcli2api-go/internal/upstream/strategy/helpers.go:45.2,45.15 1 1
gcli2api-go/internal/upstream/strategy/helpers.go:48.37,49.9 1 1
gcli2api-go/internal/upstream/strategy/helpers.go:50.19,51.15 1 0
gcli2api-go/internal/upstream/strategy/helpers.go:52.19,53.15 1 0
gcli2api-go/internal/upstream/strategy/helpers.go:54.34,55.15 1 1
gcli2api-go/internal/upstream/strategy/helpers.go:56.10,57.17 1 0
gcli2api-go/internal/upstream/strategy/strategy_constructor.go:9.97,10.22 1 1
gcli2api-go/internal/upstream/strategy/strategy_constructor.go:10.22,11.28 1 0
gcli2api-go/internal/upstream/strategy/strategy_constructor.go:11.29,11.30 0 0
gcli2api-go/internal/upstream/strategy/strategy_constructor.go:13.2,21.3 1 1
gcli2api-go/internal/upstream/strategy/strategy_constructor.go:25.50,26.14 1 0
gcli2api-go/internal/upstream/strategy/strategy_constructor.go:26.14,28.3 1 0
gcli2api-go/internal/upstream/strategy/strategy_constructor.go:29.2,29.15 1 0
gcli2api-go/internal/upstream/strategy/strategy_constructor.go:29.15,30.21 1 0
gcli2api-go/internal/upstream/strategy/strategy_constructor.go:30.22,30.23 0 0
gcli2api-go/internal/upstream/strategy/strategy_constructor.go:32.2,34.15 3 0
gcli2api-go/internal/upstream/strategy/strategy_cooldown.go:10.56,11.18 1 1
gcli2api-go/internal/upstream/strategy/strategy_cooldown.go:11.18,13.3 1 0
gcli2api-go/internal/upstream/strategy/strategy_cooldown.go:14.2,14.32 1 1
gcli2api-go/internal/upstream/strategy/strategy_cooldown.go:14.32,16.39 2 1
gcli2api-go/internal/upstream/strategy/strategy_cooldown.go:16.39,17.23 1 1
gcli2api-go/internal/upstream/strategy/strategy_cooldown.go:17.23,19.5 1 1
gcli2api-go/internal/upstream/strategy/strategy_cooldown.go:19.10,23.5 3 0
gcli2api-go/internal/upstream/strategy/strategy_cooldown.go:25.3,26.9 2 1
gcli2api-go/internal/upstream/strategy/strategy_cooldown.go:28.2,29.21 2 1
gcli2api-go/internal/upstream/strategy/strategy_cooldown.go:29.21,31.3 1 0
gcli2api-go/internal/upstream/strategy/strategy_cooldown.go:32.2,33.15 2 1
gcli2api-go/internal/upstream/strategy/strategy_cooldown.go:33.15,35.3 1 0
gcli2api-go/internal/upstream/strategy/strategy_cooldown.go:36.2,37.14 2 1
gcli2api-go/internal/upstream/strategy/strategy_cooldown.go:37.14,39.3 1 0
gcli2api-go/internal/upstream/strategy/strategy_cooldown.go:40.2,44.15 5 1
gcli2api-go/internal/upstream/strategy/strategy_cooldown.go:44.15,46.3 1 0
gcli2api-go/internal/upstream/strategy/strategy_cooldown.go:47.2,51.55 5 1
gcli2api-go/internal/upstream/strategy/strategy_cooldown.go:54.53,58.9 4 1
gcli2api-go/internal/upstream/strategy/strategy_cooldown.go:58.9,60.3 1 1
gcli2api-go/internal/upstream/strategy/strategy_cooldown.go:61.2,61.36 1 1
gcli2api-go/internal/upstream/strategy/strategy_cooldown.go:65.54,66.18 1 1
gcli2api-go/internal/upstream/strategy/strategy_cooldown.go:66.18,68.3 1 0
gcli2api-go/internal/upstream/strategy/strategy_cooldown.go:69.2,71.37 3 1
gcli2api-go/internal/upstream/strategy/strategy_cooldown.go:71.37,75.3 3 1
gcli2api-go/internal/upstream/strategy/strategy_cooldown.go:76.2,76.14 1 0
gcli2api-go/internal/upstream/strategy/strategy_cooldown.go:80.77,81.34 1 1
gcli2api-go/internal/upstream/strategy/strategy_cooldown.go:81.34,83.3 1 0
gcli2api-go/internal/upstream/strategy/strategy_cooldown.go:84.2,88.42 5 1
gcli2api-go/internal/upstream/strategy/strategy_cooldown.go:92.53,97.33 5 1
gcli2api-go/internal/upstream/strategy/strategy_cooldown.go:97.33,99.27 2 1
gcli2api-go/internal/upstream/strategy/strategy_cooldown.go:99.27,101.4 1 1
gcli2api-go/internal/upstream/strategy/strategy_cooldown.go:102.3,103.14 2 1
gcli2api-go/internal/upstream/strategy/strategy_cooldown.go:103.14,105.4 1 1
gcli2api-go/internal/upstream/strategy/strategy_cooldown.go:105.9,107.4 1 0
gcli2api-go/internal/upstream/strategy/strategy_cooldown.go:109.2,110.27 2 1
gcli2api-go/internal/upstream/strategy/strategy_logs.go:4.43,6.37 2 1
gcli2api-go/internal/upstream/strategy/strategy_logs.go:6.37,9.3 2 0
gcli2api-go/internal/upstream/strategy/strategy_logs.go:9.8,11.3 1 1
gcli2api-go/internal/upstream/strategy/strategy_logs.go:12.2,12.15 1 1
gcli2api-go/internal/upstream/strategy/strategy_logs.go:16.47,17.16 1 1
gcli2api-go/internal/upstream/strategy/strategy_logs.go:17.16,19.3 1 0
gcli2api-go/internal/upstream/strategy/strategy_logs.go:20.2,23.12 4 1
gcli2api-go/internal/upstream/strategy/strategy_logs.go:23.12,25.3 1 0
gcli2api-go/internal/upstream/strategy/strategy_logs.go:26.2,26.15 1 1
gcli2api-go/internal/upstream/strategy/strategy_logs.go:26.15,28.3 1 1
gcli2api-go/internal/upstream/strategy/strategy_logs.go:29.2,31.12 3 1
gcli2api-go/internal/upstream/strategy/strategy_pick.go:14.86,15.22 1 1
gcli2api-go/internal/upstream/strategy/strategy_pick.go:15.22,17.3 1 0
gcli2api-go/internal/upstream/strategy/strategy_pick.go:19.2,19.63 1 1
gcli2api-go/internal/upstream/strategy/strategy_pick.go:19.63,20.37 1 1
gcli2api-go/internal/upstream/strategy/strategy_pick.go:20.37,21.86 1 1
gcli2api-go/internal/upstream/strategy/strategy_pick.go:21.86,22.18 1 1
gcli2api-go/internal/upstream/strategy/strategy_pick.go:22.18,24.6 1 0
gcli2api-go/internal/upstream/strategy/strategy_pick.go:25.5,27.42 3 1
gcli2api-go/internal/upstream/strategy/strategy_pick.go:32.2,34.26 3 1
gcli2api-go/internal/upstream/strategy/strategy_pick.go:34.26,35.29 1 1
gcli2api-go/internal/upstream/strategy/strategy_pick.go:35.29,36.12 1 0
gcli2api-go/internal/upstream/strategy/strategy_pick.go:38.3,38.27 1 1
gcli2api-go/internal/upstream/strategy/strategy_pick.go:38.27,39.12 1 1
gcli2api-go/internal/upstream/strategy/strategy_pick.go:41.3,41.35 1 1
gcli2api-go/internal/upstream/strategy/strategy_pick.go:41.35,42.12 1 0
gcli2api-go/internal/upstream/strategy/strategy_pick.go:44.3,44.37 1 1
gcli2api-go/internal/upstream/strategy/strategy_pick.go:46.2,46.26 1 1
gcli2api-go/internal/upstream/strategy/strategy_pick.go:46.26,48.3 1 1
gcli2api-go/internal/upstream/strategy/strategy_pick.go:49.2,52.26 4 1
gcli2api-go/internal/upstream/strategy/strategy_pick.go:52.26,54.3 1 1
gcli2api-go/internal/upstream/strategy/strategy_pick.go:54.8,61.22 7 1
gcli2api-go/internal/upstream/strategy/strategy_pick.go:61.22,63.4 1 0
gcli2api-go/internal/upstream/strategy/strategy_pick.go:63.9,65.4 1 1
gcli2api-go/internal/upstream/strategy/strategy_pick.go:67.2,67.19 1 1
gcli2api-go/internal/upstream/strategy/strategy_pick.go:67.19,69.3 1 0
gcli2api-go/internal/upstream/strategy/strategy_pick.go:70.2,72.61 2 1
gcli2api-go/internal/upstream/strategy/strategy_pick.go:72.61,74.15 2 1
gcli2api-go/internal/upstream/strategy/strategy_pick.go:74.15,76.4 1 0
gcli2api-go/internal/upstream/strategy/strategy_pick.go:77.3,77.35 1 1
gcli2api-go/internal/upstream/strategy/strategy_pick.go:79.2,80.15 2 1
gcli2api-go/internal/upstream/strategy/strategy_pick.go:84.106,86.17 2 1
gcli2api-go/internal/upstream/strategy/strategy_pick.go:86.17,88.3 1 0
gcli2api-go/internal/upstream/strategy/strategy_pick.go:89.2,91.40 3 1
gcli2api-go/internal/upstream/strategy/strategy_pick.go:91.40,92.34 1 1
gcli2api-go/internal/upstream/strategy/strategy_pick.go:92.34,95.9 3 1
gcli2api-go/internal/upstream/strategy/strategy_pick.go:98.2,98.17 1 1
gcli2api-go/internal/upstream/strategy/strategy_pick.go:101.60,102.28 1 1
gcli2api-go/internal/upstream/strategy/strategy_pick.go:102.28,104.3 1 0
gcli2api-go/internal/upstream/strategy/strategy_pick.go:105.2,105.26 1 1
gcli2api-go/internal/upstream/strategy/strategy_pick.go:105.26,107.3 1 0
gcli2api-go/internal/upstream/strategy/strategy_pick.go:108.2,109.12 2 1
gcli2api-go/internal/upstream/strategy/strategy_pick.go:109.12,111.3 1 0
gcli2api-go/internal/upstream/strategy/strategy_pick.go:112.2,112.42 1 1
gcli2api-go/internal/upstream/strategy/strategy_pick.go:112.42,114.18 2 1
gcli2api-go/internal/upstream/strategy/strategy_pick.go:114.18,116.4 1 0
gcli2api-go/internal/upstream/strategy/strategy_pick.go:116.9,116.26 1 1
gcli2api-go/internal/upstream/strategy/strategy_pick.go:116.26,118.4 1 1
gcli2api-go/internal/upstream/strategy/strategy_pick.go:120.2,120.11 1 1
gcli2api-go/internal/upstream/strategy/strategy_refresh.go:11.108,12.34 1 1
gcli2api-go/internal/upstream/strategy/strategy_refresh.go:12.34,14.3 1 0
gcli2api-go/internal/upstream/strategy/strategy_refresh.go:15.2,15.29 1 1
gcli2api-go/internal/upstream/strategy/strategy_refresh.go:15.29,16.64 1 0
gcli2api-go/internal/upstream/strategy/strategy_refresh.go:16.64,18.74 2 0
gcli2api-go/internal/upstream/strategy/strategy_refresh.go:18.74,20.5 1 0
gcli2api-go/internal/upstream/strategy/strategy_refresh.go:23.2,23.10 1 1
gcli2api-go/internal/upstream/strategy/strategy_refresh.go:27.101,28.38 1 0
gcli2api-go/internal/upstream/strategy/strategy_refresh.go:28.38,30.3 1 0
gcli2api-go/internal/upstream/strategy/strategy_refresh.go:31.2,31.65 1 0
gcli2api-go/internal/upstream/strategy/strategy_refresh.go:31.65,33.3 1 0
gcli2api-go/internal/upstream/strategy/strategy_refresh.go:34.2,35.74 2 0
gcli2api-go/internal/upstream/strategy/strategy_refresh.go:35.74,37.3 1 0
gcli2api-go/internal/upstream/strategy/strategy_refresh.go:38.2,38.19 1 0
gcli2api-go/internal/upstream/strategy/strategy_refresh.go:41.70,42.35 1 1
gcli2api-go/internal/upstream/strategy/strategy_refresh.go:42.35,44.3 1 1
gcli2api-go/internal/upstream/strategy/strategy_refresh.go:45.2,45.26 1 0
gcli2api-go/internal/upstream/strategy/strategy_refresh.go:45.26,47.3 1 0
gcli2api-go/internal/upstream/strategy/strategy_refresh.go:48.2,48.25 1 0
gcli2api-go/internal/upstream/strategy/strategy_refresh.go:48.25,50.3 1 0
gcli2api-go/internal/upstream/strategy/strategy_refresh.go:51.2,51.26 1 0
gcli2api-go/internal/upstream/strategy/strategy_refresh.go:51.26,53.3 1 0
gcli2api-go/internal/upstream/strategy/strategy_refresh.go:54.2,55.16 2 0
gcli2api-go/internal/upstream/strategy/strategy_refresh.go:55.16,57.3 1 0
gcli2api-go/internal/upstream/strategy/strategy_refresh.go:58.2,58.41 1 0
gcli2api-go/internal/upstream/strategy/strategy_sticky.go:9.69,10.31 1 1
gcli2api-go/internal/upstream/strategy/strategy_sticky.go:10.31,12.3 1 0
gcli2api-go/internal/upstream/strategy/strategy_sticky.go:13.2,16.51 4 1
gcli2api-go/internal/upstream/strategy/strategy_sticky.go:19.57,20.15 1 1
gcli2api-go/internal/upstream/strategy/strategy_sticky.go:20.15,22.3 1 0
gcli2api-go/internal/upstream/strategy/strategy_sticky.go:23.2,26.9 4 1
gcli2api-go/internal/upstream/strategy/strategy_sticky.go:26.9,28.3 1 0
gcli2api-go/internal/upstream/strategy/strategy_sticky.go:29.2,29.34 1 1
gcli2api-go/internal/upstream/strategy/strategy_sticky.go:29.34,36.3 6 1
gcli2api-go/internal/upstream/strategy/strategy_sticky.go:37.2,37.24 1 1
gcli2api-go/tests/testserver.go:9.75,12.9 3 1
gcli2api-go/tests/testserver.go:12.9,13.16 1 1
gcli2api-go/tests/testserver.go:13.16,14.32 1 1
gcli2api-go/tests/testserver.go:14.32,16.5 1 0
gcli2api-go/tests/testserver.go:18.3,18.36 1 1
gcli2api-go/tests/testserver.go:20.2,20.12 1 1
