{"total": {"lines":{"total":2813,"covered":2106,"skipped":0,"pct":74.86},"statements":{"total":2813,"covered":2106,"skipped":0,"pct":74.86},"functions":{"total":184,"covered":89,"skipped":0,"pct":48.36},"branches":{"total":354,"covered":244,"skipped":0,"pct":68.92},"branchesTrue":{"total":0,"covered":0,"skipped":0,"pct":100}}
,"/Users/jin/Desktop/gemini cli 2api/gcli2api-go/web/src/admin.ts": {"lines":{"total":1,"covered":0,"skipped":0,"pct":0},"functions":{"total":1,"covered":0,"skipped":0,"pct":0},"statements":{"total":1,"covered":0,"skipped":0,"pct":0},"branches":{"total":1,"covered":0,"skipped":0,"pct":0}}
,"/Users/jin/Desktop/gemini cli 2api/gcli2api-go/web/src/api.ts": {"lines":{"total":19,"covered":0,"skipped":0,"pct":0},"functions":{"total":1,"covered":0,"skipped":0,"pct":0},"statements":{"total":19,"covered":0,"skipped":0,"pct":0},"branches":{"total":1,"covered":0,"skipped":0,"pct":0}}
,"/Users/jin/Desktop/gemini cli 2api/gcli2api-go/web/src/creds_view.ts": {"lines":{"total":212,"covered":153,"skipped":0,"pct":72.16},"functions":{"total":11,"covered":6,"skipped":0,"pct":54.54},"statements":{"total":212,"covered":153,"skipped":0,"pct":72.16},"branches":{"total":42,"covered":27,"skipped":0,"pct":64.28}}
,"/Users/jin/Desktop/gemini cli 2api/gcli2api-go/web/src/ui.ts": {"lines":{"total":834,"covered":563,"skipped":0,"pct":67.5},"functions":{"total":45,"covered":6,"skipped":0,"pct":13.33},"statements":{"total":834,"covered":563,"skipped":0,"pct":67.5},"branches":{"total":17,"covered":9,"skipped":0,"pct":52.94}}
,"/Users/jin/Desktop/gemini cli 2api/gcli2api-go/web/src/api/base.ts": {"lines":{"total":455,"covered":331,"skipped":0,"pct":72.74},"functions":{"total":27,"covered":20,"skipped":0,"pct":74.07},"statements":{"total":455,"covered":331,"skipped":0,"pct":72.74},"branches":{"total":95,"covered":50,"skipped":0,"pct":52.63}}
,"/Users/jin/Desktop/gemini cli 2api/gcli2api-go/web/src/components/dialog.ts": {"lines":{"total":213,"covered":191,"skipped":0,"pct":89.67},"functions":{"total":16,"covered":11,"skipped":0,"pct":68.75},"statements":{"total":213,"covered":191,"skipped":0,"pct":89.67},"branches":{"total":27,"covered":24,"skipped":0,"pct":88.88}}
,"/Users/jin/Desktop/gemini cli 2api/gcli2api-go/web/src/components/notification.ts": {"lines":{"total":127,"covered":127,"skipped":0,"pct":100},"functions":{"total":8,"covered":8,"skipped":0,"pct":100},"statements":{"total":127,"covered":127,"skipped":0,"pct":100},"branches":{"total":20,"covered":15,"skipped":0,"pct":75}}
,"/Users/jin/Desktop/gemini cli 2api/gcli2api-go/web/src/creds/filter.ts": {"lines":{"total":61,"covered":54,"skipped":0,"pct":88.52},"functions":{"total":2,"covered":2,"skipped":0,"pct":100},"statements":{"total":61,"covered":54,"skipped":0,"pct":88.52},"branches":{"total":19,"covered":14,"skipped":0,"pct":73.68}}
,"/Users/jin/Desktop/gemini cli 2api/gcli2api-go/web/src/creds/health.ts": {"lines":{"total":74,"covered":71,"skipped":0,"pct":95.94},"functions":{"total":3,"covered":3,"skipped":0,"pct":100},"statements":{"total":74,"covered":71,"skipped":0,"pct":95.94},"branches":{"total":27,"covered":23,"skipped":0,"pct":85.18}}
,"/Users/jin/Desktop/gemini cli 2api/gcli2api-go/web/src/services/cache.ts": {"lines":{"total":259,"covered":234,"skipped":0,"pct":90.34},"functions":{"total":23,"covered":15,"skipped":0,"pct":65.21},"statements":{"total":259,"covered":234,"skipped":0,"pct":90.34},"branches":{"total":39,"covered":36,"skipped":0,"pct":92.3}}
,"/Users/jin/Desktop/gemini cli 2api/gcli2api-go/web/src/services/shortcut.ts": {"lines":{"total":226,"covered":118,"skipped":0,"pct":52.21},"functions":{"total":19,"covered":0,"skipped":0,"pct":0},"statements":{"total":226,"covered":118,"skipped":0,"pct":52.21},"branches":{"total":0,"covered":0,"skipped":0,"pct":100}}
,"/Users/jin/Desktop/gemini cli 2api/gcli2api-go/web/src/tabs/assembly.ts": {"lines":{"total":52,"covered":52,"skipped":0,"pct":100},"functions":{"total":6,"covered":4,"skipped":0,"pct":66.66},"statements":{"total":52,"covered":52,"skipped":0,"pct":100},"branches":{"total":11,"covered":6,"skipped":0,"pct":54.54}}
,"/Users/jin/Desktop/gemini cli 2api/gcli2api-go/web/src/utils/base_path.ts": {"lines":{"total":107,"covered":50,"skipped":0,"pct":46.72},"functions":{"total":8,"covered":2,"skipped":0,"pct":25},"statements":{"total":107,"covered":50,"skipped":0,"pct":46.72},"branches":{"total":22,"covered":18,"skipped":0,"pct":81.81}}
,"/Users/jin/Desktop/gemini cli 2api/gcli2api-go/web/src/utils/virtualize.ts": {"lines":{"total":173,"covered":162,"skipped":0,"pct":93.64},"functions":{"total":14,"covered":12,"skipped":0,"pct":85.71},"statements":{"total":173,"covered":162,"skipped":0,"pct":93.64},"branches":{"total":33,"covered":22,"skipped":0,"pct":66.66}}
}
