TN:
SF:src/admin.ts
FN:1,(empty-report)
FNF:1
FNH:0
FNDA:0,(empty-report)
DA:1,0
LF:1
LH:0
BRDA:1,0,0,0
BRF:1
BRH:0
end_of_record
TN:
SF:src/api.ts
FN:1,(empty-report)
FNF:1
FNH:0
FNDA:0,(empty-report)
DA:1,0
DA:2,0
DA:3,0
DA:4,0
DA:5,0
DA:6,0
DA:7,0
DA:8,0
DA:9,0
DA:10,0
DA:11,0
DA:12,0
DA:13,0
DA:14,0
DA:15,0
DA:16,0
DA:17,0
DA:18,0
DA:19,0
LF:19
LH:0
BRDA:1,0,0,0
BRF:1
BRH:0
end_of_record
TN:
SF:src/creds_view.ts
FN:18,escapeAttr
FN:22,friendlyErrorCodes
FN:32,renderActionButtons
FN:49,renderCredentialCard
FN:94,renderStatusBadge
FN:104,renderCredentialRow
FN:122,renderPager
FN:138,renderCredentialsList
FN:144,populateCredentialGrid
FN:155,renderChunk
FN:169,renderCredentialsTable
FNF:11
FNH:6
FNDA:3,escapeAttr
FNDA:1,friendlyErrorCodes
FNDA:3,renderActionButtons
FNDA:3,renderCredentialCard
FNDA:0,renderStatusBadge
FNDA:0,renderCredentialRow
FNDA:0,renderPager
FNDA:0,renderCredentialsList
FNDA:1,populateCredentialGrid
FNDA:1,renderChunk
FNDA:0,renderCredentialsTable
DA:1,1
DA:2,1
DA:3,1
DA:4,1
DA:5,1
DA:6,1
DA:7,1
DA:8,1
DA:9,1
DA:10,1
DA:11,1
DA:12,1
DA:13,1
DA:14,1
DA:15,1
DA:16,1
DA:17,1
DA:18,3
DA:19,3
DA:20,3
DA:21,1
DA:22,1
DA:23,1
DA:24,1
DA:25,2
DA:26,2
DA:27,2
DA:28,1
DA:29,1
DA:30,1
DA:31,1
DA:32,1
DA:33,3
DA:34,3
DA:35,0
DA:36,0
DA:37,0
DA:38,0
DA:39,3
DA:40,1
DA:41,1
DA:42,1
DA:43,1
DA:44,2
DA:45,2
DA:46,2
DA:47,2
DA:48,1
DA:49,1
DA:50,3
DA:51,3
DA:52,3
DA:53,3
DA:54,3
DA:55,3
DA:56,3
DA:57,3
DA:58,3
DA:59,3
DA:60,3
DA:61,3
DA:62,0
DA:63,3
DA:64,1
DA:65,2
DA:66,3
DA:67,3
DA:68,3
DA:69,1
DA:70,2
DA:71,3
DA:72,3
DA:73,3
DA:74,3
DA:75,3
DA:76,3
DA:77,3
DA:78,3
DA:79,3
DA:80,3
DA:81,3
DA:82,3
DA:83,3
DA:84,3
DA:85,3
DA:86,3
DA:87,3
DA:88,3
DA:89,3
DA:90,3
DA:91,3
DA:92,3
DA:93,1
DA:94,1
DA:95,0
DA:96,0
DA:97,0
DA:98,0
DA:99,0
DA:100,0
DA:101,0
DA:102,0
DA:103,1
DA:104,1
DA:105,0
DA:106,0
DA:107,0
DA:108,0
DA:109,0
DA:110,0
DA:111,0
DA:112,0
DA:113,0
DA:114,0
DA:115,0
DA:116,0
DA:117,0
DA:118,0
DA:119,0
DA:120,0
DA:121,1
DA:122,1
DA:123,0
DA:124,0
DA:125,0
DA:126,0
DA:127,0
DA:128,0
DA:129,0
DA:130,0
DA:131,0
DA:132,0
DA:133,0
DA:134,0
DA:135,0
DA:136,0
DA:137,1
DA:138,1
DA:139,0
DA:140,0
DA:141,0
DA:142,0
DA:143,1
DA:144,1
DA:145,1
DA:146,1
DA:147,1
DA:148,1
DA:149,1
DA:150,1
DA:151,1
DA:152,1
DA:153,1
DA:154,1
DA:155,1
DA:156,1
DA:157,1
DA:158,2
DA:159,2
DA:160,2
DA:161,2
DA:162,2
DA:163,1
DA:164,1
DA:165,1
DA:166,1
DA:167,1
DA:168,1
DA:169,1
DA:170,0
DA:171,0
DA:172,0
DA:173,0
DA:174,0
DA:175,0
DA:176,0
DA:177,0
DA:178,0
DA:179,0
DA:180,0
DA:181,0
DA:182,1
DA:183,1
DA:184,1
DA:185,1
DA:186,1
DA:187,1
DA:188,1
DA:189,1
DA:190,1
DA:191,1
DA:192,1
DA:193,1
DA:194,1
DA:195,1
DA:196,1
DA:197,1
DA:198,1
DA:199,1
DA:200,1
DA:201,1
DA:202,1
DA:203,1
DA:204,1
DA:205,1
DA:206,1
DA:207,1
DA:208,1
DA:209,1
DA:210,1
DA:211,1
DA:212,1
LF:212
LH:153
BRDA:18,0,0,3
BRDA:22,1,0,1
BRDA:24,2,0,2
BRDA:27,3,0,0
BRDA:32,4,0,3
BRDA:33,5,0,0
BRDA:33,6,0,0
BRDA:34,7,0,0
BRDA:39,8,0,1
BRDA:43,9,0,2
BRDA:49,10,0,3
BRDA:51,11,0,2
BRDA:54,12,0,2
BRDA:57,13,0,0
BRDA:57,14,0,0
BRDA:57,15,0,0
BRDA:57,16,0,0
BRDA:60,17,0,1
BRDA:60,18,0,2
BRDA:61,19,0,0
BRDA:63,20,0,1
BRDA:64,21,0,2
BRDA:68,22,0,1
BRDA:68,23,0,1
BRDA:69,24,0,2
BRDA:73,25,0,1
BRDA:73,26,0,2
BRDA:75,27,0,0
BRDA:80,28,0,2
BRDA:81,29,0,0
BRDA:82,30,0,2
BRDA:84,31,0,2
BRDA:85,32,0,2
BRDA:86,33,0,2
BRDA:144,34,0,1
BRDA:149,35,0,0
BRDA:150,36,0,0
BRDA:152,37,0,0
BRDA:155,38,0,1
BRDA:157,39,0,3
BRDA:157,40,0,2
BRDA:164,41,0,0
BRF:42
BRH:27
end_of_record
TN:
SF:src/ui.ts
FN:25,UIHelper
FN:321,escapeHTML
FN:338,escapeHTML
FN:348,loadTheme
FN:352,saveTheme
FN:356,applyTheme
FN:375,loadLang
FN:379,saveLang
FN:383,setLang
FN:385,initLangSelect
FN:387,t
FN:410,initThemeSelect
FN:414,banner
FN:426,hideBanner
FN:434,confirm
FN:441,getConfirmIcon
FN:448,confirmDelete
FN:455,confirmWarning
FN:469,debounce
FN:477,getHashParams
FN:490,setHashParams
FN:506,renderSkeleton
FN:511,renderEmpty
FN:515,renderErrorCard
FN:523,createGlobalLoading
FN:540,showNotification
FN:547,showProgressNotification
FN:554,removeNotification
FN:561,getNotificationIcon
FN:568,showGlobalLoading
FN:583,hideGlobalLoading
FN:593,showConfirmation
FN:600,hideConfirmation
FN:607,showModal
FN:629,showErrorDetails
FN:697,withLoading
FN:736,setButtonLoading
FN:759,createEventBus
FN:766,get eventBus
FN:776,throttle
FN:783,debounce
FN:790,createCacheManager
FN:797,createRefreshManager
FN:808,get refreshManager
FN:818,showAlert
FNF:45
FNH:6
FNDA:1,UIHelper
FNDA:0,escapeHTML
FNDA:0,escapeHTML
FNDA:0,loadTheme
FNDA:1,saveTheme
FNDA:1,applyTheme
FNDA:0,loadLang
FNDA:0,saveLang
FNDA:0,setLang
FNDA:0,initLangSelect
FNDA:7,t
FNDA:0,initThemeSelect
FNDA:0,banner
FNDA:0,hideBanner
FNDA:0,confirm
FNDA:0,getConfirmIcon
FNDA:0,confirmDelete
FNDA:0,confirmWarning
FNDA:0,debounce
FNDA:0,getHashParams
FNDA:0,setHashParams
FNDA:2,renderSkeleton
FNDA:0,renderEmpty
FNDA:0,renderErrorCard
FNDA:1,createGlobalLoading
FNDA:0,showNotification
FNDA:0,showProgressNotification
FNDA:0,removeNotification
FNDA:0,getNotificationIcon
FNDA:0,showGlobalLoading
FNDA:0,hideGlobalLoading
FNDA:0,showConfirmation
FNDA:0,hideConfirmation
FNDA:0,showModal
FNDA:0,showErrorDetails
FNDA:0,withLoading
FNDA:0,setButtonLoading
FNDA:0,createEventBus
FNDA:0,get eventBus
FNDA:0,throttle
FNDA:0,debounce
FNDA:0,createCacheManager
FNDA:0,createRefreshManager
FNDA:0,get refreshManager
FNDA:0,showAlert
DA:1,1
DA:2,1
DA:3,1
DA:4,1
DA:5,1
DA:6,1
DA:7,1
DA:8,1
DA:9,1
DA:10,1
DA:11,1
DA:12,1
DA:13,1
DA:14,1
DA:15,1
DA:16,1
DA:17,1
DA:18,1
DA:19,1
DA:20,1
DA:21,1
DA:22,1
DA:23,1
DA:24,1
DA:25,1
DA:26,1
DA:27,1
DA:28,1
DA:29,1
DA:30,1
DA:31,1
DA:32,1
DA:33,1
DA:34,1
DA:35,1
DA:36,1
DA:37,1
DA:38,1
DA:39,1
DA:40,1
DA:41,1
DA:42,1
DA:43,1
DA:44,1
DA:45,1
DA:46,1
DA:47,1
DA:48,1
DA:49,1
DA:50,1
DA:51,1
DA:52,1
DA:53,1
DA:54,1
DA:55,1
DA:56,1
DA:57,1
DA:58,1
DA:59,1
DA:60,1
DA:61,1
DA:62,1
DA:63,1
DA:64,1
DA:65,1
DA:66,1
DA:67,1
DA:68,1
DA:69,1
DA:70,1
DA:71,1
DA:72,1
DA:73,1
DA:74,1
DA:75,1
DA:76,1
DA:77,1
DA:78,1
DA:79,1
DA:80,1
DA:81,1
DA:82,1
DA:83,1
DA:84,1
DA:85,1
DA:86,1
DA:87,1
DA:88,1
DA:89,1
DA:90,1
DA:91,1
DA:92,1
DA:93,1
DA:94,1
DA:95,1
DA:96,1
DA:97,1
DA:98,1
DA:99,1
DA:100,1
DA:101,1
DA:102,1
DA:103,1
DA:104,1
DA:105,1
DA:106,1
DA:107,1
DA:108,1
DA:109,1
DA:110,1
DA:111,1
DA:112,1
DA:113,1
DA:114,1
DA:115,1
DA:116,1
DA:117,1
DA:118,1
DA:119,1
DA:120,1
DA:121,1
DA:122,1
DA:123,1
DA:124,1
DA:125,1
DA:126,1
DA:127,1
DA:128,1
DA:129,1
DA:130,1
DA:131,1
DA:132,1
DA:133,1
DA:134,1
DA:135,1
DA:136,1
DA:137,1
DA:138,1
DA:139,1
DA:140,1
DA:141,1
DA:142,1
DA:143,1
DA:144,1
DA:145,1
DA:146,1
DA:147,1
DA:148,1
DA:149,1
DA:150,1
DA:151,1
DA:152,1
DA:153,1
DA:154,1
DA:155,1
DA:156,1
DA:157,1
DA:158,1
DA:159,1
DA:160,1
DA:161,1
DA:162,1
DA:163,1
DA:164,1
DA:165,1
DA:166,1
DA:167,1
DA:168,1
DA:169,1
DA:170,1
DA:171,1
DA:172,1
DA:173,1
DA:174,1
DA:175,1
DA:176,1
DA:177,1
DA:178,1
DA:179,1
DA:180,1
DA:181,1
DA:182,1
DA:183,1
DA:184,1
DA:185,1
DA:186,1
DA:187,1
DA:188,1
DA:189,1
DA:190,1
DA:191,1
DA:192,1
DA:193,1
DA:194,1
DA:195,1
DA:196,1
DA:197,1
DA:198,1
DA:199,1
DA:200,1
DA:201,1
DA:202,1
DA:203,1
DA:204,1
DA:205,1
DA:206,1
DA:207,1
DA:208,1
DA:209,1
DA:210,1
DA:211,1
DA:212,1
DA:213,1
DA:214,1
DA:215,1
DA:216,1
DA:217,1
DA:218,1
DA:219,1
DA:220,1
DA:221,1
DA:222,1
DA:223,1
DA:224,1
DA:225,1
DA:226,1
DA:227,1
DA:228,1
DA:229,1
DA:230,1
DA:231,1
DA:232,1
DA:233,1
DA:234,1
DA:235,1
DA:236,1
DA:237,1
DA:238,1
DA:239,1
DA:240,1
DA:241,1
DA:242,1
DA:243,1
DA:244,1
DA:245,1
DA:246,1
DA:247,1
DA:248,1
DA:249,1
DA:250,1
DA:251,1
DA:252,1
DA:253,1
DA:254,1
DA:255,1
DA:256,1
DA:257,1
DA:258,1
DA:259,1
DA:260,1
DA:261,1
DA:262,1
DA:263,1
DA:264,1
DA:265,1
DA:266,1
DA:267,1
DA:268,1
DA:269,1
DA:270,1
DA:271,1
DA:272,1
DA:273,1
DA:274,1
DA:275,1
DA:276,1
DA:277,1
DA:278,1
DA:279,1
DA:280,1
DA:281,1
DA:282,1
DA:283,1
DA:284,1
DA:285,1
DA:286,1
DA:287,1
DA:288,1
DA:289,1
DA:290,1
DA:291,1
DA:292,1
DA:293,1
DA:294,1
DA:295,1
DA:296,1
DA:297,1
DA:298,1
DA:299,1
DA:300,1
DA:301,1
DA:302,1
DA:303,1
DA:304,1
DA:305,1
DA:306,1
DA:307,1
DA:308,1
DA:309,1
DA:310,1
DA:311,1
DA:312,1
DA:313,1
DA:314,1
DA:315,1
DA:316,1
DA:317,1
DA:318,1
DA:319,1
DA:320,1
DA:321,1
DA:322,1
DA:323,1
DA:324,1
DA:325,1
DA:326,1
DA:327,1
DA:328,1
DA:329,1
DA:330,1
DA:331,1
DA:332,1
DA:333,1
DA:334,1
DA:335,1
DA:336,1
DA:337,1
DA:338,1
DA:339,0
DA:340,0
DA:341,0
DA:342,0
DA:343,0
DA:344,0
DA:345,0
DA:346,0
DA:347,1
DA:348,1
DA:349,0
DA:350,0
DA:351,1
DA:352,1
DA:353,1
DA:354,1
DA:355,1
DA:356,1
DA:357,1
DA:358,1
DA:359,1
DA:360,1
DA:361,1
DA:362,1
DA:363,1
DA:364,1
DA:365,1
DA:366,1
DA:367,1
DA:368,1
DA:369,1
DA:370,1
DA:371,1
DA:372,1
DA:373,1
DA:374,1
DA:375,1
DA:376,0
DA:377,0
DA:378,1
DA:379,1
DA:380,0
DA:381,0
DA:382,1
DA:383,1
DA:384,1
DA:385,1
DA:386,1
DA:387,1
DA:388,7
DA:389,7
DA:390,7
DA:391,7
DA:392,7
DA:393,7
DA:394,0
DA:395,0
DA:396,0
DA:397,0
DA:398,7
DA:399,7
DA:400,0
DA:401,0
DA:402,0
DA:403,0
DA:404,7
DA:405,7
DA:406,7
DA:407,7
DA:408,7
DA:409,1
DA:410,1
DA:411,0
DA:412,0
DA:413,1
DA:414,1
DA:415,0
DA:416,0
DA:417,0
DA:418,0
DA:419,0
DA:420,0
DA:421,0
DA:422,0
DA:423,0
DA:424,0
DA:425,1
DA:426,1
DA:427,0
DA:428,0
DA:429,0
DA:430,1
DA:431,1
DA:432,1
DA:433,1
DA:434,1
DA:435,0
DA:436,0
DA:437,1
DA:438,1
DA:439,1
DA:440,1
DA:441,1
DA:442,0
DA:443,0
DA:444,1
DA:445,1
DA:446,1
DA:447,1
DA:448,1
DA:449,0
DA:450,0
DA:451,1
DA:452,1
DA:453,1
DA:454,1
DA:455,1
DA:456,0
DA:457,0
DA:458,0
DA:459,0
DA:460,0
DA:461,0
DA:462,0
DA:463,1
DA:464,1
DA:465,1
DA:466,1
DA:467,1
DA:468,1
DA:469,1
DA:470,0
DA:471,0
DA:472,0
DA:473,0
DA:474,0
DA:475,0
DA:476,1
DA:477,1
DA:478,0
DA:479,0
DA:480,0
DA:481,0
DA:482,0
DA:483,0
DA:484,0
DA:485,0
DA:486,0
DA:487,0
DA:488,0
DA:489,1
DA:490,1
DA:491,0
DA:492,0
DA:493,0
DA:494,0
DA:495,0
DA:496,0
DA:497,0
DA:498,0
DA:499,0
DA:500,0
DA:501,0
DA:502,0
DA:503,0
DA:504,1
DA:505,1
DA:506,1
DA:507,2
DA:508,2
DA:509,2
DA:510,1
DA:511,1
DA:512,0
DA:513,0
DA:514,1
DA:515,1
DA:516,0
DA:517,0
DA:518,0
DA:519,1
DA:520,1
DA:521,1
DA:522,1
DA:523,1
DA:524,1
DA:525,1
DA:526,1
DA:527,1
DA:528,1
DA:529,1
DA:530,1
DA:531,1
DA:532,1
DA:533,1
DA:534,1
DA:535,1
DA:536,1
DA:537,1
DA:538,1
DA:539,1
DA:540,1
DA:541,0
DA:542,0
DA:543,1
DA:544,1
DA:545,1
DA:546,1
DA:547,1
DA:548,0
DA:549,0
DA:550,1
DA:551,1
DA:552,1
DA:553,1
DA:554,1
DA:555,0
DA:556,0
DA:557,1
DA:558,1
DA:559,1
DA:560,1
DA:561,1
DA:562,0
DA:563,0
DA:564,1
DA:565,1
DA:566,1
DA:567,1
DA:568,1
DA:569,0
DA:570,0
DA:571,0
DA:572,0
DA:573,0
DA:574,0
DA:575,0
DA:576,0
DA:577,0
DA:578,0
DA:579,1
DA:580,1
DA:581,1
DA:582,1
DA:583,1
DA:584,0
DA:585,0
DA:586,0
DA:587,0
DA:588,0
DA:589,1
DA:590,1
DA:591,1
DA:592,1
DA:593,1
DA:594,0
DA:595,0
DA:596,1
DA:597,1
DA:598,1
DA:599,1
DA:600,1
DA:601,0
DA:602,0
DA:603,1
DA:604,1
DA:605,1
DA:606,1
DA:607,1
DA:608,0
DA:609,0
DA:610,0
DA:611,0
DA:612,0
DA:613,0
DA:614,0
DA:615,0
DA:616,0
DA:617,0
DA:618,0
DA:619,0
DA:620,0
DA:621,0
DA:622,0
DA:623,0
DA:624,0
DA:625,1
DA:626,1
DA:627,1
DA:628,1
DA:629,1
DA:630,0
DA:631,0
DA:632,0
DA:633,0
DA:634,0
DA:635,0
DA:636,0
DA:637,0
DA:638,0
DA:639,0
DA:640,0
DA:641,0
DA:642,0
DA:643,0
DA:644,0
DA:645,0
DA:646,0
DA:647,0
DA:648,0
DA:649,0
DA:650,0
DA:651,0
DA:652,0
DA:653,0
DA:654,0
DA:655,0
DA:656,0
DA:657,0
DA:658,0
DA:659,0
DA:660,0
DA:661,0
DA:662,0
DA:663,0
DA:664,0
DA:665,0
DA:666,0
DA:667,0
DA:668,0
DA:669,0
DA:670,0
DA:671,0
DA:672,0
DA:673,0
DA:674,0
DA:675,0
DA:676,0
DA:677,0
DA:678,0
DA:679,0
DA:680,0
DA:681,0
DA:682,0
DA:683,0
DA:684,0
DA:685,0
DA:686,0
DA:687,0
DA:688,0
DA:689,0
DA:690,0
DA:691,0
DA:692,0
DA:693,1
DA:694,1
DA:695,1
DA:696,1
DA:697,1
DA:698,0
DA:699,0
DA:700,0
DA:701,0
DA:702,0
DA:703,0
DA:704,0
DA:705,0
DA:706,0
DA:707,0
DA:708,0
DA:709,0
DA:710,0
DA:711,0
DA:712,0
DA:713,0
DA:714,0
DA:715,0
DA:716,0
DA:717,0
DA:718,0
DA:719,0
DA:720,0
DA:721,0
DA:722,0
DA:723,0
DA:724,0
DA:725,0
DA:726,0
DA:727,0
DA:728,0
DA:729,0
DA:730,0
DA:731,0
DA:732,1
DA:733,1
DA:734,1
DA:735,1
DA:736,1
DA:737,0
DA:738,0
DA:739,0
DA:740,0
DA:741,0
DA:742,0
DA:743,0
DA:744,0
DA:745,0
DA:746,0
DA:747,1
DA:748,1
DA:749,1
DA:750,1
DA:751,1
DA:752,1
DA:753,1
DA:754,1
DA:755,1
DA:756,1
DA:757,1
DA:758,1
DA:759,1
DA:760,0
DA:761,0
DA:762,1
DA:763,1
DA:764,1
DA:765,1
DA:766,1
DA:767,0
DA:768,0
DA:769,0
DA:770,0
DA:771,0
DA:772,1
DA:773,1
DA:774,1
DA:775,1
DA:776,1
DA:777,0
DA:778,0
DA:779,1
DA:780,1
DA:781,1
DA:782,1
DA:783,1
DA:784,0
DA:785,0
DA:786,1
DA:787,1
DA:788,1
DA:789,1
DA:790,1
DA:791,0
DA:792,0
DA:793,1
DA:794,1
DA:795,1
DA:796,1
DA:797,1
DA:798,0
DA:799,0
DA:800,0
DA:801,0
DA:802,0
DA:803,0
DA:804,1
DA:805,1
DA:806,1
DA:807,1
DA:808,1
DA:809,0
DA:810,0
DA:811,0
DA:812,0
DA:813,0
DA:814,1
DA:815,1
DA:816,1
DA:817,1
DA:818,1
DA:819,0
DA:820,0
DA:821,0
DA:822,0
DA:823,0
DA:824,0
DA:825,0
DA:826,0
DA:827,0
DA:828,0
DA:829,0
DA:830,1
DA:831,1
DA:832,1
DA:833,1
DA:834,1
LF:834
LH:563
BRDA:25,0,0,1
BRDA:352,1,0,1
BRDA:353,2,0,0
BRDA:356,3,0,1
BRDA:371,4,0,0
BRDA:387,5,0,7
BRDA:393,6,0,0
BRDA:399,7,0,0
BRDA:404,8,0,0
BRDA:405,9,0,0
BRDA:405,10,0,0
BRDA:407,11,0,5
BRDA:407,12,0,5
BRDA:506,13,0,2
BRDA:508,14,0,12
BRDA:523,15,0,1
BRDA:524,16,0,0
BRF:17
BRH:9
end_of_record
TN:
SF:src/api/base.ts
FN:18,shouldRetryRequest
FN:36,resolveRetryAfterMs
FN:56,buildErrorActions
FN:71,formatErrorTitle
FN:78,normalizeText
FN:90,match
FN:110,match
FN:127,match
FN:135,resolveFriendlyGuide
FN:149,composeGuideMessage
FN:163,shouldShowNotification
FN:171,buildErrorDetails
FN:193,createServerErrorHandler
FN:213,401
FN:214,403
FN:215,429
FN:229,network
FN:241,ERROR_HANDLERS.default
FN:282,apiRequestWithRetry
FN:359,BatchRequestManager
FN:366,add
FN:373,process
FN:395,processing
FN:406,mg
FN:424,enhanced
FN:442,withQuery
FN:453,encodeSegment
FNF:27
FNH:20
FNDA:1,shouldRetryRequest
FNDA:1,resolveRetryAfterMs
FNDA:0,buildErrorActions
FNDA:1,formatErrorTitle
FNDA:7,normalizeText
FNDA:1,match
FNDA:1,match
FNDA:1,match
FNDA:1,resolveFriendlyGuide
FNDA:0,composeGuideMessage
FNDA:1,shouldShowNotification
FNDA:1,buildErrorDetails
FNDA:35,createServerErrorHandler
FNDA:0,401
FNDA:0,403
FNDA:0,429
FNDA:0,network
FNDA:0,ERROR_HANDLERS.default
FNDA:7,apiRequestWithRetry
FNDA:8,BatchRequestManager
FNDA:2,add
FNDA:2,process
FNDA:1,processing
FNDA:1,mg
FNDA:1,enhanced
FNDA:1,withQuery
FNDA:1,encodeSegment
DA:1,1
DA:2,1
DA:3,1
DA:4,1
DA:5,1
DA:6,1
DA:7,1
DA:8,1
DA:9,1
DA:10,1
DA:11,1
DA:12,1
DA:13,1
DA:14,1
DA:15,1
DA:16,1
DA:17,1
DA:18,1
DA:19,1
DA:20,1
DA:21,1
DA:22,1
DA:23,1
DA:24,1
DA:25,0
DA:26,0
DA:27,0
DA:28,0
DA:29,0
DA:30,0
DA:31,0
DA:32,0
DA:33,0
DA:34,0
DA:35,1
DA:36,1
DA:37,1
DA:38,1
DA:39,1
DA:40,1
DA:41,1
DA:42,1
DA:43,1
DA:44,1
DA:45,0
DA:46,0
DA:47,0
DA:48,1
DA:49,0
DA:50,0
DA:51,0
DA:52,0
DA:53,1
DA:54,1
DA:55,1
DA:56,0
DA:57,0
DA:58,0
DA:59,0
DA:60,0
DA:61,0
DA:62,0
DA:63,0
DA:64,0
DA:65,0
DA:66,0
DA:67,0
DA:68,0
DA:69,0
DA:70,1
DA:71,1
DA:72,1
DA:73,0
DA:74,0
DA:75,1
DA:76,1
DA:77,1
DA:78,1
DA:79,7
DA:80,1
DA:81,1
DA:82,1
DA:83,1
DA:84,1
DA:85,1
DA:86,1
DA:87,1
DA:88,1
DA:89,1
DA:90,1
DA:91,1
DA:92,1
DA:93,1
DA:94,1
DA:95,1
DA:96,1
DA:97,1
DA:98,1
DA:99,1
DA:100,1
DA:101,1
DA:102,1
DA:103,1
DA:104,1
DA:105,1
DA:106,1
DA:107,1
DA:108,1
DA:109,1
DA:110,1
DA:111,1
DA:112,1
DA:113,1
DA:114,1
DA:115,1
DA:116,1
DA:117,1
DA:118,1
DA:119,1
DA:120,1
DA:121,1
DA:122,1
DA:123,1
DA:124,1
DA:125,1
DA:126,1
DA:127,1
DA:128,1
DA:129,1
DA:130,1
DA:131,1
DA:132,1
DA:133,1
DA:134,1
DA:135,1
DA:136,1
DA:137,1
DA:138,3
DA:139,3
DA:140,0
DA:141,0
DA:142,3
DA:143,0
DA:144,0
DA:145,3
DA:146,1
DA:147,1
DA:148,1
DA:149,0
DA:150,0
DA:151,0
DA:152,0
DA:153,0
DA:154,0
DA:155,0
DA:156,0
DA:157,0
DA:158,0
DA:159,0
DA:160,0
DA:161,0
DA:162,1
DA:163,1
DA:164,1
DA:165,1
DA:166,1
DA:167,1
DA:168,1
DA:169,1
DA:170,1
DA:171,1
DA:172,1
DA:173,1
DA:174,1
DA:175,1
DA:176,1
DA:177,1
DA:178,1
DA:179,1
DA:180,1
DA:181,1
DA:182,1
DA:183,1
DA:184,1
DA:185,1
DA:186,1
DA:187,1
DA:188,1
DA:189,1
DA:190,1
DA:191,1
DA:192,1
DA:193,1
DA:194,1
DA:195,1
DA:196,1
DA:197,1
DA:198,1
DA:199,1
DA:200,0
DA:201,1
DA:202,1
DA:203,0
DA:204,0
DA:205,0
DA:206,0
DA:207,1
DA:208,1
DA:209,1
DA:210,1
DA:211,1
DA:212,1
DA:213,1
DA:214,1
DA:215,1
DA:216,0
DA:217,0
DA:218,0
DA:219,0
DA:220,0
DA:221,0
DA:222,0
DA:223,0
DA:224,1
DA:225,1
DA:226,1
DA:227,1
DA:228,1
DA:229,1
DA:230,0
DA:231,0
DA:232,0
DA:233,0
DA:234,0
DA:235,0
DA:236,0
DA:237,0
DA:238,0
DA:239,1
DA:240,1
DA:241,1
DA:242,0
DA:243,0
DA:244,0
DA:245,0
DA:246,0
DA:247,0
DA:248,0
DA:249,0
DA:250,0
DA:251,0
DA:252,0
DA:253,0
DA:254,0
DA:255,0
DA:256,0
DA:257,0
DA:258,1
DA:259,1
DA:260,1
DA:261,1
DA:262,0
DA:263,0
DA:264,0
DA:265,0
DA:266,0
DA:267,0
DA:268,0
DA:269,0
DA:270,1
DA:271,1
DA:272,0
DA:273,0
DA:274,0
DA:275,0
DA:276,1
DA:277,1
DA:278,1
DA:279,1
DA:280,1
DA:281,1
DA:282,7
DA:283,7
DA:284,7
DA:285,7
DA:286,7
DA:287,7
DA:288,7
DA:289,7
DA:290,3
DA:291,3
DA:292,1
DA:293,1
DA:294,3
DA:295,6
DA:296,7
DA:297,7
DA:298,7
DA:299,6
DA:300,6
DA:301,7
DA:302,2
DA:303,2
DA:304,2
DA:305,2
DA:306,2
DA:307,6
DA:308,6
DA:309,7
DA:310,1
DA:311,1
DA:312,1
DA:313,1
DA:314,1
DA:315,1
DA:316,1
DA:317,1
DA:318,1
DA:319,1
DA:320,1
DA:321,1
DA:322,0
DA:323,0
DA:324,0
DA:325,0
DA:326,0
DA:327,1
DA:328,1
DA:329,1
DA:330,1
DA:331,1
DA:332,1
DA:333,1
DA:334,1
DA:335,1
DA:336,0
DA:337,0
DA:338,0
DA:339,0
DA:340,0
DA:341,0
DA:342,0
DA:343,0
DA:344,0
DA:345,7
DA:346,0
DA:347,0
DA:348,0
DA:349,0
DA:350,7
DA:351,1
DA:352,1
DA:353,1
DA:354,1
DA:355,1
DA:356,1
DA:357,1
DA:358,1
DA:359,1
DA:360,8
DA:361,8
DA:362,8
DA:363,8
DA:364,8
DA:365,1
DA:366,1
DA:367,2
DA:368,2
DA:369,2
DA:370,2
DA:371,2
DA:372,1
DA:373,1
DA:374,2
DA:375,1
DA:376,1
DA:377,1
DA:378,2
DA:379,2
DA:380,2
DA:381,2
DA:382,2
DA:383,2
DA:384,2
DA:385,2
DA:386,2
DA:387,0
DA:388,0
DA:389,2
DA:390,2
DA:391,2
DA:392,2
DA:393,2
DA:394,2
DA:395,1
DA:396,1
DA:397,2
DA:398,1
DA:399,1
DA:400,2
DA:401,1
DA:402,1
DA:403,1
DA:404,1
DA:405,1
DA:406,1
DA:407,1
DA:408,1
DA:409,1
DA:410,1
DA:411,1
DA:412,1
DA:413,1
DA:414,1
DA:415,0
DA:416,0
DA:417,1
DA:418,1
DA:419,1
DA:420,1
DA:421,1
DA:422,1
DA:423,1
DA:424,1
DA:425,1
DA:426,1
DA:427,1
DA:428,1
DA:429,1
DA:430,1
DA:431,1
DA:432,1
DA:433,0
DA:434,0
DA:435,1
DA:436,1
DA:437,1
DA:438,1
DA:439,1
DA:440,1
DA:441,1
DA:442,1
DA:443,1
DA:444,1
DA:445,2
DA:446,1
DA:447,1
DA:448,1
DA:449,1
DA:450,1
DA:451,1
DA:452,1
DA:453,1
DA:454,1
DA:455,1
LF:455
LH:331
BRDA:18,0,0,1
BRDA:19,1,0,0
BRDA:20,2,0,0
BRDA:23,3,0,0
BRDA:24,4,0,0
BRDA:24,5,0,0
BRDA:36,6,0,1
BRDA:37,7,0,0
BRDA:39,8,0,0
BRDA:42,9,0,0
BRDA:44,10,0,0
BRDA:44,11,0,0
BRDA:48,12,0,0
BRDA:71,13,0,1
BRDA:72,14,0,0
BRDA:78,15,0,7
BRDA:79,16,0,4
BRDA:79,17,0,3
BRDA:90,18,0,1
BRDA:110,19,0,1
BRDA:115,20,0,0
BRDA:127,21,0,1
BRDA:135,22,0,1
BRDA:136,23,0,0
BRDA:137,24,0,3
BRDA:139,25,0,0
BRDA:142,26,0,0
BRDA:163,27,0,1
BRDA:164,28,0,0
BRDA:165,29,0,0
BRDA:166,30,0,0
BRDA:171,31,0,1
BRDA:172,32,0,0
BRDA:175,33,0,1
BRDA:176,34,0,0
BRDA:176,35,0,0
BRDA:177,36,0,0
BRDA:178,37,0,0
BRDA:193,38,0,35
BRDA:193,39,0,1
BRDA:198,40,0,0
BRDA:198,41,0,0
BRDA:199,42,0,0
BRDA:202,43,0,0
BRDA:282,44,0,7
BRDA:289,45,0,3
BRDA:289,46,0,3
BRDA:289,47,0,3
BRDA:289,48,0,3
BRDA:291,49,0,1
BRDA:291,50,0,1
BRDA:294,51,0,6
BRDA:298,52,0,6
BRDA:301,53,0,2
BRDA:301,54,0,2
BRDA:301,55,0,2
BRDA:301,56,0,2
BRDA:306,57,0,6
BRDA:309,58,0,1
BRDA:315,59,0,0
BRDA:315,60,0,0
BRDA:316,61,0,0
BRDA:321,62,0,0
BRDA:330,63,0,0
BRDA:335,64,0,0
BRDA:345,65,0,0
BRDA:333,66,0,1
BRDA:359,67,0,8
BRDA:366,68,0,2
BRDA:367,69,0,2
BRDA:373,70,0,2
BRDA:374,71,0,1
BRDA:374,72,0,1
BRDA:394,73,0,1
BRDA:397,74,0,1
BRDA:382,75,0,2
BRDA:386,76,0,0
BRDA:395,77,0,1
BRDA:406,78,0,1
BRDA:410,79,0,0
BRDA:411,80,0,0
BRDA:414,81,0,0
BRDA:419,82,0,1
BRDA:424,83,0,1
BRDA:428,84,0,0
BRDA:429,85,0,0
BRDA:432,86,0,0
BRDA:437,87,0,1
BRDA:442,88,0,1
BRDA:449,89,0,0
BRDA:450,90,0,0
BRDA:444,91,0,2
BRDA:445,92,0,1
BRDA:453,93,0,1
BRDA:454,94,0,0
BRF:95
BRH:50
end_of_record
TN:
SF:src/components/dialog.ts
FN:23,DialogManager
FN:30,ensureLegacyDialog
FN:66,open
FN:105,closeLegacyDialog
FN:115,close
FN:126,closeAll
FN:135,isOpen
FN:142,showLegacy
FN:149,hideLegacy
FN:156,showLegacyDialog
FN:160,hideLegacyDialog
FN:167,confirm
FN:173,onClick
FN:178,onClick
FN:189,getConfirmIcon
FN:202,confirmDelete
FNF:16
FNH:11
FNDA:12,DialogManager
FNDA:13,ensureLegacyDialog
FNDA:8,open
FNDA:6,closeLegacyDialog
FNDA:0,close
FNDA:1,closeAll
FNDA:2,isOpen
FNDA:0,showLegacy
FNDA:0,hideLegacy
FNDA:2,showLegacyDialog
FNDA:0,hideLegacyDialog
FNDA:3,confirm
FNDA:1,onClick
FNDA:2,onClick
FNDA:0,getConfirmIcon
FNDA:1,confirmDelete
DA:1,1
DA:2,1
DA:3,1
DA:4,1
DA:5,1
DA:6,1
DA:7,1
DA:8,1
DA:9,1
DA:10,1
DA:11,1
DA:12,1
DA:13,1
DA:14,1
DA:15,1
DA:16,1
DA:17,1
DA:18,1
DA:19,1
DA:20,1
DA:21,1
DA:22,1
DA:23,1
DA:24,12
DA:25,12
DA:26,1
DA:27,1
DA:28,1
DA:29,1
DA:30,1
DA:31,13
DA:32,11
DA:33,11
DA:34,11
DA:35,11
DA:36,11
DA:37,11
DA:38,11
DA:39,11
DA:40,11
DA:41,11
DA:42,11
DA:43,11
DA:44,11
DA:45,11
DA:46,11
DA:47,11
DA:48,11
DA:49,11
DA:50,11
DA:51,3
DA:52,0
DA:53,0
DA:54,11
DA:55,11
DA:56,11
DA:57,11
DA:58,11
DA:59,11
DA:60,11
DA:61,13
DA:62,1
DA:63,1
DA:64,1
DA:65,1
DA:66,1
DA:67,8
DA:68,8
DA:69,8
DA:70,8
DA:71,8
DA:72,8
DA:73,8
DA:74,8
DA:75,8
DA:76,8
DA:77,8
DA:78,7
DA:79,8
DA:80,8
DA:81,8
DA:82,8
DA:83,3
DA:84,3
DA:85,6
DA:86,6
DA:87,6
DA:88,6
DA:89,6
DA:90,3
DA:91,3
DA:92,6
DA:93,6
DA:94,6
DA:95,3
DA:96,3
DA:97,8
DA:98,8
DA:99,8
DA:100,8
DA:101,1
DA:102,1
DA:103,1
DA:104,1
DA:105,1
DA:106,6
DA:107,6
DA:108,6
DA:109,6
DA:110,6
DA:111,1
DA:112,1
DA:113,1
DA:114,1
DA:115,1
DA:116,0
DA:117,0
DA:118,0
DA:119,0
DA:120,0
DA:121,0
DA:122,1
DA:123,1
DA:124,1
DA:125,1
DA:126,1
DA:127,1
DA:128,1
DA:129,1
DA:130,1
DA:131,1
DA:132,1
DA:133,1
DA:134,1
DA:135,1
DA:136,2
DA:137,2
DA:138,1
DA:139,1
DA:140,1
DA:141,1
DA:142,1
DA:143,0
DA:144,0
DA:145,1
DA:146,1
DA:147,1
DA:148,1
DA:149,1
DA:150,0
DA:151,0
DA:152,1
DA:153,1
DA:154,1
DA:155,1
DA:156,1
DA:157,2
DA:158,2
DA:159,1
DA:160,1
DA:161,0
DA:162,0
DA:163,1
DA:164,1
DA:165,1
DA:166,1
DA:167,1
DA:168,3
DA:169,3
DA:170,3
DA:171,3
DA:172,3
DA:173,3
DA:174,3
DA:175,3
DA:176,3
DA:177,3
DA:178,3
DA:179,3
DA:180,3
DA:181,3
DA:182,3
DA:183,3
DA:184,3
DA:185,1
DA:186,1
DA:187,1
DA:188,1
DA:189,1
DA:190,0
DA:191,0
DA:192,0
DA:193,0
DA:194,0
DA:195,0
DA:196,0
DA:197,0
DA:198,1
DA:199,1
DA:200,1
DA:201,1
DA:202,1
DA:203,1
DA:204,1
DA:205,1
DA:206,1
DA:207,1
DA:208,1
DA:209,1
DA:210,1
DA:211,1
DA:212,1
DA:213,1
LF:213
LH:191
BRDA:23,0,0,12
BRDA:30,1,0,13
BRDA:31,2,0,2
BRDA:31,3,0,11
BRDA:50,4,0,3
BRDA:51,5,0,0
BRDA:66,6,0,8
BRDA:69,7,0,0
BRDA:77,8,0,1
BRDA:77,9,0,7
BRDA:82,10,0,3
BRDA:84,11,0,6
BRDA:86,12,0,0
BRDA:89,13,0,3
BRDA:105,14,0,6
BRDA:126,15,0,1
BRDA:135,16,0,2
BRDA:156,17,0,2
BRDA:167,18,0,3
BRDA:168,19,0,3
BRDA:176,20,0,2
BRDA:177,21,0,1
BRDA:177,22,0,1
BRDA:177,23,0,2
BRDA:173,24,0,1
BRDA:178,25,0,2
BRDA:202,26,0,1
BRF:27
BRH:24
end_of_record
TN:
SF:src/components/notification.ts
FN:18,NotificationCenter
FN:25,ensureContainer
FN:37,show
FN:85,showProgress
FN:92,remove
FN:104,getIcon
FN:117,clearAll
FN:124,close
FNF:8
FNH:8
FNDA:16,NotificationCenter
FNDA:20,ensureContainer
FNDA:15,show
FNDA:1,showProgress
FNDA:7,remove
FNDA:15,getIcon
FNDA:1,clearAll
FNDA:1,close
DA:1,1
DA:2,1
DA:3,1
DA:4,1
DA:5,1
DA:6,1
DA:7,1
DA:8,1
DA:9,1
DA:10,1
DA:11,1
DA:12,1
DA:13,1
DA:14,1
DA:15,1
DA:16,1
DA:17,1
DA:18,1
DA:19,16
DA:20,16
DA:21,1
DA:22,1
DA:23,1
DA:24,1
DA:25,1
DA:26,20
DA:27,15
DA:28,15
DA:29,15
DA:30,15
DA:31,15
DA:32,20
DA:33,1
DA:34,1
DA:35,1
DA:36,1
DA:37,1
DA:38,15
DA:39,15
DA:40,15
DA:41,15
DA:42,15
DA:43,15
DA:44,15
DA:45,15
DA:46,15
DA:47,15
DA:48,15
DA:49,15
DA:50,15
DA:51,15
DA:52,15
DA:53,15
DA:54,15
DA:55,15
DA:56,15
DA:57,15
DA:58,15
DA:59,15
DA:60,15
DA:61,15
DA:62,15
DA:63,15
DA:64,15
DA:65,15
DA:66,15
DA:67,14
DA:68,14
DA:69,15
DA:70,15
DA:71,15
DA:72,15
DA:73,15
DA:74,1
DA:75,1
DA:76,15
DA:77,15
DA:78,15
DA:79,15
DA:80,15
DA:81,1
DA:82,1
DA:83,1
DA:84,1
DA:85,1
DA:86,1
DA:87,1
DA:88,1
DA:89,1
DA:90,1
DA:91,1
DA:92,1
DA:93,7
DA:94,7
DA:95,7
DA:96,7
DA:97,7
DA:98,7
DA:99,7
DA:100,1
DA:101,1
DA:102,1
DA:103,1
DA:104,1
DA:105,15
DA:106,15
DA:107,15
DA:108,15
DA:109,15
DA:110,15
DA:111,15
DA:112,15
DA:113,1
DA:114,1
DA:115,1
DA:116,1
DA:117,1
DA:118,1
DA:119,1
DA:120,1
DA:121,1
DA:122,1
DA:123,1
DA:124,1
DA:125,1
DA:126,1
DA:127,1
LF:127
LH:127
BRDA:18,0,0,16
BRDA:25,1,0,20
BRDA:26,2,0,5
BRDA:26,3,0,15
BRDA:37,4,0,15
BRDA:46,5,0,0
BRDA:47,6,0,0
BRDA:48,7,0,0
BRDA:65,8,0,12
BRDA:66,9,0,14
BRDA:67,10,0,2
BRDA:73,11,0,1
BRDA:75,12,0,0
BRDA:85,13,0,1
BRDA:92,14,0,7
BRDA:104,15,0,15
BRDA:111,16,0,0
BRDA:117,17,0,1
BRDA:118,18,0,2
BRDA:124,19,0,1
BRF:20
BRH:15
end_of_record
TN:
SF:src/creds/filter.ts
FN:10,filterCredentials
FN:53,collectProjects
FNF:2
FNH:2
FNDA:2,filterCredentials
FNDA:1,collectProjects
DA:1,1
DA:2,1
DA:3,1
DA:4,1
DA:5,1
DA:6,1
DA:7,1
DA:8,1
DA:9,1
DA:10,1
DA:11,2
DA:12,2
DA:13,2
DA:14,2
DA:15,2
DA:16,2
DA:17,2
DA:18,2
DA:19,2
DA:20,2
DA:21,6
DA:22,6
DA:23,3
DA:24,3
DA:25,3
DA:26,6
DA:27,6
DA:28,4
DA:29,4
DA:30,6
DA:31,0
DA:32,6
DA:33,1
DA:34,4
DA:35,3
DA:36,3
DA:37,6
DA:38,2
DA:39,6
DA:40,0
DA:41,0
DA:42,0
DA:43,0
DA:44,2
DA:45,6
DA:46,0
DA:47,0
DA:48,2
DA:49,2
DA:50,2
DA:51,2
DA:52,1
DA:53,1
DA:54,1
DA:55,1
DA:56,3
DA:57,3
DA:58,3
DA:59,3
DA:60,1
DA:61,1
LF:61
LH:54
BRDA:10,0,0,2
BRDA:16,1,0,0
BRDA:20,2,0,6
BRDA:22,3,0,3
BRDA:27,4,0,2
BRDA:27,5,0,4
BRDA:30,6,0,0
BRDA:32,7,0,4
BRDA:32,8,0,1
BRDA:34,9,0,3
BRDA:37,10,0,2
BRDA:39,11,0,0
BRDA:43,12,0,2
BRDA:45,13,0,0
BRDA:45,14,0,0
BRDA:47,15,0,2
BRDA:25,16,0,7
BRDA:53,17,0,1
BRDA:55,18,0,3
BRF:19
BRH:14
end_of_record
TN:
SF:src/creds/health.ts
FN:15,calculateHealthScore
FN:53,getHealthLevel
FN:63,getHealthColor
FNF:3
FNH:3
FNDA:3,calculateHealthScore
FNDA:4,getHealthLevel
FNDA:2,getHealthColor
DA:1,1
DA:2,1
DA:3,1
DA:4,1
DA:5,1
DA:6,1
DA:7,1
DA:8,1
DA:9,1
DA:10,1
DA:11,1
DA:12,1
DA:13,1
DA:14,1
DA:15,1
DA:16,3
DA:17,3
DA:18,3
DA:19,3
DA:20,2
DA:21,3
DA:22,3
DA:23,3
DA:24,3
DA:25,3
DA:26,3
DA:27,3
DA:28,3
DA:29,3
DA:30,3
DA:31,3
DA:32,3
DA:33,3
DA:34,3
DA:35,2
DA:36,1
DA:37,3
DA:38,1
DA:39,1
DA:40,0
DA:41,1
DA:42,1
DA:43,1
DA:44,1
DA:45,1
DA:46,1
DA:47,1
DA:48,1
DA:49,2
DA:50,2
DA:51,2
DA:52,1
DA:53,1
DA:54,4
DA:55,4
DA:56,4
DA:57,4
DA:58,4
DA:59,4
DA:60,1
DA:61,1
DA:62,1
DA:63,1
DA:64,2
DA:65,2
DA:66,1
DA:67,2
DA:68,0
DA:69,2
DA:70,0
DA:71,2
DA:72,1
DA:73,2
DA:74,2
LF:74
LH:71
BRDA:15,0,0,3
BRDA:18,1,0,1
BRDA:18,2,0,2
BRDA:19,3,0,0
BRDA:19,4,0,2
BRDA:21,5,0,1
BRDA:22,6,0,1
BRDA:23,7,0,1
BRDA:25,8,0,1
BRDA:26,9,0,2
BRDA:27,10,0,2
BRDA:34,11,0,2
BRDA:35,12,0,1
BRDA:37,13,0,1
BRDA:39,14,0,0
BRDA:48,15,0,2
BRDA:53,16,0,4
BRDA:57,17,0,1
BRDA:57,18,0,3
BRDA:58,19,0,1
BRDA:58,20,0,2
BRDA:59,21,0,1
BRDA:63,22,0,2
BRDA:65,23,0,1
BRDA:67,24,0,0
BRDA:69,25,0,0
BRDA:71,26,0,1
BRF:27
BRH:23
end_of_record
TN:
SF:src/services/cache.ts
FN:29,CacheManager
FN:36,resolveTTL
FN:40,readEntry
FN:51,cleanupExpiredEntries
FN:60,touch
FN:68,get
FN:82,set
FN:100,has
FN:112,delete
FN:119,clear
FN:126,size
FN:134,keys
FN:142,getOrSet
FN:161,getStats
FN:174,createCacheManager
FN:182,CacheService
FN:205,RefreshManager
FN:211,register
FN:223,unregister
FN:234,unregisterAll
FN:242,isRegistered
FN:249,count
FN:257,createRefreshManager
FNF:23
FNH:15
FNDA:41,CacheManager
FNDA:63,resolveTTL
FNDA:55,readEntry
FNDA:18,cleanupExpiredEntries
FNDA:31,touch
FNDA:35,get
FNDA:63,set
FNDA:20,has
FNDA:5,delete
FNDA:4,clear
FNDA:15,size
FNDA:3,keys
FNDA:5,getOrSet
FNDA:1,getStats
FNDA:0,createCacheManager
FNDA:27,CacheService
FNDA:0,RefreshManager
FNDA:0,register
FNDA:0,unregister
FNDA:0,unregisterAll
FNDA:0,isRegistered
FNDA:0,count
FNDA:0,createRefreshManager
DA:1,1
DA:2,1
DA:3,1
DA:4,1
DA:5,1
DA:6,1
DA:7,1
DA:8,1
DA:9,1
DA:10,1
DA:11,1
DA:12,1
DA:13,1
DA:14,1
DA:15,1
DA:16,1
DA:17,1
DA:18,1
DA:19,1
DA:20,1
DA:21,1
DA:22,1
DA:23,1
DA:24,1
DA:25,1
DA:26,1
DA:27,1
DA:28,1
DA:29,1
DA:30,41
DA:31,41
DA:32,41
DA:33,41
DA:34,41
DA:35,1
DA:36,1
DA:37,63
DA:38,63
DA:39,1
DA:40,1
DA:41,55
DA:42,55
DA:43,34
DA:44,55
DA:45,3
DA:46,3
DA:47,3
DA:48,31
DA:49,55
DA:50,1
DA:51,1
DA:52,18
DA:53,18
DA:54,29
DA:55,2
DA:56,2
DA:57,29
DA:58,18
DA:59,1
DA:60,1
DA:61,31
DA:62,31
DA:63,31
DA:64,1
DA:65,1
DA:66,1
DA:67,1
DA:68,1
DA:69,35
DA:70,35
DA:71,11
DA:72,11
DA:73,11
DA:74,24
DA:75,24
DA:76,24
DA:77,35
DA:78,1
DA:79,1
DA:80,1
DA:81,1
DA:82,1
DA:83,63
DA:84,63
DA:85,3
DA:86,3
DA:87,3
DA:88,3
DA:89,63
DA:90,63
DA:91,63
DA:92,63
DA:93,63
DA:94,63
DA:95,63
DA:96,1
DA:97,1
DA:98,1
DA:99,1
DA:100,1
DA:101,20
DA:102,20
DA:103,13
DA:104,13
DA:105,7
DA:106,7
DA:107,20
DA:108,1
DA:109,1
DA:110,1
DA:111,1
DA:112,1
DA:113,5
DA:114,5
DA:115,1
DA:116,1
DA:117,1
DA:118,1
DA:119,1
DA:120,4
DA:121,4
DA:122,1
DA:123,1
DA:124,1
DA:125,1
DA:126,1
DA:127,15
DA:128,15
DA:129,15
DA:130,1
DA:131,1
DA:132,1
DA:133,1
DA:134,1
DA:135,3
DA:136,3
DA:137,3
DA:138,1
DA:139,1
DA:140,1
DA:141,1
DA:142,1
DA:143,5
DA:144,5
DA:145,2
DA:146,2
DA:147,3
DA:148,5
DA:149,1
DA:150,1
DA:151,1
DA:152,1
DA:153,1
DA:154,2
DA:155,2
DA:156,5
DA:157,1
DA:158,1
DA:159,1
DA:160,1
DA:161,1
DA:162,1
DA:163,1
DA:164,1
DA:165,1
DA:166,1
DA:167,1
DA:168,1
DA:169,1
DA:170,1
DA:171,1
DA:172,1
DA:173,1
DA:174,1
DA:175,0
DA:176,0
DA:177,1
DA:178,1
DA:179,1
DA:180,1
DA:181,1
DA:182,1
DA:183,27
DA:184,2
DA:185,27
DA:186,25
DA:187,25
DA:188,27
DA:189,1
DA:190,1
DA:191,1
DA:192,1
DA:193,1
DA:194,1
DA:195,1
DA:196,1
DA:197,1
DA:198,1
DA:199,1
DA:200,1
DA:201,1
DA:202,1
DA:203,1
DA:204,1
DA:205,1
DA:206,0
DA:207,1
DA:208,1
DA:209,1
DA:210,1
DA:211,1
DA:212,0
DA:213,0
DA:214,0
DA:215,0
DA:216,0
DA:217,0
DA:218,0
DA:219,1
DA:220,1
DA:221,1
DA:222,1
DA:223,1
DA:224,0
DA:225,0
DA:226,0
DA:227,0
DA:228,0
DA:229,0
DA:230,1
DA:231,1
DA:232,1
DA:233,1
DA:234,1
DA:235,0
DA:236,0
DA:237,0
DA:238,1
DA:239,1
DA:240,1
DA:241,1
DA:242,1
DA:243,0
DA:244,0
DA:245,1
DA:246,1
DA:247,1
DA:248,1
DA:249,1
DA:250,0
DA:251,0
DA:252,1
DA:253,1
DA:254,1
DA:255,1
DA:256,1
DA:257,1
DA:258,0
DA:259,0
LF:259
LH:234
BRDA:29,0,0,41
BRDA:31,1,0,29
BRDA:32,2,0,26
BRDA:36,3,0,63
BRDA:37,4,0,57
BRDA:37,5,0,0
BRDA:40,6,0,55
BRDA:42,7,0,21
BRDA:42,8,0,34
BRDA:44,9,0,3
BRDA:47,10,0,31
BRDA:51,11,0,18
BRDA:53,12,0,29
BRDA:54,13,0,2
BRDA:60,14,0,31
BRDA:68,15,0,35
BRDA:70,16,0,11
BRDA:73,17,0,24
BRDA:82,18,0,63
BRDA:84,19,0,0
BRDA:84,20,0,3
BRDA:100,21,0,20
BRDA:102,22,0,13
BRDA:104,23,0,7
BRDA:112,24,0,5
BRDA:119,25,0,4
BRDA:126,26,0,15
BRDA:134,27,0,3
BRDA:142,28,0,5
BRDA:144,29,0,2
BRDA:146,30,0,3
BRDA:148,31,0,1
BRDA:153,32,0,2
BRDA:149,33,0,1
BRDA:161,34,0,1
BRDA:166,35,0,0
BRDA:182,36,0,27
BRDA:183,37,0,2
BRDA:185,38,0,25
BRF:39
BRH:36
end_of_record
TN:
SF:src/services/shortcut.ts
FN:9,EventBus
FN:15,on
FN:28,off
FN:41,emit
FN:57,once
FN:68,clear
FN:75,listenerCount
FN:82,eventNames
FN:90,createEventBus
FN:98,throttle
FN:127,debounce
FN:158,ShortcutManager
FN:166,register
FN:173,unregister
FN:180,enable
FN:187,disable
FN:194,handleKeyDown
FN:215,destroy
FN:224,createShortcutManager
FNF:19
FNH:0
FNDA:0,EventBus
FNDA:0,on
FNDA:0,off
FNDA:0,emit
FNDA:0,once
FNDA:0,clear
FNDA:0,listenerCount
FNDA:0,eventNames
FNDA:0,createEventBus
FNDA:0,throttle
FNDA:0,debounce
FNDA:0,ShortcutManager
FNDA:0,register
FNDA:0,unregister
FNDA:0,enable
FNDA:0,disable
FNDA:0,handleKeyDown
FNDA:0,destroy
FNDA:0,createShortcutManager
DA:1,1
DA:2,1
DA:3,1
DA:4,1
DA:5,1
DA:6,1
DA:7,1
DA:8,1
DA:9,1
DA:10,0
DA:11,1
DA:12,1
DA:13,1
DA:14,1
DA:15,1
DA:16,0
DA:17,0
DA:18,0
DA:19,0
DA:20,0
DA:21,0
DA:22,0
DA:23,0
DA:24,1
DA:25,1
DA:26,1
DA:27,1
DA:28,1
DA:29,0
DA:30,0
DA:31,0
DA:32,0
DA:33,0
DA:34,0
DA:35,0
DA:36,0
DA:37,1
DA:38,1
DA:39,1
DA:40,1
DA:41,1
DA:42,0
DA:43,0
DA:44,0
DA:45,0
DA:46,0
DA:47,0
DA:48,0
DA:49,0
DA:50,0
DA:51,0
DA:52,0
DA:53,1
DA:54,1
DA:55,1
DA:56,1
DA:57,1
DA:58,0
DA:59,0
DA:60,0
DA:61,0
DA:62,0
DA:63,0
DA:64,1
DA:65,1
DA:66,1
DA:67,1
DA:68,1
DA:69,0
DA:70,0
DA:71,1
DA:72,1
DA:73,1
DA:74,1
DA:75,1
DA:76,0
DA:77,0
DA:78,1
DA:79,1
DA:80,1
DA:81,1
DA:82,1
DA:83,0
DA:84,0
DA:85,1
DA:86,1
DA:87,1
DA:88,1
DA:89,1
DA:90,1
DA:91,0
DA:92,0
DA:93,1
DA:94,1
DA:95,1
DA:96,1
DA:97,1
DA:98,1
DA:99,0
DA:100,0
DA:101,0
DA:102,0
DA:103,0
DA:104,0
DA:105,0
DA:106,0
DA:107,0
DA:108,0
DA:109,0
DA:110,0
DA:111,0
DA:112,0
DA:113,0
DA:114,0
DA:115,0
DA:116,0
DA:117,0
DA:118,0
DA:119,0
DA:120,0
DA:121,1
DA:122,1
DA:123,1
DA:124,1
DA:125,1
DA:126,1
DA:127,1
DA:128,0
DA:129,0
DA:130,0
DA:131,0
DA:132,0
DA:133,0
DA:134,0
DA:135,0
DA:136,0
DA:137,0
DA:138,0
DA:139,0
DA:140,1
DA:141,1
DA:142,1
DA:143,1
DA:144,1
DA:145,1
DA:146,1
DA:147,1
DA:148,1
DA:149,1
DA:150,1
DA:151,1
DA:152,1
DA:153,1
DA:154,1
DA:155,1
DA:156,1
DA:157,1
DA:158,1
DA:159,0
DA:160,0
DA:161,0
DA:162,1
DA:163,1
DA:164,1
DA:165,1
DA:166,1
DA:167,0
DA:168,0
DA:169,1
DA:170,1
DA:171,1
DA:172,1
DA:173,1
DA:174,0
DA:175,0
DA:176,1
DA:177,1
DA:178,1
DA:179,1
DA:180,1
DA:181,0
DA:182,0
DA:183,1
DA:184,1
DA:185,1
DA:186,1
DA:187,1
DA:188,0
DA:189,0
DA:190,1
DA:191,1
DA:192,1
DA:193,1
DA:194,1
DA:195,0
DA:196,0
DA:197,0
DA:198,0
DA:199,0
DA:200,0
DA:201,0
DA:202,0
DA:203,0
DA:204,0
DA:205,0
DA:206,0
DA:207,0
DA:208,0
DA:209,0
DA:210,0
DA:211,1
DA:212,1
DA:213,1
DA:214,1
DA:215,1
DA:216,0
DA:217,0
DA:218,0
DA:219,1
DA:220,1
DA:221,1
DA:222,1
DA:223,1
DA:224,1
DA:225,0
DA:226,0
LF:226
LH:118
BRF:0
BRH:0
end_of_record
TN:
SF:src/tabs/assembly.ts
FN:4,t
FN:17,assemblyError
FN:38,loadAssemblyTab
FN:47,renderPage
FN:48,update
FN:49,stopAutoRefresh
FNF:6
FNH:4
FNDA:7,t
FNDA:1,assemblyError
FNDA:2,loadAssemblyTab
FNDA:1,renderPage
FNDA:0,update
FNDA:0,stopAutoRefresh
DA:1,1
DA:2,1
DA:3,1
DA:4,1
DA:5,7
DA:6,1
DA:7,1
DA:8,1
DA:9,1
DA:10,1
DA:11,1
DA:12,1
DA:13,1
DA:14,1
DA:15,1
DA:16,1
DA:17,1
DA:18,1
DA:19,1
DA:20,1
DA:21,1
DA:22,1
DA:23,1
DA:24,1
DA:25,1
DA:26,1
DA:27,1
DA:28,1
DA:29,1
DA:30,1
DA:31,1
DA:32,1
DA:33,1
DA:34,1
DA:35,1
DA:36,1
DA:37,1
DA:38,2
DA:39,2
DA:40,2
DA:41,1
DA:42,2
DA:43,1
DA:44,1
DA:45,1
DA:46,1
DA:47,1
DA:48,1
DA:49,1
DA:50,1
DA:51,1
DA:52,2
LF:52
LH:52
BRDA:12,0,0,0
BRDA:4,1,0,7
BRDA:5,2,0,0
BRDA:17,3,0,1
BRDA:21,4,0,0
BRDA:38,5,0,2
BRDA:40,6,0,1
BRDA:41,7,0,0
BRDA:42,8,0,1
BRDA:45,9,0,0
BRDA:47,10,0,1
BRF:11
BRH:6
end_of_record
TN:
SF:src/utils/base_path.ts
FN:14,normalizeBasePath
FN:24,detectBasePath
FN:35,detectBasePathFromLocation
FN:57,setBasePath
FN:65,ensureBasePath
FN:70,getBasePath
FN:80,joinBasePath
FN:98,buildStaticAssetPath
FNF:8
FNH:2
FNDA:8,normalizeBasePath
FNDA:0,detectBasePath
FNDA:0,detectBasePathFromLocation
FNDA:0,setBasePath
FNDA:0,ensureBasePath
FNDA:0,getBasePath
FNDA:4,joinBasePath
FNDA:0,buildStaticAssetPath
DA:1,1
DA:2,1
DA:3,1
DA:4,1
DA:5,1
DA:6,1
DA:7,1
DA:8,1
DA:9,1
DA:10,1
DA:11,1
DA:12,1
DA:13,1
DA:14,1
DA:15,8
DA:16,5
DA:17,8
DA:18,8
DA:19,1
DA:20,1
DA:21,8
DA:22,8
DA:23,1
DA:24,1
DA:25,0
DA:26,0
DA:27,0
DA:28,0
DA:29,0
DA:30,0
DA:31,0
DA:32,0
DA:33,0
DA:34,1
DA:35,1
DA:36,0
DA:37,0
DA:38,0
DA:39,0
DA:40,0
DA:41,0
DA:42,0
DA:43,0
DA:44,0
DA:45,0
DA:46,0
DA:47,0
DA:48,0
DA:49,0
DA:50,0
DA:51,0
DA:52,0
DA:53,0
DA:54,0
DA:55,0
DA:56,1
DA:57,1
DA:58,0
DA:59,0
DA:60,0
DA:61,0
DA:62,0
DA:63,0
DA:64,1
DA:65,1
DA:66,0
DA:67,0
DA:68,0
DA:69,1
DA:70,1
DA:71,0
DA:72,0
DA:73,0
DA:74,0
DA:75,0
DA:76,0
DA:77,0
DA:78,0
DA:79,1
DA:80,1
DA:81,4
DA:82,4
DA:83,4
DA:84,1
DA:85,1
DA:86,4
DA:87,1
DA:88,1
DA:89,4
DA:90,0
DA:91,0
DA:92,4
DA:93,1
DA:94,1
DA:95,1
DA:96,1
DA:97,1
DA:98,1
DA:99,0
DA:100,0
DA:101,0
DA:102,0
DA:103,0
DA:104,0
DA:105,0
DA:106,0
DA:107,0
LF:107
LH:50
BRDA:14,0,0,8
BRDA:15,1,0,6
BRDA:15,2,0,3
BRDA:15,3,0,5
BRDA:17,4,0,1
BRDA:17,5,0,5
BRDA:18,6,0,1
BRDA:18,7,0,1
BRDA:20,8,0,5
BRDA:21,9,0,0
BRDA:21,10,0,5
BRDA:80,11,0,4
BRDA:82,12,0,1
BRDA:83,13,0,1
BRDA:84,14,0,0
BRDA:85,15,0,3
BRDA:86,16,0,1
BRDA:87,17,0,0
BRDA:88,18,0,2
BRDA:89,19,0,0
BRDA:91,20,0,2
BRDA:92,21,0,1
BRF:22
BRH:18
end_of_record
TN:
SF:src/utils/virtualize.ts
FN:32,createVirtualizer
FN:40,render
FN:58,computeRange
FN:66,clamp
FN:71,mountRow
FN:85,unmountRow
FN:91,rerender
FN:102,onScroll
FN:126,update
FN:136,scrollToIndex
FN:145,scrollToTop
FN:152,scrollToBottom
FN:159,getVisibleRange
FN:163,destroy
FNF:14
FNH:12
FNDA:10,createVirtualizer
FNDA:0,render
FNDA:12,computeRange
FNDA:25,clamp
FNDA:94,mountRow
FNDA:0,unmountRow
FNDA:12,rerender
FNDA:1,onScroll
FNDA:1,update
FNDA:1,scrollToIndex
FNDA:1,scrollToTop
FNDA:1,scrollToBottom
FNDA:3,getVisibleRange
FNDA:10,destroy
DA:1,1
DA:2,1
DA:3,1
DA:4,1
DA:5,1
DA:6,1
DA:7,1
DA:8,1
DA:9,1
DA:10,1
DA:11,1
DA:12,1
DA:13,1
DA:14,1
DA:15,1
DA:16,1
DA:17,1
DA:18,1
DA:19,1
DA:20,1
DA:21,1
DA:22,1
DA:23,1
DA:24,1
DA:25,1
DA:26,1
DA:27,1
DA:28,1
DA:29,1
DA:30,1
DA:31,1
DA:32,1
DA:33,10
DA:34,10
DA:35,10
DA:36,10
DA:37,10
DA:38,10
DA:39,10
DA:40,10
DA:41,10
DA:42,10
DA:43,10
DA:44,10
DA:45,10
DA:46,10
DA:47,10
DA:48,10
DA:49,10
DA:50,10
DA:51,10
DA:52,10
DA:53,10
DA:54,10
DA:55,10
DA:56,10
DA:57,10
DA:58,10
DA:59,12
DA:60,12
DA:61,12
DA:62,12
DA:63,12
DA:64,12
DA:65,10
DA:66,10
DA:67,25
DA:68,23
DA:69,25
DA:70,10
DA:71,10
DA:72,94
DA:73,94
DA:74,78
DA:75,78
DA:76,78
DA:77,78
DA:78,78
DA:79,78
DA:80,78
DA:81,78
DA:82,94
DA:83,94
DA:84,10
DA:85,10
DA:86,0
DA:87,0
DA:88,0
DA:89,0
DA:90,10
DA:91,10
DA:92,12
DA:93,12
DA:94,12
DA:95,16
DA:96,16
DA:97,12
DA:98,12
DA:99,12
DA:100,12
DA:101,10
DA:102,10
DA:103,1
DA:104,1
DA:105,1
DA:106,1
DA:107,1
DA:108,1
DA:109,1
DA:110,10
DA:111,10
DA:112,10
DA:113,10
DA:114,10
DA:115,10
DA:116,0
DA:117,0
DA:118,0
DA:119,0
DA:120,0
DA:121,10
DA:122,10
DA:123,10
DA:124,10
DA:125,10
DA:126,10
DA:127,1
DA:128,1
DA:129,1
DA:130,1
DA:131,1
DA:132,1
DA:133,1
DA:134,1
DA:135,10
DA:136,10
DA:137,1
DA:138,1
DA:139,1
DA:140,1
DA:141,1
DA:142,1
DA:143,1
DA:144,10
DA:145,10
DA:146,1
DA:147,1
DA:148,1
DA:149,1
DA:150,1
DA:151,10
DA:152,10
DA:153,1
DA:154,1
DA:155,1
DA:156,1
DA:157,1
DA:158,10
DA:159,10
DA:160,3
DA:161,3
DA:162,10
DA:163,10
DA:164,10
DA:165,10
DA:166,0
DA:167,0
DA:168,10
DA:169,10
DA:170,10
DA:171,10
DA:172,10
DA:173,10
LF:173
LH:162
BRDA:32,0,0,10
BRDA:36,1,0,0
BRDA:37,2,0,8
BRDA:38,3,0,1
BRDA:40,4,0,0
BRDA:45,5,0,0
BRDA:115,6,0,0
BRDA:58,7,0,12
BRDA:66,8,0,25
BRDA:67,9,0,2
BRDA:67,10,0,23
BRDA:71,11,0,94
BRDA:73,12,0,78
BRDA:74,13,0,0
BRDA:91,14,0,12
BRDA:94,15,0,16
BRDA:95,16,0,0
BRDA:98,17,0,94
BRDA:102,18,0,1
BRDA:103,19,0,1
BRDA:126,20,0,1
BRDA:131,21,0,8
BRDA:131,22,0,0
BRDA:136,23,0,1
BRDA:141,24,0,0
BRDA:145,25,0,1
BRDA:148,26,0,0
BRDA:152,27,0,1
BRDA:155,28,0,0
BRDA:159,29,0,3
BRDA:163,30,0,10
BRDA:165,31,0,0
BRDA:168,32,0,78
BRF:33
BRH:22
end_of_record
